[08.12.2019 17:02:50.984]  *** Init session ***
[08.12.2019 17:02:51.136]  Write: 58,49,49,150,1,152,153,154,155,1,223,208,127,93,58,13,10
[08.12.2019 17:02:51.179]  Read: 58,49,49,150,1,152,153,154,155,1,223,208,127,93,58,13,10,213
[08.12.2019 17:02:51.191]  Write: 58,49,49,150,1,152,153,154,155,1,120,58,13,10
[08.12.2019 17:02:51.203]  Read: 58,49,49,150,1,152,153,154,155,1,120,58,13,10,58
[08.12.2019 17:02:51.224]  Write: 58,49,49,150,2,152,153,154,155,1,227,190,157,142,58,13,10
[08.12.2019 17:02:51.234]  Read: 58,49,49,150,2,152,153,154,155,1,227,190,157,142,58,13,10,213
[08.12.2019 17:02:51.247]  Write: 58,49,49,150,3,152,153,154,155,1,66,1,93,158,58,13,10
[08.12.2019 17:02:51.265]  Read: 58,49,49,150,3,152,153,154,155,1,66,1,93,158,58,13,10,213
[08.12.2019 17:02:51.277]  Write: 58,49,49,150,4,152,153,154,155,1,213,195,153,164,58,13,10
[08.12.2019 17:02:51.286]  Read: 58,49,49,150,4,152,153,154,155,1,213,195,153,164,58,13,10,213
[08.12.2019 17:02:51.298]  Write: 58,49,49,150,5,152,153,154,155,1,160,81,113,189,58,13,10
[08.12.2019 17:02:51.312]  Read: 58,49,49,150,5,152,153,154,155,1,160,81,113,189,58,13,10,213
[08.12.2019 17:02:51.334]  Write: 58,49,49,150,6,152,153,154,155,1,58,141,2,39,58,13,10
[08.12.2019 17:02:51.345]  Read: 58,49,49,150,6,152,153,154,155,1,58,141,2,39,58,13,10,213
[08.12.2019 17:02:51.356]  Write: 58,49,49,150,7,152,153,154,155,1,106,88,247,58,13,10
[08.12.2019 17:02:51.367]  Read: 58,49,49,150,7,152,153,154,155,1,106,88,247,58,13,10,10
[08.12.2019 17:02:51.382]  Write: 58,49,49,150,8,152,153,154,155,1,116,241,100,58,13,10
[08.12.2019 17:02:51.393]  Read: 58,49,49,150,8,152,153,154,155,1,116,241,100,58,13,10,10
[08.12.2019 17:02:51.409]  Write: 58,49,49,150,9,152,153,154,155,1,159,29,253,58,13,10
[08.12.2019 17:02:51.424]  Read: 58,49,49,150,9,152,153,154,155,1,159,29,253,58,13,10,10
[08.12.2019 17:02:51.437]  Write: 58,49,49,150,10,152,153,154,155,1,74,114,58,13,10
[08.12.2019 17:02:51.447]  Read: 58,49,49,150,10,152,153,154,155,1,74,114,58,13,10,10
[08.12.2019 17:02:51.460]  Write: 58,49,49,150,11,152,153,154,155,1,113,19,107,58,13,10
[08.12.2019 17:02:51.472]  Read: 58,49,49,150,11,152,153,154,155,1,113,19,107,58,13,10,10
[08.12.2019 17:02:51.485]  Write: 58,49,49,150,12,152,153,154,155,1,140,197,95,58,13,10
[08.12.2019 17:02:51.494]  Read: 58,49,49,150,12,152,153,154,155,1,140,197,95,58,13,10,10
[08.12.2019 17:02:51.506]  Write: 58,49,49,150,13,152,153,154,155,1,148,19,237,58,13,10
[08.12.2019 17:02:51.520]  Read: 58,49,49,150,13,152,153,154,155,1,148,19,237,58,13,10,10
[08.12.2019 17:02:51.539]  Write: 58,49,49,150,14,152,153,154,155,1,54,58,13,10
[08.12.2019 17:02:51.551]  Read: 58,49,49,150,14,152,153,154,155,1,54,58,13,10,13
[08.12.2019 17:02:51.560]  Write: 58,49,49,150,15,152,153,154,155,1,6,150,100,58,13,10
[08.12.2019 17:02:51.574]  Read: 58,49,49,150,15,152,153,154,155,1,6,150,100,58,13,10,10
[08.12.2019 17:02:51.587]  Write: 58,49,49,150,16,152,153,154,155,1,197,240,25,233,58,13,10
[08.12.2019 17:02:51.602]  Read: 58,49,49,150,16,152,153,154,155,1,197,240,25,233,58,13,10,213
[08.12.2019 17:02:51.621]  Write: 58,49,49,150,17,152,153,154,155,1,25,3,164,98,58,13,10
[08.12.2019 17:02:51.647]  Read: 58,49,49,150,17,152,153,154,155,1,25,3,164,98,58,13,10,213
[08.12.2019 17:02:51.658]  Write: 58,49,49,150,18,152,153,154,155,1,125,112,58,13,10
[08.12.2019 17:02:51.671]  Read: 58,49,49,150,18,152,153,154,155,1,125,112,58,13,10,13
[08.12.2019 17:02:51.685]  Write: 58,49,49,150,19,152,153,154,155,1,133,138,63,58,13,10
[08.12.2019 17:02:51.696]  Read: 58,49,49,150,19,152,153,154,155,1,133,138,63,58,13,10,10
[08.12.2019 17:02:51.709]  Write: 58,49,49,150,20,152,153,154,155,1,199,58,13,10
[08.12.2019 17:02:51.720]  Read: 58,49,49,150,20,152,153,154,155,1,199,58,13,10,13
[08.12.2019 17:02:51.732]  Write: 58,49,49,150,21,152,153,154,155,1,144,58,13,10
[08.12.2019 17:02:51.745]  Read: 58,49,49,150,21,152,153,154,155,1,144,58,13,10,13
[08.12.2019 17:02:51.755]  Write: 58,49,49,150,22,152,153,154,155,1,151,97,63,71,58,13,10
[08.12.2019 17:02:51.765]  Read: 58,49,49,150,22,152,153,154,155,1,151,97,63,71,58,13,10,213
[08.12.2019 17:02:51.777]  Write: 58,49,49,150,23,152,153,154,155,1,139,74,58,13,10
[08.12.2019 17:02:51.791]  Read: 58,49,49,150,23,152,153,154,155,1,139,74,58,13,10,13
[08.12.2019 17:02:51.802]  Write: 58,49,49,150,24,152,153,154,155,1,39,233,58,13,10
[08.12.2019 17:02:51.819]  Read: 58,49,49,150,24,152,153,154,155,1,39,233,58,13,10,13
[08.12.2019 17:02:51.838]  Write: 58,49,49,150,25,152,153,154,155,1,9,196,50,58,13,10
[08.12.2019 17:02:51.855]  Read: 58,49,49,150,25,152,153,154,155,1,9,196,50,58,13,10,10
[08.12.2019 17:02:51.867]  Write: 58,49,49,150,26,152,153,154,155,1,84,166,151,58,13,10
[08.12.2019 17:02:51.884]  Read: 58,49,49,150,26,152,153,154,155,1,84,166,151,58,13,10,10
[08.12.2019 17:02:51.894]  Write: 58,49,49,150,27,152,153,154,155,1,247,231,58,13,10
[08.12.2019 17:02:51.907]  Read: 58,49,49,150,27,152,153,154,155,1,247,231,58,13,10,10
[08.12.2019 17:02:51.917]  Write: 58,49,49,150,28,152,153,154,155,1,100,193,186,1,58,13,10
[08.12.2019 17:02:51.932]  Read: 58,49,49,150,28,152,153,154,155,1,100,193,186,1,58,13,10,213
[08.12.2019 17:02:51.941]  Write: 58,49,49,150,29,152,153,154,155,1,1,145,155,58,13,10
[08.12.2019 17:02:51.954]  Read: 58,49,49,150,29,152,153,154,155,1,1,145,155,58,13,10,10
[08.12.2019 17:02:51.965]  Write: 58,49,49,150,30,152,153,154,155,1,4,83,18,58,13,10
[08.12.2019 17:02:51.980]  Read: 58,49,49,150,30,152,153,154,155,1,4,83,18,58,13,10,10
[08.12.2019 17:02:51.990]  Write: 58,49,49,150,31,152,153,154,155,1,62,244,108,58,13,10
[08.12.2019 17:02:51.999]  Read: 58,49,49,150,31,152,153,154,155,1,62,244,108,58,13,10,10
[08.12.2019 17:02:52.009]  Write: 58,49,49,150,32,152,153,154,155,1,17,245,58,13,10
[08.12.2019 17:02:52.026]  Read: 58,49,49,150,32,152,153,154,155,1,17,245,58,13,10,10
[08.12.2019 17:02:52.044]  Write: 58,49,49,150,33,152,153,154,155,1,67,58,13,10
[08.12.2019 17:02:52.060]  Read: 58,49,49,150,33,152,153,154,155,1,67,58,13,10,10
[08.12.2019 17:02:52.070]  Write: 58,49,49,150,34,152,153,154,155,1,114,161,80,58,13,10
[08.12.2019 17:02:52.082]  Read: 58,49,49,150,34,152,153,154,155,1,114,161,80,58,13,10,10
[08.12.2019 17:02:52.098]  Write: 58,49,49,150,35,152,153,154,155,1,169,249,58,13,10
[08.12.2019 17:02:52.115]  Read: 58,49,49,150,35,152,153,154,155,1,169,249,58,13,10,10
[08.12.2019 17:02:52.129]  Write: 58,49,49,150,36,152,153,154,155,1,142,21,58,13,10
[08.12.2019 17:02:52.142]  Read: 58,49,49,150,36,152,153,154,155,1,142,21,58,13,10,10
[08.12.2019 17:02:52.161]  Write: 58,49,49,150,37,152,153,154,155,1,46,58,13,10
[08.12.2019 17:02:52.173]  Read: 58,49,49,150,37,152,153,154,155,1,46,58,13,10,10
[08.12.2019 17:02:52.184]  Write: 58,49,49,150,38,152,153,154,155,1,158,58,84,58,13,10
[08.12.2019 17:02:52.198]  Read: 58,49,49,150,38,152,153,154,155,1,158,58,84,58,13,10,10
[08.12.2019 17:02:52.207]  Write: 58,49,49,150,39,152,153,154,155,1,128,58,13,10
[08.12.2019 17:02:52.229]  Read: 58,49,49,150,39,152,153,154,155,1,128,58,13,10,13
[08.12.2019 17:02:52.242]  Write: 58,49,49,150,40,152,153,154,155,1,206,58,13,10
[08.12.2019 17:02:52.258]  Read: 58,49,49,150,40,152,153,154,155,1,206,58,13,10,13
[08.12.2019 17:02:52.270]  Write: 58,49,49,150,41,152,153,154,155,1,174,82,58,13,10
[08.12.2019 17:02:52.285]  Read: 58,49,49,150,41,152,153,154,155,1,174,82,58,13,10,10
[08.12.2019 17:02:52.301]  Write: 58,49,49,150,42,152,153,154,155,1,201,133,168,169,58,13,10
[08.12.2019 17:02:52.316]  Read: 58,49,49,150,42,152,153,154,155,1,201,133,168,169,58,13,10,213
[08.12.2019 17:02:52.325]  Write: 58,49,49,150,43,152,153,154,155,1,55,58,13,10
[08.12.2019 17:02:52.337]  Read: 58,49,49,150,43,152,153,154,155,1,55,58,13,10,58
[08.12.2019 17:02:52.353]  Write: 58,49,49,150,44,152,153,154,155,1,75,122,242,57,58,13,10
[08.12.2019 17:02:52.366]  Read: 58,49,49,150,44,152,153,154,155,1,75,122,242,57,58,13,10,213
[08.12.2019 17:02:52.375]  Write: 58,49,49,150,45,152,153,154,155,1,3,58,13,10
[08.12.2019 17:02:52.385]  Read: 58,49,49,150,45,152,153,154,155,1,3,58,13,10,58
[08.12.2019 17:02:52.394]  Write: 58,49,49,150,46,152,153,154,155,1,58,36,51,58,13,10
[08.12.2019 17:02:52.412]  Read: 58,49,49,150,46,152,153,154,155,1,58,36,51,58,13,10,10
[08.12.2019 17:02:52.421]  Write: 58,49,49,150,47,152,153,154,155,1,3,51,60,101,58,13,10
[08.12.2019 17:02:52.435]  Read: 58,49,49,150,47,152,153,154,155,1,3,51,60,101,58,13,10,213
[08.12.2019 17:02:52.451]  Write: 58,49,49,150,48,152,153,154,155,1,194,236,226,253,58,13,10
[08.12.2019 17:02:52.464]  Read: 58,49,49,150,48,152,153,154,155,1,194,236,226,253,58,13,10,213
[08.12.2019 17:02:52.483]  Write: 58,49,49,150,49,152,153,154,155,1,198,58,13,10
[08.12.2019 17:02:52.494]  Read: 58,49,49,150,49,152,153,154,155,1,198,58,13,10,58
[08.12.2019 17:02:52.504]  Write: 58,49,49,150,50,152,153,154,155,1,78,151,213,123,58,13,10
[08.12.2019 17:02:52.515]  Read: 58,49,49,150,50,152,153,154,155,1,78,151,213,123,58,13,10,213
[08.12.2019 17:02:52.525]  Write: 58,49,49,150,51,152,153,154,155,1,254,16,84,58,13,10
[08.12.2019 17:02:52.539]  Read: 58,49,49,150,51,152,153,154,155,1,254,16,84,58,13,10,10
[08.12.2019 17:02:52.551]  Write: 58,49,49,150,52,152,153,154,155,1,130,111,151,186,58,13,10
[08.12.2019 17:02:52.564]  Read: 58,49,49,150,52,152,153,154,155,1,130,111,151,186,58,13,10,213
[08.12.2019 17:02:52.574]  Write: 58,49,49,150,53,152,153,154,155,1,167,117,185,58,13,10
[08.12.2019 17:02:52.587]  Read: 58,49,49,150,53,152,153,154,155,1,167,117,185,58,13,10,10
[08.12.2019 17:02:52.602]  Write: 58,49,49,150,54,152,153,154,155,1,208,24,58,13,10
[08.12.2019 17:02:52.619]  Read: 58,49,49,150,54,152,153,154,155,1,208,24,58,13,10,10
[08.12.2019 17:02:52.628]  Write: 58,49,49,150,55,152,153,154,155,1,57,116,248,37,58,13,10
[08.12.2019 17:02:52.639]  Read: 58,49,49,150,55,152,153,154,155,1,57,116,248,37,58,13,10,213
[08.12.2019 17:02:52.657]  Write: 58,49,49,150,56,152,153,154,155,1,119,237,139,58,13,10
[08.12.2019 17:02:52.674]  Read: 58,49,49,150,56,152,153,154,155,1,119,237,139,58,13,10,10
[08.12.2019 17:02:52.688]  Write: 58,49,49,150,57,152,153,154,155,1,28,58,13,10
[08.12.2019 17:02:52.708]  Read: 58,49,49,150,57,152,153,154,155,1,28,58,13,10,13
[08.12.2019 17:02:52.719]  Write: 58,49,49,150,58,152,153,154,155,1,37,71,58,13,10
[08.12.2019 17:02:52.731]  Read: 58,49,49,150,58,152,153,154,155,1,37,71,58,13,10,10
[08.12.2019 17:02:52.747]  Write: 58,49,49,150,59,152,153,154,155,1,107,253,201,58,13,10
[08.12.2019 17:02:52.763]  Read: 58,49,49,150,59,152,153,154,155,1,107,253,201,58,13,10,10
[08.12.2019 17:02:52.772]  Write: 58,49,49,150,60,152,153,154,155,1,75,58,13,10
[08.12.2019 17:02:52.796]  Read: 58,49,49,150,60,152,153,154,155,1,75,58,13,10,13
[08.12.2019 17:02:52.806]  Write: 58,49,49,150,61,152,153,154,155,1,129,130,58,13,10
[08.12.2019 17:02:52.820]  Read: 58,49,49,150,61,152,153,154,155,1,129,130,58,13,10,10
[08.12.2019 17:02:52.833]  Write: 58,49,49,150,62,152,153,154,155,1,249,204,55,37,58,13,10
[08.12.2019 17:02:52.844]  Read: 58,49,49,150,62,152,153,154,155,1,249,204,55,37,58,13,10,213
[08.12.2019 17:02:52.854]  Write: 58,49,49,150,63,152,153,154,155,1,223,58,13,10
[08.12.2019 17:02:52.869]  Read: 58,49,49,150,63,152,153,154,155,1,223,58,13,10,58
[08.12.2019 17:02:52.880]  Write: 58,49,49,150,64,152,153,154,155,1,18,215,58,13,10
[08.12.2019 17:02:52.902]  Read: 58,49,49,150,64,152,153,154,155,1,18,215,58,13,10,13
[08.12.2019 17:02:52.914]  Write: 58,49,49,150,65,152,153,154,155,1,105,154,58,13,10
[08.12.2019 17:02:52.932]  Read: 58,49,49,150,65,152,153,154,155,1,105,154,58,13,10,13
[08.12.2019 17:02:52.942]  Write: 58,49,49,150,66,152,153,154,155,1,247,58,13,10
[08.12.2019 17:02:52.954]  Read: 58,49,49,150,66,152,153,154,155,1,247,58,13,10,10
[08.12.2019 17:02:52.968]  Write: 58,49,49,150,67,152,153,154,155,1,76,163,109,58,13,10
[08.12.2019 17:02:52.986]  Read: 58,49,49,150,67,152,153,154,155,1,76,163,109,58,13,10,10
[08.12.2019 17:02:52.997]  Write: 58,49,49,150,68,152,153,154,155,1,61,136,58,13,10
[08.12.2019 17:02:53.007]  Read: 58,49,49,150,68,152,153,154,155,1,61,136,58,13,10,10
[08.12.2019 17:02:53.019]  Write: 58,49,49,150,69,152,153,154,155,1,196,107,129,58,13,10
[08.12.2019 17:02:53.035]  Read: 58,49,49,150,69,152,153,154,155,1,196,107,129,58,13,10,10
[08.12.2019 17:02:53.044]  Write: 58,49,49,150,70,152,153,154,155,1,154,58,13,10
[08.12.2019 17:02:53.058]  Read: 58,49,49,150,70,152,153,154,155,1,154,58,13,10,13
[08.12.2019 17:02:53.073]  Write: 58,49,49,150,71,152,153,154,155,1,119,234,101,58,13,10
[08.12.2019 17:02:53.087]  Read: 58,49,49,150,71,152,153,154,155,1,119,234,101,58,13,10,10
[08.12.2019 17:02:53.103]  Write: 58,49,49,150,72,152,153,154,155,1,133,166,58,13,10
[08.12.2019 17:02:53.120]  Read: 58,49,49,150,72,152,153,154,155,1,133,166,58,13,10,10
[08.12.2019 17:02:53.136]  Write: 58,49,49,150,73,152,153,154,155,1,120,129,58,13,10
[08.12.2019 17:02:53.154]  Read: 58,49,49,150,73,152,153,154,155,1,120,129,58,13,10,10
[08.12.2019 17:02:53.171]  Write: 58,49,49,150,74,152,153,154,155,1,144,243,58,13,10
[08.12.2019 17:02:53.186]  Read: 58,49,49,150,74,152,153,154,155,1,144,243,58,13,10,10
[08.12.2019 17:02:53.196]  Write: 58,49,49,150,75,152,153,154,155,1,164,27,58,13,10
[08.12.2019 17:02:53.210]  Read: 58,49,49,150,75,152,153,154,155,1,164,27,58,13,10,10
[08.12.2019 17:02:53.222]  Write: 58,49,49,150,76,152,153,154,155,1,106,251,22,27,58,13,10
[08.12.2019 17:02:53.243]  Read: 58,49,49,150,76,152,153,154,155,1,106,251,22,27,58,13,10,213
[08.12.2019 17:02:53.260]  Write: 58,49,49,150,77,152,153,154,155,1,174,168,54,236,58,13,10
[08.12.2019 17:02:53.282]  Read: 58,49,49,150,77,152,153,154,155,1,174,168,54,236,58,13,10,213
[08.12.2019 17:02:53.299]  Write: 58,49,49,150,78,152,153,154,155,1,164,39,228,58,13,10
[08.12.2019 17:02:53.330]  Read: 58,49,49,150,78,152,153,154,155,1,164,39,228,58,13,10,10
[08.12.2019 17:02:53.351]  Write: 58,49,49,150,79,152,153,154,155,1,23,58,13,10
[08.12.2019 17:02:53.372]  Read: 58,49,49,150,79,152,153,154,155,1,23,58,13,10,13
[08.12.2019 17:02:53.387]  Write: 58,49,49,150,80,152,153,154,155,1,131,244,56,58,13,10
[08.12.2019 17:02:53.403]  Read: 58,49,49,150,80,152,153,154,155,1,131,244,56,58,13,10,10
[08.12.2019 17:02:53.416]  Write: 58,49,49,150,81,152,153,154,155,1,123,235,51,58,13,10
[08.12.2019 17:02:53.426]  Read: 58,49,49,150,81,152,153,154,155,1,123,235,51,58,13,10,10
[08.12.2019 17:02:53.439]  Write: 58,49,49,150,82,152,153,154,155,1,42,166,146,250,58,13,10
[08.12.2019 17:02:53.453]  Read: 58,49,49,150,82,152,153,154,155,1,42,166,146,250,58,13,10,213
[08.12.2019 17:02:53.465]  Write: 58,49,49,150,83,152,153,154,155,1,37,58,13,10
[08.12.2019 17:02:53.482]  Read: 58,49,49,150,83,152,153,154,155,1,37,58,13,10,58
[08.12.2019 17:02:53.504]  Write: 58,49,49,150,84,152,153,154,155,1,9,226,163,90,58,13,10
[08.12.2019 17:02:53.516]  Read: 58,49,49,150,84,152,153,154,155,1,9,226,163,90,58,13,10,213
[08.12.2019 17:02:53.530]  Write: 58,49,49,150,85,152,153,154,155,1,214,197,58,13,10
[08.12.2019 17:02:53.550]  Read: 58,49,49,150,85,152,153,154,155,1,214,197,58,13,10,13
[08.12.2019 17:02:53.561]  Write: 58,49,49,150,86,152,153,154,155,1,224,129,202,58,13,10
[08.12.2019 17:02:53.578]  Read: 58,49,49,150,86,152,153,154,155,1,224,129,202,58,13,10,10
[08.12.2019 17:02:53.592]  Write: 58,49,49,150,87,152,153,154,155,1,72,58,13,10
[08.12.2019 17:02:53.615]  Read: 58,49,49,150,87,152,153,154,155,1,72,58,13,10,13
[08.12.2019 17:02:53.625]  Write: 58,49,49,150,88,152,153,154,155,1,98,24,80,133,58,13,10
[08.12.2019 17:02:53.642]  Read: 58,49,49,150,88,152,153,154,155,1,98,24,80,133,58,13,10,213
[08.12.2019 17:02:53.654]  Write: 58,49,49,150,89,152,153,154,155,1,165,143,207,58,13,10
[08.12.2019 17:02:53.665]  Read: 58,49,49,150,89,152,153,154,155,1,165,143,207,58,13,10,10
[08.12.2019 17:02:53.675]  Write: 58,49,49,150,90,152,153,154,155,1,141,172,99,181,58,13,10
[08.12.2019 17:02:53.690]  Read: 58,49,49,150,90,152,153,154,155,1,141,172,99,181,58,13,10,213
[08.12.2019 17:02:53.704]  Write: 58,49,49,150,91,152,153,154,155,1,79,191,58,13,10
[08.12.2019 17:02:53.722]  Read: 58,49,49,150,91,152,153,154,155,1,79,191,58,13,10,13
[08.12.2019 17:02:53.734]  Write: 58,49,49,150,92,152,153,154,155,1,209,100,58,13,10
[08.12.2019 17:02:53.751]  Read: 58,49,49,150,92,152,153,154,155,1,209,100,58,13,10,13
[08.12.2019 17:02:53.760]  Write: 58,49,49,150,93,152,153,154,155,1,192,253,98,58,13,10
[08.12.2019 17:02:53.777]  Read: 58,49,49,150,93,152,153,154,155,1,192,253,98,58,13,10,10
[08.12.2019 17:02:53.793]  Write: 58,49,49,150,94,152,153,154,155,1,169,198,58,13,10
[08.12.2019 17:02:53.817]  Read: 58,49,49,150,94,152,153,154,155,1,169,198,58,13,10,10
[08.12.2019 17:02:53.828]  Write: 58,49,49,150,95,152,153,154,155,1,146,58,13,10
[08.12.2019 17:02:53.841]  Read: 58,49,49,150,95,152,153,154,155,1,146,58,13,10,10
[08.12.2019 17:02:53.851]  Write: 58,49,49,150,96,152,153,154,155,1,54,91,16,193,58,13,10
[08.12.2019 17:02:53.865]  Read: 58,49,49,150,96,152,153,154,155,1,54,91,16,193,58,13,10,213
[08.12.2019 17:02:53.876]  Write: 58,49,49,150,97,152,153,154,155,1,53,58,13,10
[08.12.2019 17:02:53.890]  Read: 58,49,49,150,97,152,153,154,155,1,53,58,13,10,58
[08.12.2019 17:02:53.907]  Write: 58,49,49,150,98,152,153,154,155,1,10,97,96,152,58,13,10
[08.12.2019 17:02:53.923]  Read: 58,49,49,150,98,152,153,154,155,1,10,97,96,152,58,13,10,213
[08.12.2019 17:02:53.935]  Write: 58,49,49,150,99,152,153,154,155,1,155,58,13,10
[08.12.2019 17:02:53.950]  Read: 58,49,49,150,99,152,153,154,155,1,155,58,13,10,58
[08.12.2019 17:02:53.961]  Write: 58,49,49,150,100,152,153,154,155,1,165,33,201,149,58,13,10
[08.12.2019 17:02:53.977]  Read: 58,49,49,150,100,152,153,154,155,1,165,33,201,149,58,13,10,213
[08.12.2019 17:02:53.995]  Write: 58,49,49,150,101,152,153,154,155,1,88,58,13,10
[08.12.2019 17:02:54.009]  Read: 58,49,49,150,101,152,153,154,155,1,88,58,13,10,58
[08.12.2019 17:02:54.020]  Write: 58,49,49,150,102,152,153,154,155,1,79,238,69,122,58,13,10
[08.12.2019 17:02:54.035]  Read: 58,49,49,150,102,152,153,154,155,1,79,238,69,122,58,13,10,213
[08.12.2019 17:02:54.045]  Write: 58,49,49,150,103,152,153,154,155,1,69,236,58,13,10
[08.12.2019 17:02:54.060]  Read: 58,49,49,150,103,152,153,154,155,1,69,236,58,13,10,13
[08.12.2019 17:02:54.075]  Write: 58,49,49,150,104,152,153,154,155,1,184,58,13,10
[08.12.2019 17:02:54.089]  Read: 58,49,49,150,104,152,153,154,155,1,184,58,13,10,10
[08.12.2019 17:02:54.099]  Write: 58,49,49,150,105,152,153,154,155,1,171,138,186,114,58,13,10
[08.12.2019 17:02:54.114]  Read: 58,49,49,150,105,152,153,154,155,1,171,138,186,114,58,13,10,213
[08.12.2019 17:02:54.126]  Write: 58,49,49,150,106,152,153,154,155,1,209,182,29,58,13,10
[08.12.2019 17:02:54.151]  Read: 58,49,49,150,106,152,153,154,155,1,209,182,29,58,13,10,10
[08.12.2019 17:02:54.163]  Write: 58,49,49,150,107,152,153,154,155,1,65,58,13,10
[08.12.2019 17:02:54.178]  Read: 58,49,49,150,107,152,153,154,155,1,65,58,13,10,13
[08.12.2019 17:02:54.190]  Write: 58,49,49,150,108,152,153,154,155,1,97,216,175,58,13,10
[08.12.2019 17:02:54.201]  Read: 58,49,49,150,108,152,153,154,155,1,97,216,175,58,13,10,10
[08.12.2019 17:02:54.218]  Write: 58,49,49,150,109,152,153,154,155,1,198,44,189,64,58,13,10
[08.12.2019 17:02:54.233]  Read: 58,49,49,150,109,152,153,154,155,1,198,44,189,64,58,13,10,213
[08.12.2019 17:02:54.243]  Write: 58,49,49,150,110,152,153,154,155,1,128,104,58,13,10
[08.12.2019 17:02:54.254]  Read: 58,49,49,150,110,152,153,154,155,1,128,104,58,13,10,13
[08.12.2019 17:02:54.264]  Write: 58,49,49,150,111,152,153,154,155,1,132,131,225,58,13,10
[08.12.2019 17:02:54.283]  Read: 58,49,49,150,111,152,153,154,155,1,132,131,225,58,13,10,10
[08.12.2019 17:02:54.293]  Write: 58,49,49,150,112,152,153,154,155,1,231,58,13,10
[08.12.2019 17:02:54.306]  Read: 58,49,49,150,112,152,153,154,155,1,231,58,13,10,13
[08.12.2019 17:02:54.317]  Write: 58,49,49,150,113,152,153,154,155,1,159,186,33,58,13,10
[08.12.2019 17:02:54.335]  Read: 58,49,49,150,113,152,153,154,155,1,159,186,33,58,13,10,10
[08.12.2019 17:02:54.346]  Write: 58,49,49,150,114,152,153,154,155,1,73,58,13,10
[08.12.2019 17:02:54.371]  Read: 58,49,49,150,114,152,153,154,155,1,73,58,13,10,13
[08.12.2019 17:02:54.389]  Write: 58,49,49,150,115,152,153,154,155,1,176,180,233,58,13,10
[08.12.2019 17:02:54.406]  Read: 58,49,49,150,115,152,153,154,155,1,176,180,233,58,13,10,10
[08.12.2019 17:02:54.420]  Write: 58,49,49,150,116,152,153,154,155,1,14,190,58,13,10
[08.12.2019 17:02:54.439]  Read: 58,49,49,150,116,152,153,154,155,1,14,190,58,13,10,10
[08.12.2019 17:02:54.452]  Write: 58,49,49,150,117,152,153,154,155,1,221,58,13,10
[08.12.2019 17:02:54.470]  Read: 58,49,49,150,117,152,153,154,155,1,221,58,13,10,10
[08.12.2019 17:02:54.488]  Write: 58,49,49,150,118,152,153,154,155,1,213,179,58,13,10
[08.12.2019 17:02:54.504]  Read: 58,49,49,150,118,152,153,154,155,1,213,179,58,13,10,10
[08.12.2019 17:02:54.514]  Write: 58,49,49,150,119,152,153,154,155,1,81,175,133,28,58,13,10
[08.12.2019 17:02:54.525]  Read: 58,49,49,150,119,152,153,154,155,1,81,175,133,28,58,13,10,213
[08.12.2019 17:02:54.541]  Write: 58,49,49,150,120,152,153,154,155,1,112,113,58,13,10
[08.12.2019 17:02:54.558]  Read: 58,49,49,150,120,152,153,154,155,1,112,113,58,13,10,13
[08.12.2019 17:02:54.591]  Write: 58,49,49,150,121,152,153,154,155,1,106,58,13,10
[08.12.2019 17:02:54.608]  Read: 58,49,49,150,121,152,153,154,155,1,106,58,13,10,10
[08.12.2019 17:02:54.625]  Write: 58,49,49,150,122,152,153,154,155,1,74,137,245,58,13,10
[08.12.2019 17:02:54.637]  Read: 58,49,49,150,122,152,153,154,155,1,74,137,245,58,13,10,10
[08.12.2019 17:02:54.647]  Write: 58,49,49,150,123,152,153,154,155,1,205,136,58,13,10
[08.12.2019 17:02:54.664]  Read: 58,49,49,150,123,152,153,154,155,1,205,136,58,13,10,10
[08.12.2019 17:02:54.675]  Write: 58,49,49,150,124,152,153,154,155,1,80,58,13,10
[08.12.2019 17:02:54.686]  Read: 58,49,49,150,124,152,153,154,155,1,80,58,13,10,10
[08.12.2019 17:02:54.696]  Write: 58,49,49,150,125,152,153,154,155,1,7,58,13,10
[08.12.2019 17:02:54.712]  Read: 58,49,49,150,125,152,153,154,155,1,7,58,13,10,10
[08.12.2019 17:02:54.723]  Write: 58,49,49,150,126,152,153,154,155,1,30,15,110,99,58,13,10
[08.12.2019 17:02:54.736]  Read: 58,49,49,150,126,152,153,154,155,1,30,15,110,99,58,13,10,213
[08.12.2019 17:02:54.752]  Write: 58,49,49,150,127,152,153,154,155,1,212,193,3,58,13,10
[08.12.2019 17:02:54.775]  Read: 58,49,49,150,127,152,153,154,155,1,212,193,3,58,13,10,10
[08.12.2019 17:02:54.788]  Write: 58,49,49,150,128,152,153,154,155,1,94,11,207,63,58,13,10
[08.12.2019 17:02:54.805]  Read: 58,49,49,150,128,152,153,154,155,1,94,11,207,63,58,13,10,213
[08.12.2019 17:02:54.814]  Write: 58,49,49,150,129,152,153,154,155,1,243,33,76,58,13,10
[08.12.2019 17:02:54.825]  Read: 58,49,49,150,129,152,153,154,155,1,243,33,76,58,13,10,10
[08.12.2019 17:02:54.837]  Write: 58,49,49,150,130,152,153,154,155,1,109,58,13,10
[08.12.2019 17:02:54.850]  Read: 58,49,49,150,130,152,153,154,155,1,109,58,13,10,13
[08.12.2019 17:02:54.861]  Write: 58,49,49,150,131,152,153,154,155,1,141,39,46,58,13,10
[08.12.2019 17:02:54.873]  Read: 58,49,49,150,131,152,153,154,155,1,141,39,46,58,13,10,10
[08.12.2019 17:02:54.887]  Write: 58,49,49,150,132,152,153,154,155,1,21,226,40,58,13,10
[08.12.2019 17:02:54.904]  Read: 58,49,49,150,132,152,153,154,155,1,21,226,40,58,13,10,10
[08.12.2019 17:02:54.914]  Write: 58,49,49,150,133,152,153,154,155,1,13,187,46,193,58,13,10
[08.12.2019 17:02:54.931]  Read: 58,49,49,150,133,152,153,154,155,1,13,187,46,193,58,13,10,213
[08.12.2019 17:02:54.941]  Write: 58,49,49,150,134,152,153,154,155,1,129,58,13,10
[08.12.2019 17:02:54.960]  Read: 58,49,49,150,134,152,153,154,155,1,129,58,13,10,58
[08.12.2019 17:02:54.972]  Write: 58,49,49,150,135,152,153,154,155,1,216,84,58,13,10
[08.12.2019 17:02:54.987]  Read: 58,49,49,150,135,152,153,154,155,1,216,84,58,13,10,13
[08.12.2019 17:02:55.002]  Write: 58,49,49,150,136,152,153,154,155,1,253,61,237,8,58,13,10
[08.12.2019 17:02:55.016]  Read: 58,49,49,150,136,152,153,154,155,1,253,61,237,8,58,13,10,213
[08.12.2019 17:02:55.026]  Write: 58,49,49,150,137,152,153,154,155,1,143,187,149,38,58,13,10
[08.12.2019 17:02:55.037]  Read: 58,49,49,150,137,152,153,154,155,1,143,187,149,38,58,13,10,213
[08.12.2019 17:02:55.052]  Write: 58,49,49,150,138,152,153,154,155,1,160,212,58,13,10
[08.12.2019 17:02:55.069]  Read: 58,49,49,150,138,152,153,154,155,1,160,212,58,13,10,13
[08.12.2019 17:02:55.079]  Write: 58,49,49,150,139,152,153,154,155,1,124,20,126,58,13,10
[08.12.2019 17:02:55.096]  Read: 58,49,49,150,139,152,153,154,155,1,124,20,126,58,13,10,10
[08.12.2019 17:02:55.110]  Write: 58,49,49,150,140,152,153,154,155,1,243,164,181,129,58,13,10
[08.12.2019 17:02:55.127]  Read: 58,49,49,150,140,152,153,154,155,1,243,164,181,129,58,13,10,213
[08.12.2019 17:02:55.146]  Write: 58,49,49,150,141,152,153,154,155,1,124,24,168,251,58,13,10
[08.12.2019 17:02:55.164]  Read: 58,49,49,150,141,152,153,154,155,1,124,24,168,251,58,13,10,213
[08.12.2019 17:02:55.186]  Write: 58,49,49,150,142,152,153,154,155,1,251,59,7,58,13,10
[08.12.2019 17:02:55.205]  Read: 58,49,49,150,142,152,153,154,155,1,251,59,7,58,13,10,10
[08.12.2019 17:02:55.226]  Write: 58,49,49,150,143,152,153,154,155,1,33,129,58,13,10
[08.12.2019 17:02:55.246]  Read: 58,49,49,150,143,152,153,154,155,1,33,129,58,13,10,10
[08.12.2019 17:02:55.262]  Write: 58,49,49,150,144,152,153,154,155,1,70,58,13,10
[08.12.2019 17:02:55.275]  Read: 58,49,49,150,144,152,153,154,155,1,70,58,13,10,10
[08.12.2019 17:02:55.288]  Write: 58,49,49,150,145,152,153,154,155,1,17,58,13,10
[08.12.2019 17:02:55.304]  Read: 58,49,49,150,145,152,153,154,155,1,17,58,13,10,10
[08.12.2019 17:02:55.313]  Write: 58,49,49,150,146,152,153,154,155,1,232,58,13,10
[08.12.2019 17:02:55.326]  Read: 58,49,49,150,146,152,153,154,155,1,232,58,13,10,10
[08.12.2019 17:02:55.340]  Write: 58,49,49,150,147,152,153,154,155,1,63,122,58,13,10
[08.12.2019 17:02:55.352]  Read: 58,49,49,150,147,152,153,154,155,1,63,122,58,13,10,10
[08.12.2019 17:02:55.364]  Write: 58,49,49,150,148,152,153,154,155,1,136,175,58,13,10
[08.12.2019 17:02:55.375]  Read: 58,49,49,150,148,152,153,154,155,1,136,175,58,13,10,10
[08.12.2019 17:02:55.390]  Write: 58,49,49,150,149,152,153,154,155,1,9,96,206,32,58,13,10
[08.12.2019 17:02:55.402]  Read: 58,49,49,150,149,152,153,154,155,1,9,96,206,32,58,13,10,213
[08.12.2019 17:02:55.417]  Write: 58,49,49,150,150,152,153,154,155,1,149,99,101,146,58,13,10
[08.12.2019 17:02:55.432]  Read: 58,49,49,150,150,152,153,154,155,1,149,99,101,146,58,13,10,213
[08.12.2019 17:02:55.444]  Write: 58,49,49,150,151,152,153,154,155,1,68,159,58,13,10
[08.12.2019 17:02:55.456]  Read: 58,49,49,150,151,152,153,154,155,1,68,159,58,13,10,13
[08.12.2019 17:02:55.469]  Write: 58,49,49,150,152,152,153,154,155,1,133,11,1,155,58,13,10
[08.12.2019 17:02:55.485]  Read: 58,49,49,150,152,152,153,154,155,1,133,11,1,155,58,13,10,213
[08.12.2019 17:02:55.497]  Write: 58,49,49,150,153,152,153,154,155,1,231,105,5,97,58,13,10
[08.12.2019 17:02:55.522]  Read: 58,49,49,150,153,152,153,154,155,1,231,105,5,97,58,13,10,213
[08.12.2019 17:02:55.537]  Write: 58,49,49,150,154,152,153,154,155,1,193,209,58,13,10
[08.12.2019 17:02:55.553]  Read: 58,49,49,150,154,152,153,154,155,1,193,209,58,13,10,13
[08.12.2019 17:02:55.569]  Write: 58,49,49,150,155,152,153,154,155,1,101,58,13,10
[08.12.2019 17:02:55.600]  Read: 58,49,49,150,155,152,153,154,155,1,101,58,13,10,10
[08.12.2019 17:02:55.618]  Write: 58,49,49,150,156,152,153,154,155,1,241,58,13,10
[08.12.2019 17:02:55.641]  Read: 58,49,49,150,156,152,153,154,155,1,241,58,13,10,10
[08.12.2019 17:02:55.663]  Write: 58,49,49,150,157,152,153,154,155,1,166,58,13,10
[08.12.2019 17:02:55.675]  Read: 58,49,49,150,157,152,153,154,155,1,166,58,13,10,10
[08.12.2019 17:02:55.685]  Write: 58,49,49,150,158,152,153,154,155,1,95,58,13,10
[08.12.2019 17:02:55.699]  Read: 58,49,49,150,158,152,153,154,155,1,95,58,13,10,10
[08.12.2019 17:02:55.711]  Write: 58,49,49,150,159,152,153,154,155,1,8,58,13,10
[08.12.2019 17:02:55.722]  Read: 58,49,49,150,159,152,153,154,155,1,8,58,13,10,10
[08.12.2019 17:02:55.732]  Write: 58,49,49,150,160,152,153,154,155,1,213,111,9,58,13,10
[08.12.2019 17:02:55.747]  Read: 58,49,49,150,160,152,153,154,155,1,213,111,9,58,13,10,10
[08.12.2019 17:02:55.761]  Write: 58,49,49,150,161,152,153,154,155,1,133,13,126,58,13,10
[08.12.2019 17:02:55.772]  Read: 58,49,49,150,161,152,153,154,155,1,133,13,126,58,13,10,10
[08.12.2019 17:02:55.784]  Write: 58,49,49,150,162,152,153,154,155,1,73,109,58,13,10
[08.12.2019 17:02:55.810]  Read: 58,49,49,150,162,152,153,154,155,1,73,109,58,13,10,10
[08.12.2019 17:02:55.822]  Write: 58,49,49,150,163,152,153,154,155,1,43,239,146,19,58,13,10
[08.12.2019 17:02:55.833]  Read: 58,49,49,150,163,152,153,154,155,1,43,239,146,19,58,13,10,213
[08.12.2019 17:02:55.843]  Write: 58,49,49,150,164,152,153,154,155,1,211,47,25,217,58,13,10
[08.12.2019 17:02:55.853]  Read: 58,49,49,150,164,152,153,154,155,1,211,47,25,217,58,13,10,213
[08.12.2019 17:02:55.864]  Write: 58,49,49,150,165,152,153,154,155,1,59,95,139,58,13,10
[08.12.2019 17:02:55.880]  Read: 58,49,49,150,165,152,153,154,155,1,59,95,139,58,13,10,10
[08.12.2019 17:02:55.891]  Write: 58,49,49,150,166,152,153,154,155,1,59,58,13,10
[08.12.2019 17:02:55.901]  Read: 58,49,49,150,166,152,153,154,155,1,59,58,13,10,13
[08.12.2019 17:02:55.926]  Write: 58,49,49,150,167,152,153,154,155,1,58,32,59,58,13,10
[08.12.2019 17:02:55.943]  Read: 58,49,49,150,167,152,153,154,155,1,58,32,59,58,13,10,10
[08.12.2019 17:02:55.957]  Write: 58,49,49,150,168,152,153,154,155,1,34,58,13,10
[08.12.2019 17:02:55.975]  Read: 58,49,49,150,168,152,153,154,155,1,34,58,13,10,13
[08.12.2019 17:02:55.989]  Write: 58,49,49,150,169,152,153,154,155,1,117,58,13,10
[08.12.2019 17:02:56.011]  Read: 58,49,49,150,169,152,153,154,155,1,117,58,13,10,13
[08.12.2019 17:02:56.032]  Write: 58,49,49,150,170,152,153,154,155,1,78,215,224,58,13,10
[08.12.2019 17:02:56.046]  Read: 58,49,49,150,170,152,153,154,155,1,78,215,224,58,13,10,10
[08.12.2019 17:02:56.063]  Write: 58,49,49,150,171,152,153,154,155,1,85,184,72,58,13,10
[08.12.2019 17:02:56.075]  Read: 58,49,49,150,171,152,153,154,155,1,85,184,72,58,13,10,10
[08.12.2019 17:02:56.086]  Write: 58,49,49,150,172,152,153,154,155,1,94,204,58,226,58,13,10
[08.12.2019 17:02:56.104]  Read: 58,49,49,150,172,152,153,154,155,1,94,204,58,226,58,13,10,213
[08.12.2019 17:02:56.113]  Write: 58,49,49,150,173,152,153,154,155,1,244,194,231,129,58,13,10
[08.12.2019 17:02:56.127]  Read: 58,49,49,150,173,152,153,154,155,1,244,194,231,129,58,13,10,213
[08.12.2019 17:02:56.141]  Write: 58,49,49,150,174,152,153,154,155,1,225,58,13,10
[08.12.2019 17:02:56.153]  Read: 58,49,49,150,174,152,153,154,155,1,225,58,13,10,58
[08.12.2019 17:02:56.164]  Write: 58,49,49,150,175,152,153,154,155,1,60,23,25,58,13,10
[08.12.2019 17:02:56.181]  Read: 58,49,49,150,175,152,153,154,155,1,60,23,25,58,13,10,10
[08.12.2019 17:02:56.197]  Write: 58,49,49,150,176,152,153,154,155,1,250,85,148,78,58,13,10
[08.12.2019 17:02:56.214]  Read: 58,49,49,150,176,152,153,154,155,1,250,85,148,78,58,13,10,213
[08.12.2019 17:02:56.229]  Write: 58,49,49,150,177,152,153,154,155,1,42,58,13,10
[08.12.2019 17:02:56.252]  Read: 58,49,49,150,177,152,153,154,155,1,42,58,13,10,58
[08.12.2019 17:02:56.264]  Write: 58,49,49,150,178,152,153,154,155,1,211,58,13,10
[08.12.2019 17:02:56.280]  Read: 58,49,49,150,178,152,153,154,155,1,211,58,13,10,58
[08.12.2019 17:02:56.294]  Write: 58,49,49,150,179,152,153,154,155,1,128,244,14,58,13,10
[08.12.2019 17:02:56.310]  Read: 58,49,49,150,179,152,153,154,155,1,128,244,14,58,13,10,10
[08.12.2019 17:02:56.319]  Write: 58,49,49,150,180,152,153,154,155,1,243,76,109,94,58,13,10
[08.12.2019 17:02:56.330]  Read: 58,49,49,150,180,152,153,154,155,1,243,76,109,94,58,13,10,213
[08.12.2019 17:02:56.341]  Write: 58,49,49,150,181,152,153,154,155,1,56,112,90,58,13,10
[08.12.2019 17:02:56.358]  Read: 58,49,49,150,181,152,153,154,155,1,56,112,90,58,13,10,10
[08.12.2019 17:02:56.370]  Write: 58,49,49,150,182,152,153,154,155,1,190,137,176,136,58,13,10
[08.12.2019 17:02:56.387]  Read: 58,49,49,150,182,152,153,154,155,1,190,137,176,136,58,13,10,213
[08.12.2019 17:02:56.399]  Write: 58,49,49,150,183,152,153,154,155,1,114,35,130,58,13,10
[08.12.2019 17:02:56.414]  Read: 58,49,49,150,183,152,153,154,155,1,114,35,130,58,13,10,10
[08.12.2019 17:02:56.429]  Write: 58,49,49,150,184,152,153,154,155,1,167,58,13,10
[08.12.2019 17:02:56.445]  Read: 58,49,49,150,184,152,153,154,155,1,167,58,13,10,13
[08.12.2019 17:02:56.460]  Write: 58,49,49,150,185,152,153,154,155,1,240,58,13,10
[08.12.2019 17:02:56.470]  Read: 58,49,49,150,185,152,153,154,155,1,240,58,13,10,13
[08.12.2019 17:02:56.482]  Write: 58,49,49,150,186,152,153,154,155,1,111,36,77,58,13,10
[08.12.2019 17:02:56.497]  Read: 58,49,49,150,186,152,153,154,155,1,111,36,77,58,13,10,10
[08.12.2019 17:02:56.511]  Write: 58,49,49,150,187,152,153,154,155,1,84,40,129,126,58,13,10
[08.12.2019 17:02:56.523]  Read: 58,49,49,150,187,152,153,154,155,1,84,40,129,126,58,13,10,213
[08.12.2019 17:02:56.532]  Write: 58,49,49,150,188,152,153,154,155,1,35,73,58,13,10
[08.12.2019 17:02:56.550]  Read: 58,49,49,150,188,152,153,154,155,1,35,73,58,13,10,13
[08.12.2019 17:02:56.561]  Write: 58,49,49,150,189,152,153,154,155,1,60,205,58,13,10
[08.12.2019 17:02:56.572]  Read: 58,49,49,150,189,152,153,154,155,1,60,205,58,13,10,13
[08.12.2019 17:02:56.581]  Write: 58,49,49,150,190,152,153,154,155,1,18,28,157,37,58,13,10
[08.12.2019 17:02:56.598]  Read: 58,49,49,150,190,152,153,154,155,1,18,28,157,37,58,13,10,213
[08.12.2019 17:02:56.611]  Write: 58,49,49,150,191,152,153,154,155,1,213,195,237,241,58,13,10
[08.12.2019 17:02:56.626]  Read: 58,49,49,150,191,152,153,154,155,1,213,195,237,241,58,13,10,213
[08.12.2019 17:02:56.647]  Write: 58,49,49,150,192,152,153,154,155,1,127,156,58,13,10
[08.12.2019 17:02:56.785] Error:  ReadBytes func exception: Поток находился в процессе прерывания.
[08.12.2019 17:02:58.042]  *** Init session ***
[08.12.2019 17:02:58.189]  Write: 58,49,49,150,1,152,153,154,155,1,73,196,11,88,58,13,10
[08.12.2019 17:02:58.202]  Read: 58,49,49,150,1,152,153,154,155,1,73,196,11,88,58,13,10,213
[08.12.2019 17:02:58.215]  Write: 58,49,49,150,1,152,153,154,155,1,71,130,36,212,58,13,10
[08.12.2019 17:02:58.232]  Read: 58,49,49,150,1,152,153,154,155,1,71,130,36,212,58,13,10,213
[08.12.2019 17:02:58.250]  Write: 58,49,49,150,2,152,153,154,155,1,97,193,58,13,10
[08.12.2019 17:02:58.263]  Read: 58,49,49,150,2,152,153,154,155,1,97,193,58,13,10,13
[08.12.2019 17:02:58.280]  Write: 58,49,49,150,3,152,153,154,155,1,48,213,95,24,58,13,10
[08.12.2019 17:02:58.295]  Read: 58,49,49,150,3,152,153,154,155,1,48,213,95,24,58,13,10,213
[08.12.2019 17:02:58.309]  Write: 58,49,49,150,4,152,153,154,155,1,193,152,142,58,13,10
[08.12.2019 17:02:58.327]  Read: 58,49,49,150,4,152,153,154,155,1,193,152,142,58,13,10,10
[08.12.2019 17:02:58.340]  Write: 58,49,49,150,5,152,153,154,155,1,210,37,232,23,58,13,10
[08.12.2019 17:02:58.350]  Read: 58,49,49,150,5,152,153,154,155,1,210,37,232,23,58,13,10,213
[08.12.2019 17:02:58.365]  Write: 58,49,49,150,6,152,153,154,155,1,233,251,56,17,58,13,10
[08.12.2019 17:02:58.380]  Read: 58,49,49,150,6,152,153,154,155,1,233,251,56,17,58,13,10,213
[08.12.2019 17:02:58.399]  Write: 58,49,49,150,7,152,153,154,155,1,239,186,58,13,10
[08.12.2019 17:02:58.409]  Read: 58,49,49,150,7,152,153,154,155,1,239,186,58,13,10,13
[08.12.2019 17:02:58.423]  Write: 58,49,49,150,8,152,153,154,155,1,157,181,40,58,13,10
[08.12.2019 17:02:58.439]  Read: 58,49,49,150,8,152,153,154,155,1,157,181,40,58,13,10,10
[08.12.2019 17:02:58.455]  Write: 58,49,49,150,9,152,153,154,155,1,28,160,58,13,10
[08.12.2019 17:02:58.471]  Read: 58,49,49,150,9,152,153,154,155,1,28,160,58,13,10,10
[08.12.2019 17:02:58.488]  Write: 58,49,49,150,10,152,153,154,155,1,48,151,98,41,58,13,10
[08.12.2019 17:02:58.503]  Read: 58,49,49,150,10,152,153,154,155,1,48,151,98,41,58,13,10,213
[08.12.2019 17:02:58.518]  Write: 58,49,49,150,11,152,153,154,155,1,12,58,13,10
[08.12.2019 17:02:58.535]  Read: 58,49,49,150,11,152,153,154,155,1,12,58,13,10,58
[08.12.2019 17:02:58.550]  Write: 58,49,49,150,12,152,153,154,155,1,160,251,201,66,58,13,10
[08.12.2019 17:02:58.567]  Read: 58,49,49,150,12,152,153,154,155,1,160,251,201,66,58,13,10,213
[08.12.2019 17:02:58.584]  Write: 58,49,49,150,13,152,153,154,155,1,207,58,13,10
[08.12.2019 17:02:58.599]  Read: 58,49,49,150,13,152,153,154,155,1,207,58,13,10,58
[08.12.2019 17:02:58.613]  Write: 58,49,49,150,14,152,153,154,155,1,219,242,214,58,13,10
[08.12.2019 17:02:58.630]  Read: 58,49,49,150,14,152,153,154,155,1,219,242,214,58,13,10,10
[08.12.2019 17:02:58.641]  Write: 58,49,49,150,15,152,153,154,155,1,97,58,13,10
[08.12.2019 17:02:58.666]  Read: 58,49,49,150,15,152,153,154,155,1,97,58,13,10,13
[08.12.2019 17:02:58.682]  Write: 58,49,49,150,16,152,153,154,155,1,172,153,235,58,13,10
[08.12.2019 17:02:58.696]  Read: 58,49,49,150,16,152,153,154,155,1,172,153,235,58,13,10,10
[08.12.2019 17:02:58.709]  Write: 58,49,49,150,17,152,153,154,155,1,88,60,48,58,13,10
[08.12.2019 17:02:58.726]  Read: 58,49,49,150,17,152,153,154,155,1,88,60,48,58,13,10,10
[08.12.2019 17:02:58.737]  Write: 58,49,49,150,18,152,153,154,155,1,4,58,13,10
[08.12.2019 17:02:58.754]  Read: 58,49,49,150,18,152,153,154,155,1,4,58,13,10,13
[08.12.2019 17:02:58.768]  Write: 58,49,49,150,19,152,153,154,155,1,82,23,96,61,58,13,10
[08.12.2019 17:02:58.780]  Read: 58,49,49,150,19,152,153,154,155,1,82,23,96,61,58,13,10,213
[08.12.2019 17:02:58.789]  Write: 58,49,49,150,20,152,153,154,155,1,210,164,87,94,58,13,10
[08.12.2019 17:02:58.806]  Read: 58,49,49,150,20,152,153,154,155,1,210,164,87,94,58,13,10,213
[08.12.2019 17:02:58.821]  Write: 58,49,49,150,21,152,153,154,155,1,135,183,239,151,58,13,10
[08.12.2019 17:02:58.838]  Read: 58,49,49,150,21,152,153,154,155,1,135,183,239,151,58,13,10,213
[08.12.2019 17:02:58.847]  Write: 58,49,49,150,22,152,153,154,155,1,93,164,9,58,13,10
[08.12.2019 17:02:58.863]  Read: 58,49,49,150,22,152,153,154,155,1,93,164,9,58,13,10,10
[08.12.2019 17:02:58.887]  Write: 58,49,49,150,23,152,153,154,155,1,89,158,185,127,58,13,10
[08.12.2019 17:02:58.909]  Read: 58,49,49,150,23,152,153,154,155,1,89,158,185,127,58,13,10,213
[08.12.2019 17:02:58.933]  Write: 58,49,49,150,24,152,153,154,155,1,112,58,13,10
[08.12.2019 17:02:58.954]  Read: 58,49,49,150,24,152,153,154,155,1,112,58,13,10,58
[08.12.2019 17:02:58.966]  Write: 58,49,49,150,25,152,153,154,155,1,92,221,18,18,58,13,10
[08.12.2019 17:02:58.981]  Read: 58,49,49,150,25,152,153,154,155,1,92,221,18,18,58,13,10,213
[08.12.2019 17:02:58.993]  Write: 58,49,49,150,26,152,153,154,155,1,222,58,13,10
[08.12.2019 17:02:59.015]  Read: 58,49,49,150,26,152,153,154,155,1,222,58,13,10,58
[08.12.2019 17:02:59.026]  Write: 58,49,49,150,27,152,153,154,155,1,137,58,13,10
[08.12.2019 17:02:59.042]  Read: 58,49,49,150,27,152,153,154,155,1,137,58,13,10,58
[08.12.2019 17:02:59.079]  Write: 58,49,49,150,28,152,153,154,155,1,29,58,13,10
[08.12.2019 17:02:59.097]  Read: 58,49,49,150,28,152,153,154,155,1,29,58,13,10,58
[08.12.2019 17:02:59.120]  Write: 58,49,49,150,29,152,153,154,155,1,67,9,28,233,58,13,10
[08.12.2019 17:02:59.140]  Read: 58,49,49,150,29,152,153,154,155,1,67,9,28,233,58,13,10,213
[08.12.2019 17:02:59.152]  Write: 58,49,49,150,30,152,153,154,155,1,53,220,58,13,10
[08.12.2019 17:02:59.170]  Read: 58,49,49,150,30,152,153,154,155,1,53,220,58,13,10,13
[08.12.2019 17:02:59.181]  Write: 58,49,49,150,31,152,153,154,155,1,236,222,127,45,58,13,10
[08.12.2019 17:02:59.193]  Read: 58,49,49,150,31,152,153,154,155,1,236,222,127,45,58,13,10,213
[08.12.2019 17:02:59.204]  Write: 58,49,49,150,32,152,153,154,155,1,20,58,13,10
[08.12.2019 17:02:59.221]  Read: 58,49,49,150,32,152,153,154,155,1,20,58,13,10,58
[08.12.2019 17:02:59.234]  Write: 58,49,49,150,33,152,153,154,155,1,12,19,58,13,10
[08.12.2019 17:02:59.250]  Read: 58,49,49,150,33,152,153,154,155,1,12,19,58,13,10,13
[08.12.2019 17:02:59.259]  Write: 58,49,49,150,34,152,153,154,155,1,163,233,131,44,58,13,10
[08.12.2019 17:02:59.271]  Read: 58,49,49,150,34,152,153,154,155,1,163,233,131,44,58,13,10,213
[08.12.2019 17:02:59.287]  Write: 58,49,49,150,35,152,153,154,155,1,235,69,162,197,58,13,10
[08.12.2019 17:02:59.306]  Read: 58,49,49,150,35,152,153,154,155,1,235,69,162,197,58,13,10,213
[08.12.2019 17:02:59.320]  Write: 58,49,49,150,36,152,153,154,155,1,228,63,226,196,58,13,10
[08.12.2019 17:02:59.334]  Read: 58,49,49,150,36,152,153,154,155,1,228,63,226,196,58,13,10,213
[08.12.2019 17:02:59.348]  Write: 58,49,49,150,37,152,153,154,155,1,5,88,1,58,13,10
[08.12.2019 17:02:59.362]  Read: 58,49,49,150,37,152,153,154,155,1,5,88,1,58,13,10,10
[08.12.2019 17:02:59.373]  Write: 58,49,49,150,38,152,153,154,155,1,116,4,22,58,13,10
[08.12.2019 17:02:59.390]  Read: 58,49,49,150,38,152,153,154,155,1,116,4,22,58,13,10,10
[08.12.2019 17:02:59.400]  Write: 58,49,49,150,39,152,153,154,155,1,191,235,58,13,10
[08.12.2019 17:02:59.409]  Read: 58,49,49,150,39,152,153,154,155,1,191,235,58,13,10,10
[08.12.2019 17:02:59.422]  Write: 58,49,49,150,40,152,153,154,155,1,226,20,239,58,13,10
[08.12.2019 17:02:59.434]  Read: 58,49,49,150,40,152,153,154,155,1,226,20,239,58,13,10,10
[08.12.2019 17:02:59.446]  Write: 58,49,49,150,41,152,153,154,155,1,107,90,186,27,58,13,10
[08.12.2019 17:02:59.459]  Read: 58,49,49,150,41,152,153,154,155,1,107,90,186,27,58,13,10,213
[08.12.2019 17:02:59.469]  Write: 58,49,49,150,42,152,153,154,155,1,112,197,72,253,58,13,10
[08.12.2019 17:02:59.490]  Read: 58,49,49,150,42,152,153,154,155,1,112,197,72,253,58,13,10,213
[08.12.2019 17:02:59.505]  Write: 58,49,49,150,43,152,153,154,155,1,67,60,58,13,10
[08.12.2019 17:02:59.527]  Read: 58,49,49,150,43,152,153,154,155,1,67,60,58,13,10,13
[08.12.2019 17:02:59.543]  Write: 58,49,49,150,44,152,153,154,155,1,58,51,24,58,13,10
[08.12.2019 17:02:59.557]  Read: 58,49,49,150,44,152,153,154,155,1,58,51,24,58,13,10,10
[08.12.2019 17:02:59.569]  Write: 58,49,49,150,45,152,153,154,155,1,90,246,58,13,10
[08.12.2019 17:02:59.585]  Read: 58,49,49,150,45,152,153,154,155,1,90,246,58,13,10,10
[08.12.2019 17:02:59.597]  Write: 58,49,49,150,46,152,153,154,155,1,3,58,13,10
[08.12.2019 17:02:59.610]  Read: 58,49,49,150,46,152,153,154,155,1,3,58,13,10,10
[08.12.2019 17:02:59.622]  Write: 58,49,49,150,47,152,153,154,155,1,90,58,13,10
[08.12.2019 17:02:59.636]  Read: 58,49,49,150,47,152,153,154,155,1,90,58,13,10,10
[08.12.2019 17:02:59.647]  Write: 58,49,49,150,48,152,153,154,155,1,149,209,95,73,58,13,10
[08.12.2019 17:02:59.660]  Read: 58,49,49,150,48,152,153,154,155,1,149,209,95,73,58,13,10,213
[08.12.2019 17:02:59.672]  Write: 58,49,49,150,49,152,153,154,155,1,57,189,47,50,58,13,10
[08.12.2019 17:02:59.683]  Read: 58,49,49,150,49,152,153,154,155,1,57,189,47,50,58,13,10,213
[08.12.2019 17:02:59.701]  Write: 58,49,49,150,50,152,153,154,155,1,97,106,234,58,13,10
[08.12.2019 17:02:59.717]  Read: 58,49,49,150,50,152,153,154,155,1,97,106,234,58,13,10,10
[08.12.2019 17:02:59.727]  Write: 58,49,49,150,51,152,153,154,155,1,176,189,58,13,10
[08.12.2019 17:02:59.745]  Read: 58,49,49,150,51,152,153,154,155,1,176,189,58,13,10,10
[08.12.2019 17:02:59.754]  Write: 58,49,49,150,52,152,153,154,155,1,114,25,133,58,13,10
[08.12.2019 17:02:59.770]  Read: 58,49,49,150,52,152,153,154,155,1,114,25,133,58,13,10,10
[08.12.2019 17:02:59.782]  Write: 58,49,49,150,53,152,153,154,155,1,19,24,92,58,13,10
[08.12.2019 17:02:59.797]  Read: 58,49,49,150,53,152,153,154,155,1,19,24,92,58,13,10,10
[08.12.2019 17:02:59.806]  Write: 58,49,49,150,54,152,153,154,155,1,49,132,198,58,13,10
[08.12.2019 17:02:59.817]  Read: 58,49,49,150,54,152,153,154,155,1,49,132,198,58,13,10,10
[08.12.2019 17:02:59.827]  Write: 58,49,49,150,55,152,153,154,155,1,5,58,13,10
[08.12.2019 17:02:59.841]  Read: 58,49,49,150,55,152,153,154,155,1,5,58,13,10,13
[08.12.2019 17:02:59.854]  Write: 58,49,49,150,56,152,153,154,155,1,75,58,13,10
[08.12.2019 17:02:59.866]  Read: 58,49,49,150,56,152,153,154,155,1,75,58,13,10,13
[08.12.2019 17:02:59.878]  Write: 58,49,49,150,57,152,153,154,155,1,233,159,120,58,13,10
[08.12.2019 17:02:59.889]  Read: 58,49,49,150,57,152,153,154,155,1,233,159,120,58,13,10,10
[08.12.2019 17:02:59.902]  Write: 58,49,49,150,58,152,153,154,155,1,203,36,24,43,58,13,10
[08.12.2019 17:02:59.916]  Read: 58,49,49,150,58,152,153,154,155,1,203,36,24,43,58,13,10,213
[08.12.2019 17:02:59.934]  Write: 58,49,49,150,59,152,153,154,155,1,178,58,13,10
[08.12.2019 17:02:59.952]  Read: 58,49,49,150,59,152,153,154,155,1,178,58,13,10,58
[08.12.2019 17:02:59.962]  Write: 58,49,49,150,60,152,153,154,155,1,48,250,4,133,58,13,10
[08.12.2019 17:02:59.978]  Read: 58,49,49,150,60,152,153,154,155,1,48,250,4,133,58,13,10,213
[08.12.2019 17:02:59.989]  Write: 58,49,49,150,61,152,153,154,155,1,113,58,13,10
[08.12.2019 17:03:00.002]  Read: 58,49,49,150,61,152,153,154,155,1,113,58,13,10,58
[08.12.2019 17:03:00.037]  Write: 58,49,49,150,62,152,153,154,155,1,12,50,7,58,13,10
[08.12.2019 17:03:00.058]  Read: 58,49,49,150,62,152,153,154,155,1,12,50,7,58,13,10,10
[08.12.2019 17:03:00.078]  Write: 58,49,49,150,63,152,153,154,155,1,138,44,107,58,13,10
[08.12.2019 17:03:00.095]  Read: 58,49,49,150,63,152,153,154,155,1,138,44,107,58,13,10,10
[08.12.2019 17:03:00.110]  Write: 58,49,49,150,64,152,153,154,155,1,89,58,13,10
[08.12.2019 17:03:00.142]  Read: 58,49,49,150,64,152,153,154,155,1,89,58,13,10,13
[08.12.2019 17:03:00.164]  Write: 58,49,49,150,65,152,153,154,155,1,205,162,58,13,10
[08.12.2019 17:03:00.186]  Read: 58,49,49,150,65,152,153,154,155,1,205,162,58,13,10,10
[08.12.2019 17:03:00.201]  Write: 58,49,49,150,66,152,153,154,155,1,168,59,81,58,13,10
[08.12.2019 17:03:00.220]  Read: 58,49,49,150,66,152,153,154,155,1,168,59,81,58,13,10,10
[08.12.2019 17:03:00.240]  Write: 58,49,49,150,67,152,153,154,155,1,160,58,13,10
[08.12.2019 17:03:00.256]  Read: 58,49,49,150,67,152,153,154,155,1,160,58,13,10,13
[08.12.2019 17:03:00.267]  Write: 58,49,49,150,68,152,153,154,155,1,94,65,183,58,13,10
[08.12.2019 17:03:00.284]  Read: 58,49,49,150,68,152,153,154,155,1,94,65,183,58,13,10,10
[08.12.2019 17:03:00.293]  Write: 58,49,49,150,69,152,153,154,155,1,240,63,139,58,13,10
[08.12.2019 17:03:00.311]  Read: 58,49,49,150,69,152,153,154,155,1,240,63,139,58,13,10,10
[08.12.2019 17:03:00.323]  Write: 58,49,49,150,70,152,153,154,155,1,166,184,58,13,10
[08.12.2019 17:03:00.340]  Read: 58,49,49,150,70,152,153,154,155,1,166,184,58,13,10,10
[08.12.2019 17:03:00.354]  Write: 58,49,49,150,71,152,153,154,155,1,224,153,202,86,58,13,10
[08.12.2019 17:03:00.373]  Read: 58,49,49,150,71,152,153,154,155,1,224,153,202,86,58,13,10,213
[08.12.2019 17:03:00.393]  Write: 58,49,49,150,72,152,153,154,155,1,111,188,58,13,10
[08.12.2019 17:03:00.415]  Read: 58,49,49,150,72,152,153,154,155,1,111,188,58,13,10,13
[08.12.2019 17:03:00.430]  Write: 58,49,49,150,73,152,153,154,155,1,80,190,58,13,10
[08.12.2019 17:03:00.453]  Read: 58,49,49,150,73,152,153,154,155,1,80,190,58,13,10,13
[08.12.2019 17:03:00.469]  Write: 58,49,49,150,74,152,153,154,155,1,128,160,67,58,13,10
[08.12.2019 17:03:00.484]  Read: 58,49,49,150,74,152,153,154,155,1,128,160,67,58,13,10,10
[08.12.2019 17:03:00.496]  Write: 58,49,49,150,75,152,153,154,155,1,9,171,58,13,10
[08.12.2019 17:03:00.512]  Read: 58,49,49,150,75,152,153,154,155,1,9,171,58,13,10,10
[08.12.2019 17:03:00.522]  Write: 58,49,49,150,76,152,153,154,155,1,6,230,254,189,58,13,10
[08.12.2019 17:03:00.533]  Read: 58,49,49,150,76,152,153,154,155,1,6,230,254,189,58,13,10,213
[08.12.2019 17:03:00.546]  Write: 58,49,49,150,77,152,153,154,155,1,88,35,87,58,13,10
[08.12.2019 17:03:00.569]  Read: 58,49,49,150,77,152,153,154,155,1,88,35,87,58,13,10,10
[08.12.2019 17:03:00.587]  Write: 58,49,49,150,78,152,153,154,155,1,206,67,247,147,58,13,10
[08.12.2019 17:03:00.608]  Read: 58,49,49,150,78,152,153,154,155,1,206,67,247,147,58,13,10,213
[08.12.2019 17:03:00.634]  Write: 58,49,49,150,79,152,153,154,155,1,170,128,171,58,13,10
[08.12.2019 17:03:00.652]  Read: 58,49,49,150,79,152,153,154,155,1,170,128,171,58,13,10,10
[08.12.2019 17:03:00.664]  Write: 58,49,49,150,80,152,153,154,155,1,216,104,129,58,13,10
[08.12.2019 17:03:00.677]  Read: 58,49,49,150,80,152,153,154,155,1,216,104,129,58,13,10,10
[08.12.2019 17:03:00.687]  Write: 58,49,49,150,81,152,153,154,155,1,139,58,13,10
[08.12.2019 17:03:00.704]  Read: 58,49,49,150,81,152,153,154,155,1,139,58,13,10,13
[08.12.2019 17:03:00.713]  Write: 58,49,49,150,82,152,153,154,155,1,160,106,125,58,13,10
[08.12.2019 17:03:00.728]  Read: 58,49,49,150,82,152,153,154,155,1,160,106,125,58,13,10,10
[08.12.2019 17:03:00.741]  Write: 58,49,49,150,83,152,153,154,155,1,44,152,210,8,58,13,10
[08.12.2019 17:03:00.755]  Read: 58,49,49,150,83,152,153,154,155,1,44,152,210,8,58,13,10,213
[08.12.2019 17:03:00.768]  Write: 58,49,49,150,84,152,153,154,155,1,177,58,13,10
[08.12.2019 17:03:00.784]  Read: 58,49,49,150,84,152,153,154,155,1,177,58,13,10,58
[08.12.2019 17:03:00.801]  Write: 58,49,49,150,85,152,153,154,155,1,197,10,42,58,13,10
[08.12.2019 17:03:00.816]  Read: 58,49,49,150,85,152,153,154,155,1,197,10,42,58,13,10,10
[08.12.2019 17:03:00.827]  Write: 58,49,49,150,86,152,153,154,155,1,31,58,13,10
[08.12.2019 17:03:00.841]  Read: 58,49,49,150,86,152,153,154,155,1,31,58,13,10,13
[08.12.2019 17:03:00.854]  Write: 58,49,49,150,87,152,153,154,155,1,72,58,13,10
[08.12.2019 17:03:00.864]  Read: 58,49,49,150,87,152,153,154,155,1,72,58,13,10,13
[08.12.2019 17:03:00.874]  Write: 58,49,49,150,88,152,153,154,155,1,6,58,13,10
[08.12.2019 17:03:00.884]  Read: 58,49,49,150,88,152,153,154,155,1,6,58,13,10,13
[08.12.2019 17:03:00.893]  Write: 58,49,49,150,89,152,153,154,155,1,23,200,88,3,58,13,10
[08.12.2019 17:03:00.905]  Read: 58,49,49,150,89,152,153,154,155,1,23,200,88,3,58,13,10,213
[08.12.2019 17:03:00.917]  Write: 58,49,49,150,90,152,153,154,155,1,129,14,58,13,10
[08.12.2019 17:03:00.933]  Read: 58,49,49,150,90,152,153,154,155,1,129,14,58,13,10,13
[08.12.2019 17:03:00.943]  Write: 58,49,49,150,91,152,153,154,155,1,231,250,58,13,10
[08.12.2019 17:03:00.962]  Read: 58,49,49,150,91,152,153,154,155,1,231,250,58,13,10,13
[08.12.2019 17:03:00.976]  Write: 58,49,49,150,92,152,153,154,155,1,213,160,58,13,10
[08.12.2019 17:03:00.995]  Read: 58,49,49,150,92,152,153,154,155,1,213,160,58,13,10,13
[08.12.2019 17:03:01.008]  Write: 58,49,49,150,93,152,153,154,155,1,157,162,18,237,58,13,10
[08.12.2019 17:03:01.024]  Read: 58,49,49,150,93,152,153,154,155,1,157,162,18,237,58,13,10,213
[08.12.2019 17:03:01.035]  Write: 58,49,49,150,94,152,153,154,155,1,238,144,255,58,13,10
[08.12.2019 17:03:01.049]  Read: 58,49,49,150,94,152,153,154,155,1,238,144,255,58,13,10,10
[08.12.2019 17:03:01.060]  Write: 58,49,49,150,95,152,153,154,155,1,42,6,58,13,10
[08.12.2019 17:03:01.075]  Read: 58,49,49,150,95,152,153,154,155,1,42,6,58,13,10,10
[08.12.2019 17:03:01.091]  Write: 58,49,49,150,96,152,153,154,155,1,230,190,58,13,10
[08.12.2019 17:03:01.103]  Read: 58,49,49,150,96,152,153,154,155,1,230,190,58,13,10,10
[08.12.2019 17:03:01.114]  Write: 58,49,49,150,97,152,153,154,155,1,158,234,217,32,58,13,10
[08.12.2019 17:03:01.124]  Read: 58,49,49,150,97,152,153,154,155,1,158,234,217,32,58,13,10,213
[08.12.2019 17:03:01.139]  Write: 58,49,49,150,98,152,153,154,155,1,43,86,58,13,10
[08.12.2019 17:03:01.152]  Read: 58,49,49,150,98,152,153,154,155,1,43,86,58,13,10,13
[08.12.2019 17:03:01.168]  Write: 58,49,49,150,99,152,153,154,155,1,155,93,121,58,13,10
[08.12.2019 17:03:01.183]  Read: 58,49,49,150,99,152,153,154,155,1,155,93,121,58,13,10,10
[08.12.2019 17:03:01.201]  Write: 58,49,49,150,100,152,153,154,155,1,147,29,239,203,58,13,10
[08.12.2019 17:03:01.224]  Read: 58,49,49,150,100,152,153,154,155,1,147,29,239,203,58,13,10,213
[08.12.2019 17:03:01.244]  Write: 58,49,49,150,101,152,153,154,155,1,146,184,96,228,58,13,10
[08.12.2019 17:03:01.263]  Read: 58,49,49,150,101,152,153,154,155,1,146,184,96,228,58,13,10,213
[08.12.2019 17:03:01.288]  Write: 58,49,49,150,102,152,153,154,155,1,230,170,58,13,10
[08.12.2019 17:03:01.305]  Read: 58,49,49,150,102,152,153,154,155,1,230,170,58,13,10,13
[08.12.2019 17:03:01.320]  Write: 58,49,49,150,103,152,153,154,155,1,211,96,148,190,58,13,10
[08.12.2019 17:03:01.339]  Read: 58,49,49,150,103,152,153,154,155,1,211,96,148,190,58,13,10,213
[08.12.2019 17:03:01.354]  Write: 58,49,49,150,104,152,153,154,155,1,143,246,192,59,58,13,10
[08.12.2019 17:03:01.372]  Read: 58,49,49,150,104,152,153,154,155,1,143,246,192,59,58,13,10,213
[08.12.2019 17:03:01.389]  Write: 58,49,49,150,105,152,153,154,155,1,206,183,58,13,10
[08.12.2019 17:03:01.406]  Read: 58,49,49,150,105,152,153,154,155,1,206,183,58,13,10,13
[08.12.2019 17:03:01.418]  Write: 58,49,49,150,106,152,153,154,155,1,22,58,13,10
[08.12.2019 17:03:01.435]  Read: 58,49,49,150,106,152,153,154,155,1,22,58,13,10,10
[08.12.2019 17:03:01.447]  Write: 58,49,49,150,107,152,153,154,155,1,16,228,22,58,13,10
[08.12.2019 17:03:01.463]  Read: 58,49,49,150,107,152,153,154,155,1,16,228,22,58,13,10,10
[08.12.2019 17:03:01.477]  Write: 58,49,49,150,108,152,153,154,155,1,213,58,13,10
[08.12.2019 17:03:01.488]  Read: 58,49,49,150,108,152,153,154,155,1,213,58,13,10,13
[08.12.2019 17:03:01.498]  Write: 58,49,49,150,109,152,153,154,155,1,120,222,126,106,58,13,10
[08.12.2019 17:03:01.512]  Read: 58,49,49,150,109,152,153,154,155,1,120,222,126,106,58,13,10,213
[08.12.2019 17:03:01.527]  Write: 58,49,49,150,110,152,153,154,155,1,123,58,13,10
[08.12.2019 17:03:01.538]  Read: 58,49,49,150,110,152,153,154,155,1,123,58,13,10,58
[08.12.2019 17:03:01.550]  Write: 58,49,49,150,111,152,153,154,155,1,199,43,58,13,10
[08.12.2019 17:03:01.566]  Read: 58,49,49,150,111,152,153,154,155,1,199,43,58,13,10,13
[08.12.2019 17:03:01.583]  Write: 58,49,49,150,112,152,153,154,155,1,226,245,58,13,10
[08.12.2019 17:03:01.607]  Read: 58,49,49,150,112,152,153,154,155,1,226,245,58,13,10,13
[08.12.2019 17:03:01.619]  Write: 58,49,49,150,113,152,153,154,155,1,176,58,13,10
[08.12.2019 17:03:01.636]  Read: 58,49,49,150,113,152,153,154,155,1,176,58,13,10,10
[08.12.2019 17:03:01.647]  Write: 58,49,49,150,114,152,153,154,155,1,127,99,58,13,10
[08.12.2019 17:03:01.663]  Read: 58,49,49,150,114,152,153,154,155,1,127,99,58,13,10,13
[08.12.2019 17:03:01.692]  Write: 58,49,49,150,115,152,153,154,155,1,40,39,249,58,13,10
[08.12.2019 17:03:01.710]  Read: 58,49,49,150,115,152,153,154,155,1,40,39,249,58,13,10,10
[08.12.2019 17:03:01.721]  Write: 58,49,49,150,116,152,153,154,155,1,138,58,13,10
[08.12.2019 17:03:01.732]  Read: 58,49,49,150,116,152,153,154,155,1,138,58,13,10,13
[08.12.2019 17:03:01.743]  Write: 58,49,49,150,117,152,153,154,155,1,221,58,13,10
[08.12.2019 17:03:01.758]  Read: 58,49,49,150,117,152,153,154,155,1,221,58,13,10,13
[08.12.2019 17:03:01.768]  Write: 58,49,49,150,118,152,153,154,155,1,67,75,18,218,58,13,10
[08.12.2019 17:03:01.781]  Read: 58,49,49,150,118,152,153,154,155,1,67,75,18,218,58,13,10,213
[08.12.2019 17:03:01.798]  Write: 58,49,49,150,119,152,153,154,155,1,10,112,58,13,10
[08.12.2019 17:03:01.826]  Read: 58,49,49,150,119,152,153,154,155,1,10,112,58,13,10,13
[08.12.2019 17:03:01.848]  Write: 58,49,49,150,120,152,153,154,155,1,74,88,107,77,58,13,10
[08.12.2019 17:03:01.864]  Read: 58,49,49,150,120,152,153,154,155,1,74,88,107,77,58,13,10,213
[08.12.2019 17:03:01.880]  Write: 58,49,49,150,121,152,153,154,155,1,106,58,13,10
[08.12.2019 17:03:01.892]  Read: 58,49,49,150,121,152,153,154,155,1,106,58,13,10,58
[08.12.2019 17:03:01.904]  Write: 58,49,49,150,122,152,153,154,155,1,40,51,130,23,58,13,10
[08.12.2019 17:03:01.919]  Read: 58,49,49,150,122,152,153,154,155,1,40,51,130,23,58,13,10,213
[08.12.2019 17:03:01.947]  Write: 58,49,49,150,123,152,153,154,155,1,196,58,13,10
[08.12.2019 17:03:01.961]  Read: 58,49,49,150,123,152,153,154,155,1,196,58,13,10,58
[08.12.2019 17:03:01.973]  Write: 58,49,49,150,124,152,153,154,155,1,235,26,217,156,58,13,10
[08.12.2019 17:03:01.990]  Read: 58,49,49,150,124,152,153,154,155,1,235,26,217,156,58,13,10,213
[08.12.2019 17:03:02.007]  Write: 58,49,49,150,125,152,153,154,155,1,113,145,46,170,58,13,10
[08.12.2019 17:03:02.024]  Read: 58,49,49,150,125,152,153,154,155,1,113,145,46,170,58,13,10,213
[08.12.2019 17:03:02.041]  Write: 58,49,49,150,126,152,153,154,155,1,125,132,176,58,13,10
[08.12.2019 17:03:02.057]  Read: 58,49,49,150,126,152,153,154,155,1,125,132,176,58,13,10,10
[08.12.2019 17:03:02.067]  Write: 58,49,49,150,127,152,153,154,155,1,15,67,203,58,13,10
[08.12.2019 17:03:02.081]  Read: 58,49,49,150,127,152,153,154,155,1,15,67,203,58,13,10,10
[08.12.2019 17:03:02.092]  Write: 58,49,49,150,128,152,153,154,155,1,67,151,141,58,13,10
[08.12.2019 17:03:02.104]  Read: 58,49,49,150,128,152,153,154,155,1,67,151,141,58,13,10,10
[08.12.2019 17:03:02.160]  Write: 58,49,49,150,129,152,153,154,155,1,148,58,13,10
[08.12.2019 17:03:02.168]  Read: 58,49,49,150,129,152,153,154,155,1,148,58,13,10,13
[08.12.2019 17:03:02.181]  Write: 58,49,49,150,130,152,153,154,155,1,205,153,78,58,13,10
[08.12.2019 17:03:02.198]  Read: 58,49,49,150,130,152,153,154,155,1,205,153,78,58,13,10,10
[08.12.2019 17:03:02.212]  Write: 58,49,49,150,131,152,153,154,155,1,58,58,13,10
[08.12.2019 17:03:02.231]  Read: 58,49,49,150,131,152,153,154,155,1,58,58,13,10,13
[08.12.2019 17:03:02.250]  Write: 58,49,49,150,132,152,153,154,155,1,110,239,69,58,13,10
[08.12.2019 17:03:02.262]  Read: 58,49,49,150,132,152,153,154,155,1,110,239,69,58,13,10,10
[08.12.2019 17:03:02.277]  Write: 58,49,49,150,133,152,153,154,155,1,249,58,13,10
[08.12.2019 17:03:02.294]  Read: 58,49,49,150,133,152,153,154,155,1,249,58,13,10,13
[08.12.2019 17:03:02.329]  Write: 58,49,49,150,134,152,153,154,155,1,234,177,193,58,13,10
[08.12.2019 17:03:02.342]  Read: 58,49,49,150,134,152,153,154,155,1,234,177,193,58,13,10,10
[08.12.2019 17:03:02.365]  Write: 58,49,49,150,135,152,153,154,155,1,186,141,58,13,10
[08.12.2019 17:03:02.396]  Read: 58,49,49,150,135,152,153,154,155,1,186,141,58,13,10,10
[08.12.2019 17:03:02.410]  Write: 58,49,49,150,136,152,153,154,155,1,223,69,227,238,58,13,10
[08.12.2019 17:03:02.427]  Read: 58,49,49,150,136,152,153,154,155,1,223,69,227,238,58,13,10,213
[08.12.2019 17:03:02.439]  Write: 58,49,49,150,137,152,153,154,155,1,78,58,13,10
[08.12.2019 17:03:02.476]  Read: 58,49,49,150,137,152,153,154,155,1,78,58,13,10,58
[08.12.2019 17:03:02.490]  Write: 58,49,49,150,138,152,153,154,155,1,183,58,13,10
[08.12.2019 17:03:02.511]  Read: 58,49,49,150,138,152,153,154,155,1,183,58,13,10,58
[08.12.2019 17:03:02.528]  Write: 58,49,49,150,139,152,153,154,155,1,76,129,58,13,10
[08.12.2019 17:03:02.540]  Read: 58,49,49,150,139,152,153,154,155,1,76,129,58,13,10,13
[08.12.2019 17:03:02.552]  Write: 58,49,49,150,140,152,153,154,155,1,178,28,206,58,13,10
[08.12.2019 17:03:02.565]  Read: 58,49,49,150,140,152,153,154,155,1,178,28,206,58,13,10,10
[08.12.2019 17:03:02.581]  Write: 58,49,49,150,141,152,153,154,155,1,239,133,145,58,13,10
[08.12.2019 17:03:02.596]  Read: 58,49,49,150,141,152,153,154,155,1,239,133,145,58,13,10,10
[08.12.2019 17:03:02.611]  Write: 58,49,49,150,142,152,153,154,155,1,58,193,58,13,10
[08.12.2019 17:03:02.628]  Read: 58,49,49,150,142,152,153,154,155,1,58,193,58,13,10,10
[08.12.2019 17:03:02.638]  Write: 58,49,49,150,143,152,153,154,155,1,141,58,13,10
[08.12.2019 17:03:02.652]  Read: 58,49,49,150,143,152,153,154,155,1,141,58,13,10,10
[08.12.2019 17:03:02.667]  Write: 58,49,49,150,144,152,153,154,155,1,210,53,33,42,58,13,10
[08.12.2019 17:03:02.683]  Read: 58,49,49,150,144,152,153,154,155,1,210,53,33,42,58,13,10,213
[08.12.2019 17:03:02.698]  Write: 58,49,49,150,145,152,153,154,155,1,181,160,128,58,13,10
[08.12.2019 17:03:02.708]  Read: 58,49,49,150,145,152,153,154,155,1,181,160,128,58,13,10,10
[08.12.2019 17:03:02.724]  Write: 58,49,49,150,146,152,153,154,155,1,89,172,228,58,13,10
[08.12.2019 17:03:02.740]  Read: 58,49,49,150,146,152,153,154,155,1,89,172,228,58,13,10,10
[08.12.2019 17:03:02.749]  Write: 58,49,49,150,147,152,153,154,155,1,174,189,166,105,58,13,10
[08.12.2019 17:03:02.764]  Read: 58,49,49,150,147,152,153,154,155,1,174,189,166,105,58,13,10,213
[08.12.2019 17:03:02.777]  Write: 58,49,49,150,148,152,153,154,155,1,9,228,58,13,10
[08.12.2019 17:03:02.794]  Read: 58,49,49,150,148,152,153,154,155,1,9,228,58,13,10,13
[08.12.2019 17:03:02.806]  Write: 58,49,49,150,149,152,153,154,155,1,168,185,202,100,58,13,10
[08.12.2019 17:03:02.820]  Read: 58,49,49,150,149,152,153,154,155,1,168,185,202,100,58,13,10,213
[08.12.2019 17:03:02.830]  Write: 58,49,49,150,150,152,153,154,155,1,91,27,58,13,10
[08.12.2019 17:03:02.877] Error:  ReadBytes func exception: Поток находился в процессе прерывания.
