[31.08.2019 17:12:58.839]  *** Init session ***
[31.08.2019 17:12:58.990]  Write: 1,149,150,151,152,153,154,155,1,1,34,1,1,1,1,15,13
[31.08.2019 17:12:59.009]  Read: 1,149,150,151,152,153,154,155,1,1,34,1,1,1,1,15,13
[31.08.2019 17:12:59.026]  Write: 1,149,150,151,152,153,154,155,1,1,226,1,1,1,1,98,13
[31.08.2019 17:12:59.040]  Read: 1,149,150,151,152,153,154,155,1,1,226,1,1,1,1,98,13
[31.08.2019 17:12:59.054]  Write: 2,149,150,151,152,153,154,155,1,1,211,1,1,1,1,146,13
[31.08.2019 17:12:59.072]  Read: 2,149,150,151,152,153,154,155,1,1,211,1,1,1,1,146,13
[31.08.2019 17:12:59.082]  Write: 3,149,150,151,152,153,154,155,1,1,23,1,1,1,1,151,13
[31.08.2019 17:12:59.105]  Read: 3,149,150,151,152,153,154,155,1,1,23,1,1,1,1,151,13
[31.08.2019 17:12:59.115]  Write: 4,149,150,151,152,153,154,155,1,1,150,1,1,1,1,222,13
[31.08.2019 17:12:59.138]  Read: 4,149,150,151,152,153,154,155,1,1,150,1,1,1,1,222,13
[31.08.2019 17:12:59.148]  Write: 5,149,150,151,152,153,154,155,1,1,182,1,1,1,1,78,13
[31.08.2019 17:12:59.169]  Read: 5,149,150,151,152,153,154,155,1,1,182,1,1,1,1,78,13
[31.08.2019 17:12:59.184]  Write: 6,149,150,151,152,153,154,155,1,1,124,1,1,1,1,45,13
[31.08.2019 17:12:59.201]  Read: 6,149,150,151,152,153,154,155,1,1,124,1,1,1,1,45,13
[31.08.2019 17:12:59.208]  Write: 7,149,150,151,152,153,154,155,1,1,2,1,1,1,1,73,13
[31.08.2019 17:12:59.233]  Read: 7,149,150,151,152,153,154,155,1,1,2,1,1,1,1,73,13
[31.08.2019 17:12:59.240]  Write: 8,149,150,151,152,153,154,155,1,1,134,1,1,1,1,32,13
[31.08.2019 17:12:59.265]  Read: 8,149,150,151,152,153,154,155,1,1,134,1,1,1,1,32,13
[31.08.2019 17:12:59.272]  Write: 9,149,150,151,152,153,154,155,1,1,186,1,1,1,1,237,13
[31.08.2019 17:12:59.297]  Read: 9,149,150,151,152,153,154,155,1,1,186,1,1,1,1,237,13
[31.08.2019 17:12:59.304]  Write: 10,149,150,151,152,153,154,155,1,1,10,1,1,1,1,98,13
[31.08.2019 17:12:59.328]  Read: 10,149,150,151,152,153,154,155,1,1,10,1,1,1,1,98,13
[31.08.2019 17:12:59.335]  Write: 11,149,150,151,152,153,154,155,1,1,137,1,1,1,1,253,13
[31.08.2019 17:12:59.362]  Read: 11,149,150,151,152,153,154,155,1,1,137,1,1,1,1,253,13
[31.08.2019 17:12:59.368]  Write: 12,149,150,151,152,153,154,155,1,1,231,1,1,1,1,91,13
[31.08.2019 17:12:59.393]  Read: 12,149,150,151,152,153,154,155,1,1,231,1,1,1,1,91,13
[31.08.2019 17:12:59.400]  Write: 1,149,150,151,152,153,154,155,1,1,107,1,1,1,1,35,13
[31.08.2019 17:12:59.425]  Read: 1,149,150,151,152,153,154,155,1,1,107,1,1,1,1,35,13
[31.08.2019 17:12:59.432]  Write: 14,149,150,151,152,153,154,155,1,1,29,1,1,1,1,212,13
[31.08.2019 17:12:59.457]  Read: 14,149,150,151,152,153,154,155,1,1,29,1,1,1,1,212,13
[31.08.2019 17:12:59.464]  Write: 15,149,150,151,152,153,154,155,1,1,254,1,1,1,1,114,13
[31.08.2019 17:12:59.489]  Read: 15,149,150,151,152,153,154,155,1,1,254,1,1,1,1,114,13
[31.08.2019 17:12:59.496]  Write: 16,149,150,151,152,153,154,155,1,1,70,1,1,1,1,103,13
[31.08.2019 17:12:59.521]  Read: 16,149,150,151,152,153,154,155,1,1,70,1,1,1,1,103,13
[31.08.2019 17:12:59.528]  Write: 17,149,150,151,152,153,154,155,1,1,41,1,1,1,1,83,13
[31.08.2019 17:12:59.553]  Read: 17,149,150,151,152,153,154,155,1,1,41,1,1,1,1,83,13
[31.08.2019 17:12:59.561]  Write: 18,149,150,151,152,153,154,155,1,1,184,1,1,1,1,247,13
[31.08.2019 17:12:59.585]  Read: 18,149,150,151,152,153,154,155,1,1,184,1,1,1,1,247,13
[31.08.2019 17:12:59.592]  Write: 19,149,150,151,152,153,154,155,1,1,9,1,1,1,1,123,13
[31.08.2019 17:12:59.617]  Read: 19,149,150,151,152,153,154,155,1,1,9,1,1,1,1,123,13
[31.08.2019 17:12:59.625]  Write: 20,149,150,151,152,153,154,155,1,1,26,1,1,1,1,106,13
[31.08.2019 17:12:59.652]  Read: 20,149,150,151,152,153,154,155,1,1,26,1,1,1,1,106,13
[31.08.2019 17:12:59.659]  Write: 21,149,150,151,152,153,154,155,1,1,111,1,1,1,1,139,13
[31.08.2019 17:12:59.685]  Read: 21,149,150,151,152,153,154,155,1,1,111,1,1,1,1,139,13
[31.08.2019 17:12:59.693]  Write: 22,149,150,151,152,153,154,155,1,1,163,1,1,1,1,96,13
[31.08.2019 17:12:59.717]  Read: 22,149,150,151,152,153,154,155,1,1,163,1,1,1,1,96,13
[31.08.2019 17:12:59.725]  Write: 23,149,150,151,152,153,154,155,1,1,149,1,1,1,1,4,13
[31.08.2019 17:12:59.748]  Read: 23,149,150,151,152,153,154,155,1,1,149,1,1,1,1,4,13
[31.08.2019 17:12:59.757]  Write: 24,149,150,151,152,153,154,155,1,1,163,1,1,1,1,50,13
[31.08.2019 17:12:59.781]  Read: 24,149,150,151,152,153,154,155,1,1,163,1,1,1,1,50,13
[31.08.2019 17:12:59.789]  Write: 25,149,150,151,152,153,154,155,1,1,196,1,1,1,1,56,13
[31.08.2019 17:12:59.829]  Read: 25,149,150,151,152,153,154,155,1,1,196,1,1,1,1,56,13
[31.08.2019 17:12:59.837]  Write: 26,149,150,151,152,153,154,155,1,1,112,1,1,1,1,168,13
[31.08.2019 17:12:59.861]  Read: 26,149,150,151,152,153,154,155,1,1,112,1,1,1,1,168,13
[31.08.2019 17:12:59.869]  Write: 27,149,150,151,152,153,154,155,1,1,51,1,1,1,1,69,13
[31.08.2019 17:12:59.893]  Read: 27,149,150,151,152,153,154,155,1,1,51,1,1,1,1,69,13
[31.08.2019 17:12:59.901]  Write: 28,149,150,151,152,153,154,155,1,1,27,1,1,1,1,170,13
[31.08.2019 17:12:59.925]  Read: 28,149,150,151,152,153,154,155,1,1,27,1,1,1,1,170,13
[31.08.2019 17:12:59.942]  Write: 29,149,150,151,152,153,154,155,1,1,37,1,1,1,1,240,13
[31.08.2019 17:12:59.957]  Read: 29,149,150,151,152,153,154,155,1,1,37,1,1,1,1,240,13
[31.08.2019 17:12:59.965]  Write: 30,149,150,151,152,153,154,155,1,1,63,1,1,1,1,157,13
[31.08.2019 17:12:59.989]  Read: 30,149,150,151,152,153,154,155,1,1,63,1,1,1,1,157,13
[31.08.2019 17:12:59.997]  Write: 31,149,150,151,152,153,154,155,1,1,161,1,1,1,1,140,13
[31.08.2019 17:13:00.020]  Read: 31,149,150,151,152,153,154,155,1,1,161,1,1,1,1,140,13
[31.08.2019 17:13:00.028]  Write: 32,149,150,151,152,153,154,155,1,1,74,1,1,1,1,97,13
[31.08.2019 17:13:00.052]  Read: 32,149,150,151,152,153,154,155,1,1,74,1,1,1,1,97,13
[31.08.2019 17:13:00.060]  Write: 33,149,150,151,152,153,154,155,1,1,253,1,1,1,1,40,13
[31.08.2019 17:13:00.084]  Read: 33,149,150,151,152,153,154,155,1,1,253,1,1,1,1,40,13
[31.08.2019 17:13:00.092]  Write: 34,149,150,151,152,153,154,155,1,1,84,1,1,1,1,54,13
[31.08.2019 17:13:00.116]  Read: 34,149,150,151,152,153,154,155,1,1,84,1,1,1,1,54,13
[31.08.2019 17:13:00.124]  Write: 35,149,150,151,152,153,154,155,1,1,241,1,1,1,1,217,13
[31.08.2019 17:13:00.149]  Read: 35,149,150,151,152,153,154,155,1,1,241,1,1,1,1,217,13
[31.08.2019 17:13:00.157]  Write: 36,149,150,151,152,153,154,155,1,1,211,1,1,1,1,159,13
[31.08.2019 17:13:00.181]  Read: 36,149,150,151,152,153,154,155,1,1,211,1,1,1,1,159,13
[31.08.2019 17:13:00.189]  Write: 37,149,150,151,152,153,154,155,1,1,219,1,1,1,1,201,13
[31.08.2019 17:13:00.212]  Read: 37,149,150,151,152,153,154,155,1,1,219,1,1,1,1,201,13
[31.08.2019 17:13:00.220]  Write: 38,149,150,151,152,153,154,155,1,1,11,1,1,1,1,127,13
[31.08.2019 17:13:00.245]  Read: 38,149,150,151,152,153,154,155,1,1,11,1,1,1,1,127,13
[31.08.2019 17:13:00.253]  Write: 39,149,150,151,152,153,154,155,1,1,115,1,1,1,1,108,13
[31.08.2019 17:13:00.277]  Read: 39,149,150,151,152,153,154,155,1,1,115,1,1,1,1,108,13
[31.08.2019 17:13:00.285]  Write: 40,149,150,151,152,153,154,155,1,1,2,1,1,1,1,192,13
[31.08.2019 17:13:00.309]  Read: 40,149,150,151,152,153,154,155,1,1,2,1,1,1,1,192,13
[31.08.2019 17:13:00.317]  Write: 41,149,150,151,152,153,154,155,1,1,149,1,1,1,1,60,13
[31.08.2019 17:13:00.341]  Read: 41,149,150,151,152,153,154,155,1,1,149,1,1,1,1,60,13
[31.08.2019 17:13:00.348]  Write: 42,149,150,151,152,153,154,155,1,1,197,1,1,1,1,57,13
[31.08.2019 17:13:00.373]  Read: 42,149,150,151,152,153,154,155,1,1,197,1,1,1,1,57,13
[31.08.2019 17:13:00.381]  Write: 43,149,150,151,152,153,154,155,1,1,69,1,1,1,1,226,13
[31.08.2019 17:13:00.405]  Read: 43,149,150,151,152,153,154,155,1,1,69,1,1,1,1,226,13
[31.08.2019 17:13:00.413]  Write: 44,149,150,151,152,153,154,155,1,1,64,1,1,1,1,7,13
[31.08.2019 17:13:00.437]  Read: 44,149,150,151,152,153,154,155,1,1,64,1,1,1,1,7,13
[31.08.2019 17:13:00.445]  Write: 45,149,150,151,152,153,154,155,1,1,175,1,1,1,1,128,13
[31.08.2019 17:13:00.468]  Read: 45,149,150,151,152,153,154,155,1,1,175,1,1,1,1,128,13
[31.08.2019 17:13:00.477]  Write: 46,149,150,151,152,153,154,155,1,1,210,1,1,1,1,143,13
[31.08.2019 17:13:00.500]  Read: 46,149,150,151,152,153,154,155,1,1,210,1,1,1,1,143,13
[31.08.2019 17:13:00.509]  Write: 47,149,150,151,152,153,154,155,1,1,103,1,1,1,1,28,13
[31.08.2019 17:13:00.533]  Read: 47,149,150,151,152,153,154,155,1,1,103,1,1,1,1,28,13
[31.08.2019 17:13:00.540]  Write: 48,149,150,151,152,153,154,155,1,1,110,1,1,1,1,237,13
[31.08.2019 17:13:00.565]  Read: 48,149,150,151,152,153,154,155,1,1,110,1,1,1,1,237,13
[31.08.2019 17:13:00.573]  Write: 49,149,150,151,152,153,154,155,1,1,1,1,1,1,1,217,13
[31.08.2019 17:13:00.597]  Read: 49,149,150,151,152,153,154,155,1,1,1,1,1,1,1,217,13
[31.08.2019 17:13:00.606]  Write: 50,149,150,151,152,153,154,155,1,1,112,1,1,1,1,247,13
[31.08.2019 17:13:00.629]  Read: 50,149,150,151,152,153,154,155,1,1,112,1,1,1,1,247,13
[31.08.2019 17:13:00.638]  Write: 51,149,150,151,152,153,154,155,1,1,16,1,1,1,1,166,13
[31.08.2019 17:13:00.661]  Read: 51,149,150,151,152,153,154,155,1,1,16,1,1,1,1,166,13
[31.08.2019 17:13:00.673]  Write: 52,149,150,151,152,153,154,155,1,1,99,1,1,1,1,142,13
[31.08.2019 17:13:00.693]  Read: 52,149,150,151,152,153,154,155,1,1,99,1,1,1,1,142,13
[31.08.2019 17:13:00.702]  Write: 53,149,150,151,152,153,154,155,1,1,8,1,1,1,1,165,13
[31.08.2019 17:13:00.724]  Read: 53,149,150,151,152,153,154,155,1,1,8,1,1,1,1,165,13
[31.08.2019 17:13:00.732]  Write: 54,149,150,151,152,153,154,155,1,1,70,1,1,1,1,106,13
[31.08.2019 17:13:00.757]  Read: 54,149,150,151,152,153,154,155,1,1,70,1,1,1,1,106,13
[31.08.2019 17:13:00.765]  Write: 55,149,150,151,152,153,154,155,1,1,178,1,1,1,1,235,13
[31.08.2019 17:13:00.789]  Read: 55,149,150,151,152,153,154,155,1,1,178,1,1,1,1,235,13
[31.08.2019 17:13:00.798]  Write: 56,149,150,151,152,153,154,155,1,1,63,1,1,1,1,144,13
[31.08.2019 17:13:00.821]  Read: 56,149,150,151,152,153,154,155,1,1,63,1,1,1,1,144,13
[31.08.2019 17:13:00.829]  Write: 57,149,150,151,152,153,154,155,1,1,62,1,1,1,1,43,13
[31.08.2019 17:13:00.852]  Read: 57,149,150,151,152,153,154,155,1,1,62,1,1,1,1,43,13
[31.08.2019 17:13:00.861]  Write: 58,149,150,151,152,153,154,155,1,1,116,1,1,1,1,251,13
[31.08.2019 17:13:00.884]  Read: 58,149,150,151,152,153,154,155,1,1,116,1,1,1,1,251,13
[31.08.2019 17:13:00.892]  Write: 59,149,150,151,152,153,154,155,1,1,210,1,1,1,1,80,13
[31.08.2019 17:13:00.917]  Read: 59,149,150,151,152,153,154,155,1,1,210,1,1,1,1,80,13
[31.08.2019 17:13:00.925]  Write: 60,149,150,151,152,153,154,155,1,1,70,1,1,1,1,169,13
[31.08.2019 17:13:00.949]  Read: 60,149,150,151,152,153,154,155,1,1,70,1,1,1,1,169,13
[31.08.2019 17:13:00.957]  Write: 61,149,150,151,152,153,154,155,1,1,72,1,1,1,1,119,13
[31.08.2019 17:13:00.981]  Read: 61,149,150,151,152,153,154,155,1,1,72,1,1,1,1,119,13
[31.08.2019 17:13:00.990]  Write: 62,149,150,151,152,153,154,155,1,1,230,1,1,1,1,50,13
[31.08.2019 17:13:01.013]  Read: 62,149,150,151,152,153,154,155,1,1,230,1,1,1,1,50,13
[31.08.2019 17:13:01.180]  Write: 63,149,150,151,152,153,154,155,1,1,96,1,1,1,1,241,13
[31.08.2019 17:13:01.205]  Read: 63,149,150,151,152,153,154,155,1,1,96,1,1,1,1,241,13
[31.08.2019 17:19:06.084]  *** Init session ***
[31.08.2019 17:19:06.227]  Write: 1,149,150,151,152,153,154,155,1,1,120,1,1,1,1,27,13
[31.08.2019 17:19:06.245]  Read: 1,149,150,151,152,153,154,155,1,1,120,1,1,1,1,27,13
[31.08.2019 17:19:06.255]  Write: 1,149,150,151,152,153,154,155,1,1,45,1,1,1,1,106,13
[31.08.2019 17:19:06.278]  Read: 1,149,150,151,152,153,154,155,1,1,45,1,1,1,1,106,13
[31.08.2019 17:19:06.291]  Write: 2,149,150,151,152,153,154,155,1,1,251,1,1,1,1,84,13
[31.08.2019 17:19:06.310]  Read: 2,149,150,151,152,153,154,155,1,1,251,1,1,1,1,84,13
[31.08.2019 17:19:06.322]  Write: 3,149,150,151,152,153,154,155,1,1,152,1,1,1,1,65,13
[31.08.2019 17:19:06.342]  Read: 3,149,150,151,152,153,154,155,1,1,152,1,1,1,1,65,13
[31.08.2019 17:19:06.354]  Write: 4,149,150,151,152,153,154,155,1,1,128,1,1,1,1,42,13
[31.08.2019 17:19:06.372]  Read: 4,149,150,151,152,153,154,155,1,1,128,1,1,1,1,42,13
[31.08.2019 17:19:06.385]  Write: 5,149,150,151,152,153,154,155,1,1,179,1,1,1,1,130,13
[31.08.2019 17:19:06.405]  Read: 5,149,150,151,152,153,154,155,1,1,179,1,1,1,1,130,13
[31.08.2019 17:19:06.421]  Write: 6,149,150,151,152,153,154,155,1,1,35,1,1,1,1,245,13
[31.08.2019 17:19:06.437]  Read: 6,149,150,151,152,153,154,155,1,1,35,1,1,1,1,245,13
[31.08.2019 17:19:06.446]  Write: 7,149,150,151,152,153,154,155,1,1,148,1,1,1,1,249,13
[31.08.2019 17:19:06.470]  Read: 7,149,150,151,152,153,154,155,1,1,148,1,1,1,1,249,13
[31.08.2019 17:19:06.478]  Write: 8,149,150,151,152,153,154,155,1,1,128,1,1,1,1,168,13
[31.08.2019 17:19:06.501]  Read: 8,149,150,151,152,153,154,155,1,1,128,1,1,1,1,168,13
[31.08.2019 17:19:06.510]  Write: 9,149,150,151,152,153,154,155,1,1,171,1,1,1,1,66,13
[31.08.2019 17:19:06.534]  Read: 9,149,150,151,152,153,154,155,1,1,171,1,1,1,1,66,13
[31.08.2019 17:19:06.541]  Write: 10,149,150,151,152,153,154,155,1,1,137,1,1,1,1,149,13
[31.08.2019 17:19:06.565]  Read: 10,149,150,151,152,153,154,155,1,1,137,1,1,1,1,149,13
[31.08.2019 17:19:06.574]  Write: 11,149,150,151,152,153,154,155,1,1,108,1,1,1,1,187,13
[31.08.2019 17:19:06.597]  Read: 11,149,150,151,152,153,154,155,1,1,108,1,1,1,1,187,13
[31.08.2019 17:19:06.606]  Write: 12,149,150,151,152,153,154,155,1,1,78,1,1,1,1,253,13
[31.08.2019 17:19:06.629]  Read: 12,149,150,151,152,153,154,155,1,1,78,1,1,1,1,253,13
[31.08.2019 17:19:06.638]  Write: 1,149,150,151,152,153,154,155,1,1,216,1,1,1,1,80,13
[31.08.2019 17:19:06.662]  Read: 1,149,150,151,152,153,154,155,1,1,216,1,1,1,1,80,13
[31.08.2019 17:19:06.670]  Write: 14,149,150,151,152,153,154,155,1,1,149,1,1,1,1,89,13
[31.08.2019 17:19:06.693]  Read: 14,149,150,151,152,153,154,155,1,1,149,1,1,1,1,89,13
[31.08.2019 17:19:06.702]  Write: 15,149,150,151,152,153,154,155,1,1,77,1,1,1,1,1,13
[31.08.2019 17:19:06.725]  Read: 15,149,150,151,152,153,154,155,1,1,77,1,1,1,1,1,13
[31.08.2019 17:19:06.734]  Write: 16,149,150,151,152,153,154,155,1,1,106,1,1,1,1,73,13
[31.08.2019 17:19:06.757]  Read: 16,149,150,151,152,153,154,155,1,1,106,1,1,1,1,73,13
[31.08.2019 17:19:06.766]  Write: 17,149,150,151,152,153,154,155,1,1,255,1,1,1,1,213,13
[31.08.2019 17:19:06.788]  Read: 17,149,150,151,152,153,154,155,1,1,255,1,1,1,1,213,13
[31.08.2019 17:19:06.798]  Write: 18,149,150,151,152,153,154,155,1,1,226,1,1,1,1,227,13
[31.08.2019 17:19:06.821]  Read: 18,149,150,151,152,153,154,155,1,1,226,1,1,1,1,227,13
[31.08.2019 17:19:06.831]  Write: 19,149,150,151,152,153,154,155,1,1,214,1,1,1,1,16,13
[31.08.2019 17:19:06.852]  Read: 19,149,150,151,152,153,154,155,1,1,214,1,1,1,1,16,13
[31.08.2019 17:19:06.861]  Write: 20,149,150,151,152,153,154,155,1,1,174,1,1,1,1,66,13
[31.08.2019 17:19:06.885]  Read: 20,149,150,151,152,153,154,155,1,1,174,1,1,1,1,66,13
[31.08.2019 17:19:06.894]  Write: 21,149,150,151,152,153,154,155,1,1,105,1,1,1,1,3,13
[31.08.2019 17:19:06.917]  Read: 21,149,150,151,152,153,154,155,1,1,105,1,1,1,1,3,13
[31.08.2019 17:19:06.926]  Write: 22,149,150,151,152,153,154,155,1,1,6,1,1,1,1,231,13
[31.08.2019 17:19:06.949]  Read: 22,149,150,151,152,153,154,155,1,1,6,1,1,1,1,231,13
[31.08.2019 17:19:06.958]  Write: 23,149,150,151,152,153,154,155,1,1,68,1,1,1,1,217,13
[31.08.2019 17:19:06.981]  Read: 23,149,150,151,152,153,154,155,1,1,68,1,1,1,1,217,13
[31.08.2019 17:19:06.989]  Write: 24,149,150,151,152,153,154,155,1,1,171,1,1,1,1,12,13
[31.08.2019 17:19:07.013]  Read: 24,149,150,151,152,153,154,155,1,1,171,1,1,1,1,12,13
[31.08.2019 17:19:07.023]  Write: 25,149,150,151,152,153,154,155,1,1,111,1,1,1,1,9,13
[31.08.2019 17:19:07.045]  Read: 25,149,150,151,152,153,154,155,1,1,111,1,1,1,1,9,13
[31.08.2019 17:19:07.054]  Write: 26,149,150,151,152,153,154,155,1,1,94,1,1,1,1,230,13
[31.08.2019 17:19:07.077]  Read: 26,149,150,151,152,153,154,155,1,1,94,1,1,1,1,230,13
[31.08.2019 17:19:07.086]  Write: 27,149,150,151,152,153,154,155,1,1,79,1,1,1,1,33,13
[31.08.2019 17:19:07.109]  Read: 27,149,150,151,152,153,154,155,1,1,79,1,1,1,1,33,13
[31.08.2019 17:19:07.118]  Write: 28,149,150,151,152,153,154,155,1,1,233,1,1,1,1,203,13
[31.08.2019 17:19:07.140]  Read: 28,149,150,151,152,153,154,155,1,1,233,1,1,1,1,203,13
[31.08.2019 17:19:07.149]  Write: 29,149,150,151,152,153,154,155,1,1,146,1,1,1,1,156,13
[31.08.2019 17:19:07.173]  Read: 29,149,150,151,152,153,154,155,1,1,146,1,1,1,1,156,13
[31.08.2019 17:19:07.181]  Write: 30,149,150,151,152,153,154,155,1,1,221,1,1,1,1,128,13
[31.08.2019 17:19:07.205]  Read: 30,149,150,151,152,153,154,155,1,1,221,1,1,1,1,128,13
[31.08.2019 17:19:07.215]  Write: 31,149,150,151,152,153,154,155,1,1,146,1,1,1,1,76,13
[31.08.2019 17:19:07.237]  Read: 31,149,150,151,152,153,154,155,1,1,146,1,1,1,1,76,13
[31.08.2019 17:19:07.246]  Write: 32,149,150,151,152,153,154,155,1,1,226,1,1,1,1,20,13
[31.08.2019 17:19:07.268]  Read: 32,149,150,151,152,153,154,155,1,1,226,1,1,1,1,20,13
[31.08.2019 17:19:07.281]  Write: 33,149,150,151,152,153,154,155,1,1,198,1,1,1,1,214,13
[31.08.2019 17:19:07.301]  Read: 33,149,150,151,152,153,154,155,1,1,198,1,1,1,1,214,13
[31.08.2019 17:19:07.311]  Write: 34,149,150,151,152,153,154,155,1,1,151,1,1,1,1,129,13
[31.08.2019 17:19:07.333]  Read: 34,149,150,151,152,153,154,155,1,1,151,1,1,1,1,129,13
[31.08.2019 17:19:07.341]  Write: 35,149,150,151,152,153,154,155,1,1,34,1,1,1,1,147,13
[31.08.2019 17:19:07.364]  Read: 35,149,150,151,152,153,154,155,1,1,34,1,1,1,1,147,13
[31.08.2019 17:19:07.372]  Write: 36,149,150,151,152,153,154,155,1,1,218,1,1,1,1,114,13
[31.08.2019 17:19:07.396]  Read: 36,149,150,151,152,153,154,155,1,1,218,1,1,1,1,114,13
[31.08.2019 17:19:07.405]  Write: 37,149,150,151,152,153,154,155,1,1,100,1,1,1,1,155,13
[31.08.2019 17:19:07.428]  Read: 37,149,150,151,152,153,154,155,1,1,100,1,1,1,1,155,13
[31.08.2019 17:19:07.438]  Write: 38,149,150,151,152,153,154,155,1,1,145,1,1,1,1,25,13
[31.08.2019 17:19:07.461]  Read: 38,149,150,151,152,153,154,155,1,1,145,1,1,1,1,25,13
[31.08.2019 17:19:07.471]  Write: 39,149,150,151,152,153,154,155,1,1,12,1,1,1,1,76,13
[31.08.2019 17:19:07.493]  Read: 39,149,150,151,152,153,154,155,1,1,12,1,1,1,1,76,13
[31.08.2019 17:19:07.506]  Write: 40,149,150,151,152,153,154,155,1,1,16,1,1,1,1,43,13
[31.08.2019 17:19:07.524]  Read: 40,149,150,151,152,153,154,155,1,1,16,1,1,1,1,43,13
[31.08.2019 17:19:07.533]  Write: 41,149,150,151,152,153,154,155,1,1,241,1,1,1,1,26,13
[31.08.2019 17:19:07.561]  Read: 41,149,150,151,152,153,154,155,1,1,241,1,1,1,1,26,13
[31.08.2019 17:19:07.570]  Write: 42,149,150,151,152,153,154,155,1,1,125,1,1,1,1,48,13
[31.08.2019 17:19:07.594]  Read: 42,149,150,151,152,153,154,155,1,1,125,1,1,1,1,48,13
[31.08.2019 17:19:07.603]  Write: 43,149,150,151,152,153,154,155,1,1,240,1,1,1,1,25,13
[31.08.2019 17:19:07.625]  Read: 43,149,150,151,152,153,154,155,1,1,240,1,1,1,1,25,13
[31.08.2019 17:19:07.634]  Write: 44,149,150,151,152,153,154,155,1,1,58,1,1,1,1,235,13
[31.08.2019 17:19:07.657]  Read: 44,149,150,151,152,153,154,155,1,1,58,1,1,1,1,235,13
[31.08.2019 17:19:07.665]  Write: 45,149,150,151,152,153,154,155,1,1,157,1,1,1,1,147,13
[31.08.2019 17:19:07.689]  Read: 45,149,150,151,152,153,154,155,1,1,157,1,1,1,1,147,13
[31.08.2019 17:19:07.700]  Write: 46,149,150,151,152,153,154,155,1,1,169,1,1,1,1,176,13
[31.08.2019 17:19:07.721]  Read: 46,149,150,151,152,153,154,155,1,1,169,1,1,1,1,176,13
[31.08.2019 17:19:07.729]  Write: 47,149,150,151,152,153,154,155,1,1,116,1,1,1,1,36,13
[31.08.2019 17:19:07.754]  Read: 47,149,150,151,152,153,154,155,1,1,116,1,1,1,1,36,13
[31.08.2019 17:19:07.763]  Write: 48,149,150,151,152,153,154,155,1,1,225,1,1,1,1,59,13
[31.08.2019 17:19:07.786]  Read: 48,149,150,151,152,153,154,155,1,1,225,1,1,1,1,59,13
[31.08.2019 17:19:07.794]  Write: 49,149,150,151,152,153,154,155,1,1,35,1,1,1,1,182,13
[31.08.2019 17:19:07.818]  Read: 49,149,150,151,152,153,154,155,1,1,35,1,1,1,1,182,13
[31.08.2019 17:19:07.828]  Write: 50,149,150,151,152,153,154,155,1,1,116,1,1,1,1,232,13
[31.08.2019 17:19:07.850]  Read: 50,149,150,151,152,153,154,155,1,1,116,1,1,1,1,232,13
[31.08.2019 17:19:07.858]  Write: 51,149,150,151,152,153,154,155,1,1,152,1,1,1,1,43,13
[31.08.2019 17:19:07.882]  Read: 51,149,150,151,152,153,154,155,1,1,152,1,1,1,1,43,13
[31.08.2019 17:19:07.890]  Write: 52,149,150,151,152,153,154,155,1,1,118,1,1,1,1,62,13
[31.08.2019 17:19:07.914]  Read: 52,149,150,151,152,153,154,155,1,1,118,1,1,1,1,62,13
[31.08.2019 17:19:07.923]  Write: 53,149,150,151,152,153,154,155,1,1,123,1,1,1,1,164,13
[31.08.2019 17:19:07.946]  Read: 53,149,150,151,152,153,154,155,1,1,123,1,1,1,1,164,13
[31.08.2019 17:19:07.956]  Write: 54,149,150,151,152,153,154,155,1,1,106,1,1,1,1,179,13
[31.08.2019 17:19:07.978]  Read: 54,149,150,151,152,153,154,155,1,1,106,1,1,1,1,179,13
[31.08.2019 17:19:07.987]  Write: 55,149,150,151,152,153,154,155,1,1,15,1,1,1,1,46,13
[31.08.2019 17:19:08.010]  Read: 55,149,150,151,152,153,154,155,1,1,15,1,1,1,1,46,13
[31.08.2019 17:19:08.020]  Write: 56,149,150,151,152,153,154,155,1,1,39,1,1,1,1,210,13
[31.08.2019 17:19:08.041]  Read: 56,149,150,151,152,153,154,155,1,1,39,1,1,1,1,210,13
[31.08.2019 17:19:08.049]  Write: 57,149,150,151,152,153,154,155,1,1,183,1,1,1,1,117,13
[31.08.2019 17:19:08.074]  Read: 57,149,150,151,152,153,154,155,1,1,183,1,1,1,1,117,13
[31.08.2019 17:19:08.083]  Write: 58,149,150,151,152,153,154,155,1,1,237,1,1,1,1,217,13
[31.08.2019 17:19:08.106]  Read: 58,149,150,151,152,153,154,155,1,1,237,1,1,1,1,217,13
[31.08.2019 17:19:08.115]  Write: 59,149,150,151,152,153,154,155,1,1,16,1,1,1,1,181,13
[31.08.2019 17:19:08.138]  Read: 59,149,150,151,152,153,154,155,1,1,16,1,1,1,1,181,13
[31.08.2019 17:19:08.146]  Write: 60,149,150,151,152,153,154,155,1,1,85,1,1,1,1,132,13
[31.08.2019 17:19:08.170]  Read: 60,149,150,151,152,153,154,155,1,1,85,1,1,1,1,132,13
[31.08.2019 17:19:08.344]  Write: 61,149,150,151,152,153,154,155,1,1,211,1,1,1,1,194,13
[31.08.2019 17:19:08.362]  Read: 61,149,150,151,152,153,154,155,1,1,211,1,1,1,1,194,13
