[17.09.2019 22:09:02.601]  *** Init session ***
[17.09.2019 22:09:02.816]  Write: 58,49,49,150,1,152,153,154,155,1,1,117,1,70,58,13,10
[17.09.2019 22:10:34.017]  *** Init session ***
[17.09.2019 22:10:34.178]  Write: 58,49,49,150,1,152,153,154,155,1,1,182,1,193,58,13,10
[17.09.2019 22:29:25.617]  *** Init session ***
[17.09.2019 22:29:25.784]  Write: 58,49,49,150,1,152,153,154,155,1,1,230,1,38,58,13,10
[17.09.2019 22:30:05.539]  Read: 58,49,49,150,1,152,153,154,155,1,1,230,1,38,58,13,10
[17.09.2019 22:30:05.549]  Write: 58,49,49,150,1,152,153,154,155,1,1,140,1,157,58,13,10
[17.09.2019 22:30:16.457]  Read: 58,49,49,150,1,152,153,154,155,1,1,140,1,157,58,13,10
[17.09.2019 22:30:16.484]  Write: 58,49,49,150,2,152,153,154,155,1,1,225,1,102,58,13,10
[17.09.2019 22:30:16.504]  Read: 58,49,49,150,2,152,153,154,155,1,1,225,1,102,58,13,10
[17.09.2019 22:30:16.529]  Write: 58,49,49,150,3,152,153,154,155,1,1,20,1,188,58,13,10
[17.09.2019 22:30:16.544]  Read: 58,49,49,150,3,152,153,154,155,1,1,20,1,188,58,13,10
[17.09.2019 22:30:16.560]  Write: 58,49,49,150,4,152,153,154,155,1,1,210,1,20,58,13,10
[17.09.2019 22:30:16.575]  Read: 58,49,49,150,4,152,153,154,155,1,1,210,1,20,58,13,10
[17.09.2019 22:30:16.589]  Write: 58,49,49,150,5,152,153,154,155,1,1,13,1,252,58,13,10
[17.09.2019 22:30:16.602]  Read: 58,49,49,150,5,152,153,154,155,1,1,13,1,252,58,13,10
[17.09.2019 22:30:16.619]  Write: 58,49,49,150,6,152,153,154,155,1,1,250,1,164,58,13,10
[17.09.2019 22:30:16.634]  Read: 58,49,49,150,6,152,153,154,155,1,1,250,1,164,58,13,10
[17.09.2019 22:30:16.642]  Write: 58,49,49,150,7,152,153,154,155,1,1,206,1,32,58,13,10
[17.09.2019 22:30:16.655]  Read: 58,49,49,150,7,152,153,154,155,1,1,206,1,32,58,13,10
[17.09.2019 22:30:16.670]  Write: 58,49,49,150,8,152,153,154,155,1,1,210,1,255,58,13,10
[17.09.2019 22:30:16.688]  Read: 58,49,49,150,8,152,153,154,155,1,1,210,1,255,58,13,10
[17.09.2019 22:30:16.707]  Write: 58,49,49,150,9,152,153,154,155,1,1,166,1,242,58,13,10
[17.09.2019 22:30:16.723]  Read: 58,49,49,150,9,152,153,154,155,1,1,166,1,242,58,13,10
[17.09.2019 22:30:16.739]  Write: 58,49,49,150,10,152,153,154,155,1,1,149,1,131,58,13,10
[17.09.2019 22:30:16.754]  Read: 58,49,49,150,10,152,153,154,155,1,1,149,1,131,58,13,10
[17.09.2019 22:30:16.773]  Write: 58,49,49,150,11,152,153,154,155,1,1,237,1,58,58,13,10
[17.09.2019 22:30:16.789]  Read: 58,49,49,150,11,152,153,154,155,1,1,237,1,58,58,13,10
[17.09.2019 22:30:16.800]  Write: 58,49,49,150,12,152,153,154,155,1,1,213,1,231,58,13,10
[17.09.2019 22:30:16.819]  Read: 58,49,49,150,12,152,153,154,155,1,1,213,1,231,58,13,10
[17.09.2019 22:30:16.832]  Write: 58,49,49,150,13,152,153,154,155,1,1,76,1,220,58,13,10
[17.09.2019 22:30:16.845]  Read: 58,49,49,150,13,152,153,154,155,1,1,76,1,220,58,13,10
[17.09.2019 22:30:16.860]  Write: 58,49,49,150,14,152,153,154,155,1,1,247,1,185,58,13,10
[17.09.2019 22:30:16.887]  Read: 58,49,49,150,14,152,153,154,155,1,1,247,1,185,58,13,10
[17.09.2019 22:30:16.905]  Write: 58,49,49,150,15,152,153,154,155,1,1,159,1,110,58,13,10
[17.09.2019 22:30:16.917]  Read: 58,49,49,150,15,152,153,154,155,1,1,159,1,110,58,13,10
[17.09.2019 22:30:16.930]  Write: 58,49,49,150,16,152,153,154,155,1,1,108,1,228,58,13,10
[17.09.2019 22:30:16.946]  Read: 58,49,49,150,16,152,153,154,155,1,1,108,1,228,58,13,10
[17.09.2019 22:30:16.954]  Write: 58,49,49,150,17,152,153,154,155,1,1,221,1,52,58,13,10
[17.09.2019 22:30:16.970]  Read: 58,49,49,150,17,152,153,154,155,1,1,221,1,52,58,13,10
[17.09.2019 22:30:16.979]  Write: 58,49,49,150,18,152,153,154,155,1,1,215,1,52,58,13,10
[17.09.2019 22:30:16.995]  Read: 58,49,49,150,18,152,153,154,155,1,1,215,1,52,58,13,10
[17.09.2019 22:30:17.006]  Write: 58,49,49,150,19,152,153,154,155,1,1,125,1,144,58,13,10
[17.09.2019 22:30:17.018]  Read: 58,49,49,150,19,152,153,154,155,1,1,125,1,144,58,13,10
[17.09.2019 22:30:17.028]  Write: 58,49,49,150,20,152,153,154,155,1,1,190,1,79,58,13,10
[17.09.2019 22:30:17.039]  Read: 58,49,49,150,20,152,153,154,155,1,1,190,1,79,58,13,10
[17.09.2019 22:30:17.061]  Write: 58,49,49,150,21,152,153,154,155,1,1,8,1,122,58,13,10
[17.09.2019 22:30:17.071]  Read: 58,49,49,150,21,152,153,154,155,1,1,8,1,122,58,13,10
[17.09.2019 22:30:17.078]  Write: 58,49,49,150,22,152,153,154,155,1,1,226,1,71,58,13,10
[17.09.2019 22:30:17.092]  Read: 58,49,49,150,22,152,153,154,155,1,1,226,1,71,58,13,10
[17.09.2019 22:30:17.102]  Write: 58,49,49,150,23,152,153,154,155,1,1,114,1,191,58,13,10
[17.09.2019 22:30:17.114]  Read: 58,49,49,150,23,152,153,154,155,1,1,114,1,191,58,13,10
[17.09.2019 22:30:17.124]  Write: 58,49,49,150,24,152,153,154,155,1,1,83,1,146,58,13,10
[17.09.2019 22:30:17.132]  Read: 58,49,49,150,24,152,153,154,155,1,1,83,1,146,58,13,10
[17.09.2019 22:30:17.142]  Write: 58,49,49,150,25,152,153,154,155,1,1,63,1,198,58,13,10
[17.09.2019 22:30:17.153]  Read: 58,49,49,150,25,152,153,154,155,1,1,63,1,198,58,13,10
[17.09.2019 22:30:17.161]  Write: 58,49,49,150,26,152,153,154,155,1,1,214,1,157,58,13,10
[17.09.2019 22:30:17.178]  Read: 58,49,49,150,26,152,153,154,155,1,1,214,1,157,58,13,10
[17.09.2019 22:30:17.188]  Write: 58,49,49,150,27,152,153,154,155,1,1,189,1,103,58,13,10
[17.09.2019 22:30:17.196]  Read: 58,49,49,150,27,152,153,154,155,1,1,189,1,103,58,13,10
[17.09.2019 22:30:17.205]  Write: 58,49,49,150,28,152,153,154,155,1,1,230,1,194,58,13,10
[17.09.2019 22:30:17.212]  Read: 58,49,49,150,28,152,153,154,155,1,1,230,1,194,58,13,10
[17.09.2019 22:30:17.221]  Write: 58,49,49,150,29,152,153,154,155,1,1,131,1,85,58,13,10
[17.09.2019 22:30:17.230]  Read: 58,49,49,150,29,152,153,154,155,1,1,131,1,85,58,13,10
[17.09.2019 22:30:17.239]  Write: 58,49,49,150,30,152,153,154,155,1,1,53,1,112,58,13,10
[17.09.2019 22:30:17.247]  Read: 58,49,49,150,30,152,153,154,155,1,1,53,1,112,58,13,10
[17.09.2019 22:30:17.255]  Write: 58,49,49,150,31,152,153,154,155,1,1,5,1,119,58,13,10
[17.09.2019 22:30:17.263]  Read: 58,49,49,150,31,152,153,154,155,1,1,5,1,119,58,13,10
[17.09.2019 22:30:17.272]  Write: 58,49,49,150,32,152,153,154,155,1,1,240,1,226,58,13,10
[17.09.2019 22:30:17.291]  Read: 10,0,0,0,0,0,0,0,0,0,0,0,0,0,0,0,0
[17.09.2019 22:30:17.304]  Write: 58,49,49,150,33,152,153,154,155,1,1,84,1,43,58,13,10
[17.09.2019 22:30:17.322]  Read: 58,49,49,150,33,152,153,154,155,1,1,84,1,43,58,13,10
[17.09.2019 22:30:17.329]  Write: 58,49,49,150,34,152,153,154,155,1,1,1,1,85,58,13,10
[17.09.2019 22:30:17.339]  Read: 58,49,49,150,34,152,153,154,155,1,1,1,1,85,58,13,10
[17.09.2019 22:30:17.347]  Write: 58,49,49,150,35,152,153,154,155,1,1,75,1,135,58,13,10
[17.09.2019 22:30:17.359]  Read: 58,49,49,150,35,152,153,154,155,1,1,75,1,135,58,13,10
[17.09.2019 22:30:17.365]  Write: 58,49,49,150,36,152,153,154,155,1,1,8,1,123,58,13,10
[17.09.2019 22:30:17.376]  Read: 58,49,49,150,36,152,153,154,155,1,1,8,1,123,58,13,10
[17.09.2019 22:30:17.383]  Write: 58,49,49,150,37,152,153,154,155,1,1,206,1,62,58,13,10
[17.09.2019 22:30:17.397]  Read: 58,49,49,150,37,152,153,154,155,1,1,206,1,62,58,13,10
[17.09.2019 22:30:17.406]  Write: 58,49,49,150,38,152,153,154,155,1,1,239,1,248,58,13,10
[17.09.2019 22:30:17.418]  Read: 58,49,49,150,38,152,153,154,155,1,1,239,1,248,58,13,10
[17.09.2019 22:30:17.426]  Write: 58,49,49,150,39,152,153,154,155,1,1,237,1,148,58,13,10
[17.09.2019 22:30:17.435]  Read: 58,49,49,150,39,152,153,154,155,1,1,237,1,148,58,13,10
[17.09.2019 22:30:17.481]  Write: 58,49,49,150,40,152,153,154,155,1,1,88,1,119,58,13,10
[17.09.2019 22:30:17.522]  Read: 58,49,49,150,40,152,153,154,155,1,1,88,1,119,58,13,10
[17.09.2019 22:30:17.539]  Write: 58,49,49,150,41,152,153,154,155,1,1,138,1,223,58,13,10
[17.09.2019 22:30:17.557]  Read: 58,49,49,150,41,152,153,154,155,1,1,138,1,223,58,13,10
[17.09.2019 22:30:17.571]  Write: 58,49,49,150,42,152,153,154,155,1,1,46,1,77,58,13,10
[17.09.2019 22:30:17.580]  Read: 58,49,49,150,42,152,153,154,155,1,1,46,1,77,58,13,10
[17.09.2019 22:30:17.593]  Write: 58,49,49,150,43,152,153,154,155,1,1,43,1,143,58,13,10
[17.09.2019 22:30:17.609]  Read: 58,49,49,150,43,152,153,154,155,1,1,43,1,143,58,13,10
[17.09.2019 22:30:17.618]  Write: 58,49,49,150,44,152,153,154,155,1,1,213,1,162,58,13,10
[17.09.2019 22:30:17.629]  Read: 58,49,49,150,44,152,153,154,155,1,1,213,1,162,58,13,10
[17.09.2019 22:30:17.643]  Write: 58,49,49,150,45,152,153,154,155,1,1,20,1,80,58,13,10
[17.09.2019 22:30:17.657]  Read: 58,49,49,150,45,152,153,154,155,1,1,20,1,80,58,13,10
[17.09.2019 22:30:17.680]  Write: 58,49,49,150,46,152,153,154,155,1,1,153,1,51,58,13,10
[17.09.2019 22:30:17.691]  Read: 58,49,49,150,46,152,153,154,155,1,1,153,1,51,58,13,10
[17.09.2019 22:30:17.700]  Write: 58,49,49,150,47,152,153,154,155,1,1,114,1,29,58,13,10
[17.09.2019 22:30:17.710]  Read: 58,49,49,150,47,152,153,154,155,1,1,114,1,29,58,13,10
[17.09.2019 22:30:17.726]  Write: 58,49,49,150,48,152,153,154,155,1,1,137,1,160,58,13,10
[17.09.2019 22:30:17.737]  Read: 58,49,49,150,48,152,153,154,155,1,1,137,1,160,58,13,10
[17.09.2019 22:30:17.746]  Write: 58,49,49,150,49,152,153,154,155,1,1,193,1,171,58,13,10
[17.09.2019 22:30:17.759]  Read: 58,49,49,150,49,152,153,154,155,1,1,193,1,171,58,13,10
[17.09.2019 22:30:17.769]  Write: 58,49,49,150,50,152,153,154,155,1,1,218,1,122,58,13,10
[17.09.2019 22:30:17.785]  Read: 58,49,49,150,50,152,153,154,155,1,1,218,1,122,58,13,10
[17.09.2019 22:30:17.793]  Write: 58,49,49,150,51,152,153,154,155,1,1,31,1,89,58,13,10
[17.09.2019 22:30:17.802]  Read: 58,49,49,150,51,152,153,154,155,1,1,31,1,89,58,13,10
[17.09.2019 22:30:17.812]  Write: 58,49,49,150,52,152,153,154,155,1,1,135,1,123,58,13,10
[17.09.2019 22:30:17.825]  Read: 58,49,49,150,52,152,153,154,155,1,1,135,1,123,58,13,10
[17.09.2019 22:30:17.835]  Write: 58,49,49,150,53,152,153,154,155,1,1,250,1,181,58,13,10
[17.09.2019 22:30:17.849]  Read: 58,49,49,150,53,152,153,154,155,1,1,250,1,181,58,13,10
[17.09.2019 22:30:17.859]  Write: 58,49,49,150,54,152,153,154,155,1,1,104,1,207,58,13,10
[17.09.2019 22:30:17.868]  Read: 58,49,49,150,54,152,153,154,155,1,1,104,1,207,58,13,10
[17.09.2019 22:30:17.879]  Write: 58,49,49,150,55,152,153,154,155,1,1,222,1,177,58,13,10
[17.09.2019 22:30:17.889]  Read: 58,49,49,150,55,152,153,154,155,1,1,222,1,177,58,13,10
[17.09.2019 22:30:17.901]  Write: 58,49,49,150,56,152,153,154,155,1,1,170,1,12,58,13,10
[17.09.2019 22:30:17.913]  Read: 58,49,49,150,56,152,153,154,155,1,1,170,1,12,58,13,10
[17.09.2019 22:30:17.925]  Write: 58,49,49,150,57,152,153,154,155,1,1,110,1,144,58,13,10
[17.09.2019 22:30:17.935]  Read: 58,49,49,150,57,152,153,154,155,1,1,110,1,144,58,13,10
[17.09.2019 22:30:17.943]  Write: 58,49,49,150,58,152,153,154,155,1,1,193,1,24,58,13,10
[17.09.2019 22:30:17.952]  Read: 58,49,49,150,58,152,153,154,155,1,1,193,1,24,58,13,10
[17.09.2019 22:30:17.964]  Write: 58,49,49,150,59,152,153,154,155,1,1,147,1,147,58,13,10
[17.09.2019 22:30:17.977]  Read: 58,49,49,150,59,152,153,154,155,1,1,147,1,147,58,13,10
[17.09.2019 22:30:17.995]  Write: 58,49,49,150,60,152,153,154,155,1,1,54,1,245,58,13,10
[17.09.2019 22:30:18.009]  Read: 58,49,49,150,60,152,153,154,155,1,1,54,1,245,58,13,10
[17.09.2019 22:30:18.017]  Write: 58,49,49,150,61,152,153,154,155,1,1,61,1,236,58,13,10
[17.09.2019 22:30:18.027]  Read: 58,49,49,150,61,152,153,154,155,1,1,61,1,236,58,13,10
[17.09.2019 22:30:18.040]  Write: 58,49,49,150,62,152,153,154,155,1,1,231,1,40,58,13,10
[17.09.2019 22:30:18.057]  Read: 58,49,49,150,62,152,153,154,155,1,1,231,1,40,58,13,10
[17.09.2019 22:30:18.065]  Write: 58,49,49,150,63,152,153,154,155,1,1,78,1,161,58,13,10
[17.09.2019 22:30:18.078]  Read: 58,49,49,150,63,152,153,154,155,1,1,78,1,161,58,13,10
[17.09.2019 22:30:18.091]  Write: 58,49,49,150,64,152,153,154,155,1,1,112,1,14,58,13,10
[17.09.2019 22:30:18.106]  Read: 58,49,49,150,64,152,153,154,155,1,1,112,1,14,58,13,10
[17.09.2019 22:30:18.115]  Write: 58,49,49,150,65,152,153,154,155,1,1,144,1,6,58,13,10
[17.09.2019 22:30:18.128]  Read: 58,49,49,150,65,152,153,154,155,1,1,144,1,6,58,13,10
[17.09.2019 22:30:18.142]  Write: 58,49,49,150,66,152,153,154,155,1,1,253,1,54,58,13,10
[17.09.2019 22:30:18.161]  Read: 58,49,49,150,66,152,153,154,155,1,1,253,1,54,58,13,10
[17.09.2019 22:30:18.198]  Write: 58,49,49,150,67,152,153,154,155,1,1,129,1,12,58,13,10
[17.09.2019 22:30:18.228]  Read: 58,49,49,150,67,152,153,154,155,1,1,129,1,12,58,13,10
[17.09.2019 22:30:18.243]  Write: 58,49,49,150,68,152,153,154,155,1,1,75,1,16,58,13,10
[17.09.2019 22:30:18.260]  Read: 58,49,49,150,68,152,153,154,155,1,1,75,1,16,58,13,10
[17.09.2019 22:30:18.273]  Write: 58,49,49,150,69,152,153,154,155,1,1,172,1,98,58,13,10
[17.09.2019 22:30:18.287]  Read: 58,49,49,150,69,152,153,154,155,1,1,172,1,98,58,13,10
[17.09.2019 22:30:18.306]  Write: 58,49,49,150,70,152,153,154,155,1,1,150,1,207,58,13,10
[17.09.2019 22:30:18.330]  Read: 58,49,49,150,70,152,153,154,155,1,1,150,1,207,58,13,10
[17.09.2019 22:30:18.360]  Write: 58,49,49,150,71,152,153,154,155,1,1,157,1,96,58,13,10
[17.09.2019 22:30:18.377]  Read: 58,49,49,150,71,152,153,154,155,1,1,157,1,96,58,13,10
[17.09.2019 22:30:18.402]  Write: 58,49,49,150,72,152,153,154,155,1,1,237,1,94,58,13,10
[17.09.2019 22:30:18.426]  Read: 58,49,49,150,72,152,153,154,155,1,1,237,1,94,58,13,10
[17.09.2019 22:30:18.448]  Write: 58,49,49,150,73,152,153,154,155,1,1,233,1,104,58,13,10
[17.09.2019 22:30:18.474]  Read: 58,49,49,150,73,152,153,154,155,1,1,233,1,104,58,13,10
[17.09.2019 22:30:18.495]  Write: 58,49,49,150,74,152,153,154,155,1,1,37,1,152,58,13,10
[17.09.2019 22:30:18.516]  Read: 58,49,49,150,74,152,153,154,155,1,1,37,1,152,58,13,10
[17.09.2019 22:30:18.536]  Write: 58,49,49,150,75,152,153,154,155,1,1,51,1,25,58,13,10
[17.09.2019 22:30:18.564]  Read: 58,49,49,150,75,152,153,154,155,1,1,51,1,25,58,13,10
[17.09.2019 22:30:18.580]  Write: 58,49,49,150,76,152,153,154,155,1,1,217,1,217,58,13,10
[17.09.2019 22:30:18.599]  Read: 58,49,49,150,76,152,153,154,155,1,1,217,1,217,58,13,10
[17.09.2019 22:30:18.612]  Write: 58,49,49,150,77,152,153,154,155,1,1,182,1,160,58,13,10
[17.09.2019 22:30:18.627]  Read: 58,49,49,150,77,152,153,154,155,1,1,182,1,160,58,13,10
[17.09.2019 22:30:18.645]  Write: 58,49,49,150,78,152,153,154,155,1,1,157,1,136,58,13,10
[17.09.2019 22:30:18.669]  Read: 58,49,49,150,78,152,153,154,155,1,1,157,1,136,58,13,10
[17.09.2019 22:30:18.687]  Write: 58,49,49,150,79,152,153,154,155,1,1,63,1,27,58,13,10
[17.09.2019 22:30:18.714]  Read: 58,49,49,150,79,152,153,154,155,1,1,63,1,27,58,13,10
[17.09.2019 22:30:18.727]  Write: 58,49,49,150,80,152,153,154,155,1,1,165,1,7,58,13,10
[17.09.2019 22:30:18.745]  Read: 58,49,49,150,80,152,153,154,155,1,1,165,1,7,58,13,10
[17.09.2019 22:30:18.757]  Write: 58,49,49,150,81,152,153,154,155,1,1,99,1,66,58,13,10
[17.09.2019 22:30:18.776]  Read: 58,49,49,150,81,152,153,154,155,1,1,99,1,66,58,13,10
[17.09.2019 22:30:18.796]  Write: 58,49,49,150,82,152,153,154,155,1,1,52,1,229,58,13,10
[17.09.2019 22:30:18.815]  Read: 58,49,49,150,82,152,153,154,155,1,1,52,1,229,58,13,10
[17.09.2019 22:30:18.830]  Write: 58,49,49,150,83,152,153,154,155,1,1,37,1,202,58,13,10
[17.09.2019 22:30:18.844]  Read: 58,49,49,150,83,152,153,154,155,1,1,37,1,202,58,13,10
[17.09.2019 22:30:18.864]  Write: 58,49,49,150,84,152,153,154,155,1,1,169,1,5,58,13,10
[17.09.2019 22:30:18.877]  Read: 58,49,49,150,84,152,153,154,155,1,1,169,1,5,58,13,10
[17.09.2019 22:30:18.889]  Write: 58,49,49,150,85,152,153,154,155,1,1,22,1,184,58,13,10
[17.09.2019 22:30:18.906]  Read: 58,49,49,150,85,152,153,154,155,1,1,22,1,184,58,13,10
[17.09.2019 22:30:18.926]  Write: 58,49,49,150,86,152,153,154,155,1,1,125,1,25,58,13,10
[17.09.2019 22:30:18.939]  Read: 58,49,49,150,86,152,153,154,155,1,1,125,1,25,58,13,10
[17.09.2019 22:30:18.956]  Write: 58,49,49,150,87,152,153,154,155,1,1,246,1,149,58,13,10
[17.09.2019 22:30:18.970]  Read: 58,49,49,150,87,152,153,154,155,1,1,246,1,149,58,13,10
[17.09.2019 22:30:18.984]  Write: 58,49,49,150,88,152,153,154,155,1,1,235,1,190,58,13,10
[17.09.2019 22:30:19.002]  Read: 58,49,49,150,88,152,153,154,155,1,1,235,1,190,58,13,10
[17.09.2019 22:30:19.016]  Write: 58,49,49,150,89,152,153,154,155,1,1,34,1,98,58,13,10
[17.09.2019 22:30:19.034]  Read: 58,49,49,150,89,152,153,154,155,1,1,34,1,98,58,13,10
[17.09.2019 22:30:19.046]  Write: 58,49,49,150,90,152,153,154,155,1,1,161,1,130,58,13,10
[17.09.2019 22:30:19.063]  Read: 58,49,49,150,90,152,153,154,155,1,1,161,1,130,58,13,10
[17.09.2019 22:30:19.079]  Write: 58,49,49,150,91,152,153,154,155,1,1,154,1,159,58,13,10
[17.09.2019 22:30:19.093]  Read: 58,49,49,150,91,152,153,154,155,1,1,154,1,159,58,13,10
[17.09.2019 22:30:19.109]  Write: 58,49,49,150,92,152,153,154,155,1,1,13,1,36,58,13,10
[17.09.2019 22:30:19.126]  Read: 58,49,49,150,92,152,153,154,155,1,1,13,1,36,58,13,10
[17.09.2019 22:30:19.139]  Write: 58,49,49,150,93,152,153,154,155,1,1,91,1,44,58,13,10
[17.09.2019 22:30:19.152]  Read: 58,49,49,150,93,152,153,154,155,1,1,91,1,44,58,13,10
[17.09.2019 22:30:19.170]  Write: 58,49,49,150,94,152,153,154,155,1,1,183,1,129,58,13,10
[17.09.2019 22:30:19.185]  Read: 58,49,49,150,94,152,153,154,155,1,1,183,1,129,58,13,10
[17.09.2019 22:30:19.195]  Write: 58,49,49,150,95,152,153,154,155,1,1,27,1,254,58,13,10
[17.09.2019 22:30:19.209]  Read: 58,49,49,150,95,152,153,154,155,1,1,27,1,254,58,13,10
[17.09.2019 22:30:19.219]  Write: 58,49,49,150,96,152,153,154,155,1,1,163,1,162,58,13,10
[17.09.2019 22:30:19.233]  Read: 58,49,49,150,96,152,153,154,155,1,1,163,1,162,58,13,10
[17.09.2019 22:30:19.245]  Write: 58,49,49,150,97,152,153,154,155,1,1,224,1,179,58,13,10
[17.09.2019 22:30:19.257]  Read: 58,49,49,150,97,152,153,154,155,1,1,224,1,179,58,13,10
[17.09.2019 22:30:19.268]  Write: 58,49,49,150,98,152,153,154,155,1,1,186,1,84,58,13,10
[17.09.2019 22:30:19.278]  Read: 58,49,49,150,98,152,153,154,155,1,1,186,1,84,58,13,10
[17.09.2019 22:30:19.297]  Write: 58,49,49,150,99,152,153,154,155,1,1,69,1,96,58,13,10
[17.09.2019 22:30:19.314]  Read: 58,49,49,150,99,152,153,154,155,1,1,69,1,96,58,13,10
[17.09.2019 22:30:19.330]  Write: 58,49,49,150,100,152,153,154,155,1,1,22,1,242,58,13,10
[17.09.2019 22:30:19.346]  Read: 58,49,49,150,100,152,153,154,155,1,1,22,1,242,58,13,10
[17.09.2019 22:30:19.355]  Write: 58,49,49,150,101,152,153,154,155,1,1,24,1,42,58,13,10
[17.09.2019 22:30:19.369]  Read: 58,49,49,150,101,152,153,154,155,1,1,24,1,42,58,13,10
[17.09.2019 22:30:19.382]  Write: 58,49,49,150,102,152,153,154,155,1,1,39,1,239,58,13,10
[17.09.2019 22:30:19.397]  Read: 58,49,49,150,102,152,153,154,155,1,1,39,1,239,58,13,10
[17.09.2019 22:30:19.407]  Write: 58,49,49,150,103,152,153,154,155,1,1,220,1,88,58,13,10
[17.09.2019 22:30:19.419]  Read: 58,49,49,150,103,152,153,154,155,1,1,220,1,88,58,13,10
[17.09.2019 22:30:19.432]  Write: 58,49,49,150,104,152,153,154,155,1,1,42,1,31,58,13,10
[17.09.2019 22:30:19.449]  Read: 58,49,49,150,104,152,153,154,155,1,1,42,1,31,58,13,10
[17.09.2019 22:30:19.458]  Write: 58,49,49,150,105,152,153,154,155,1,1,60,1,158,58,13,10
[17.09.2019 22:30:19.468]  Read: 58,49,49,150,105,152,153,154,155,1,1,60,1,158,58,13,10
[17.09.2019 22:30:19.478]  Write: 58,49,49,150,106,152,153,154,155,1,1,50,1,29,58,13,10
[17.09.2019 22:30:19.496]  Read: 58,49,49,150,106,152,153,154,155,1,1,50,1,29,58,13,10
[17.09.2019 22:30:19.510]  Write: 58,49,49,150,107,152,153,154,155,1,1,157,1,206,58,13,10
[17.09.2019 22:30:19.531]  Read: 58,49,49,150,107,152,153,154,155,1,1,157,1,206,58,13,10
[17.09.2019 22:30:19.547]  Write: 58,49,49,150,108,152,153,154,155,1,1,213,1,40,58,13,10
[17.09.2019 22:30:19.567]  Read: 58,49,49,150,108,152,153,154,155,1,1,213,1,40,58,13,10
[17.09.2019 22:30:19.584]  Write: 58,49,49,150,109,152,153,154,155,1,1,53,1,235,58,13,10
[17.09.2019 22:30:19.595]  Read: 58,49,49,150,109,152,153,154,155,1,1,53,1,235,58,13,10
[17.09.2019 22:30:19.607]  Write: 58,49,49,150,110,152,153,154,155,1,1,4,1,67,58,13,10
[17.09.2019 22:30:19.625]  Read: 58,49,49,150,110,152,153,154,155,1,1,4,1,67,58,13,10
[17.09.2019 22:30:19.637]  Write: 58,49,49,150,111,152,153,154,155,1,1,243,1,64,58,13,10
[17.09.2019 22:30:19.651]  Read: 58,49,49,150,111,152,153,154,155,1,1,243,1,64,58,13,10
[17.09.2019 22:30:19.668]  Write: 58,49,49,150,112,152,153,154,155,1,1,209,1,250,58,13,10
[17.09.2019 22:30:19.947]  Read: 0,0,0,0,0,0,0,0,0,0,0,0,0,0,0,0,0
[17.09.2019 22:30:19.957]  Write: 58,49,49,150,113,152,153,154,155,1,1,129,1,168,58,13,10
[17.09.2019 22:30:19.977]  Read: 58,49,10,58,49,49,150,113,152,153,154,155,1,1,129,1,168
[17.09.2019 22:30:19.986]  Write: 58,49,49,150,114,152,153,154,155,1,1,238,1,138,58,13,10
[17.09.2019 22:30:19.996]  Read: 58,49,49,150,114,152,153,154,155,1,1,238,1,138,58,13,10
[17.09.2019 22:30:20.004]  Write: 58,49,49,150,115,152,153,154,155,1,1,210,1,57,58,13,10
[17.09.2019 22:30:20.014]  Read: 58,49,49,150,115,152,153,154,155,1,1,210,1,57,58,13,10
[17.09.2019 22:30:20.022]  Write: 58,49,49,150,116,152,153,154,155,1,1,9,1,191,58,13,10
[17.09.2019 22:30:20.031]  Read: 58,49,49,150,116,152,153,154,155,1,1,9,1,191,58,13,10
[17.09.2019 22:30:20.182]  Write: 58,49,49,150,117,152,153,154,155,1,1,193,1,151,58,13,10
[17.09.2019 22:30:20.204]  Read: 58,49,49,150,117,152,153,154,155,1,1,193,1,151,58,13,10
[17.09.2019 22:30:20.297]  Write: 58,49,49,150,118,152,153,154,155,1,1,164,1,91,58,13,10
[17.09.2019 22:30:20.318]  Read: 58,49,49,150,118,152,153,154,155,1,1,164,1,91,58,13,10
[17.09.2019 22:30:20.335]  Write: 58,49,49,150,119,152,153,154,155,1,1,90,1,155,58,13,10
[17.09.2019 22:30:20.355]  Read: 58,49,49,150,119,152,153,154,155,1,1,90,1,155,58,13,10
[17.09.2019 22:30:20.372]  Write: 58,49,49,150,120,152,153,154,155,1,1,18,1,32,58,13,10
[17.09.2019 22:30:20.401]  Read: 58,49,49,150,120,152,153,154,155,1,1,18,1,32,58,13,10
[17.09.2019 22:30:20.437]  Write: 58,49,49,150,121,152,153,154,155,1,1,6,1,120,58,13,10
[17.09.2019 22:30:20.452]  Read: 58,49,49,150,121,152,153,154,155,1,1,6,1,120,58,13,10
[17.09.2019 22:30:20.462]  Write: 58,49,49,150,122,152,153,154,155,1,1,150,1,219,58,13,10
[17.09.2019 22:30:20.473]  Read: 58,49,49,150,122,152,153,154,155,1,1,150,1,219,58,13,10
[17.09.2019 22:30:20.486]  Write: 58,49,49,150,123,152,153,154,155,1,1,40,1,146,58,13,10
[17.09.2019 22:30:20.502]  Read: 58,49,49,150,123,152,153,154,155,1,1,40,1,146,58,13,10
[17.09.2019 22:30:20.515]  Write: 58,49,49,150,124,152,153,154,155,1,1,11,1,59,58,13,10
[17.09.2019 22:30:20.526]  Read: 58,49,49,150,124,152,153,154,155,1,1,11,1,59,58,13,10
[17.09.2019 22:30:20.535]  Write: 58,49,49,150,125,152,153,154,155,1,1,252,1,56,58,13,10
[17.09.2019 22:30:20.552]  Read: 58,49,49,150,125,152,153,154,155,1,1,252,1,56,58,13,10
[17.09.2019 22:30:20.562]  Write: 58,49,49,150,126,152,153,154,155,1,1,144,1,55,58,13,10
[17.09.2019 22:30:20.575]  Read: 58,49,49,150,126,152,153,154,155,1,1,144,1,55,58,13,10
[17.09.2019 22:30:20.585]  Write: 58,49,49,150,127,152,153,154,155,1,1,146,1,91,58,13,10
[17.09.2019 22:30:20.600]  Read: 58,49,49,150,127,152,153,154,155,1,1,146,1,91,58,13,10
[17.09.2019 22:30:20.613]  Write: 58,49,49,150,128,152,153,154,155,1,1,50,1,241,58,13,10
[17.09.2019 22:30:20.627]  Read: 58,49,49,150,128,152,153,154,155,1,1,50,1,241,58,13,10
[17.09.2019 22:30:20.646]  Write: 58,49,49,150,129,152,153,154,155,1,1,10,1,193,58,13,10
[17.09.2019 22:30:20.662]  Read: 58,49,49,150,129,152,153,154,155,1,1,10,1,193,58,13,10
[17.09.2019 22:30:20.673]  Write: 58,49,49,150,130,152,153,154,155,1,1,144,1,140,58,13,10
[17.09.2019 22:30:20.687]  Read: 58,49,49,150,130,152,153,154,155,1,1,144,1,140,58,13,10
[17.09.2019 22:30:20.696]  Write: 58,49,49,150,131,152,153,154,155,1,1,249,1,175,58,13,10
[17.09.2019 22:30:20.713]  Read: 58,49,49,150,131,152,153,154,155,1,1,249,1,175,58,13,10
[17.09.2019 22:30:20.720]  Write: 58,49,49,150,132,152,153,154,155,1,1,252,1,128,58,13,10
[17.09.2019 22:30:20.730]  Read: 58,49,49,150,132,152,153,154,155,1,1,252,1,128,58,13,10
[17.09.2019 22:30:20.738]  Write: 58,49,49,150,133,152,153,154,155,1,1,87,1,208,58,13,10
[17.09.2019 22:30:20.748]  Read: 58,49,49,150,133,152,153,154,155,1,1,87,1,208,58,13,10
[17.09.2019 22:30:20.756]  Write: 58,49,49,150,134,152,153,154,155,1,1,40,1,15,58,13,10
[17.09.2019 22:30:20.769]  Read: 58,49,49,150,134,152,153,154,155,1,1,40,1,15,58,13,10
[17.09.2019 22:30:20.779]  Write: 58,49,49,150,135,152,153,154,155,1,1,140,1,85,58,13,10
[17.09.2019 22:30:20.793]  Read: 58,49,49,150,135,152,153,154,155,1,1,140,1,85,58,13,10
[17.09.2019 22:30:20.807]  Write: 58,49,49,150,136,152,153,154,155,1,1,60,1,193,58,13,10
[17.09.2019 22:30:20.825]  Read: 58,49,49,150,136,152,153,154,155,1,1,60,1,193,58,13,10
[17.09.2019 22:30:20.836]  Write: 58,49,49,150,137,152,153,154,155,1,1,87,1,59,58,13,10
[17.09.2019 22:30:20.853]  Read: 58,49,49,150,137,152,153,154,155,1,1,87,1,59,58,13,10
[17.09.2019 22:30:20.873]  Write: 58,49,49,150,138,152,153,154,155,1,1,250,1,106,58,13,10
[17.09.2019 22:30:20.889]  Read: 58,49,49,150,138,152,153,154,155,1,1,250,1,106,58,13,10
[17.09.2019 22:30:20.902]  Write: 58,49,49,150,139,152,153,154,155,1,1,109,1,60,58,13,10
[17.09.2019 22:30:20.921]  Read: 58,49,49,150,139,152,153,154,155,1,1,109,1,60,58,13,10
[17.09.2019 22:30:20.938]  Write: 58,49,49,150,140,152,153,154,155,1,1,227,1,71,58,13,10
[17.09.2019 22:30:20.952]  Read: 58,49,49,150,140,152,153,154,155,1,1,227,1,71,58,13,10
[17.09.2019 22:30:20.961]  Write: 58,49,49,150,141,152,153,154,155,1,1,223,1,153,58,13,10
[17.09.2019 22:30:20.973]  Read: 58,49,49,150,141,152,153,154,155,1,1,223,1,153,58,13,10
[17.09.2019 22:30:20.985]  Write: 58,49,49,150,142,152,153,154,155,1,1,33,1,2,58,13,10
[17.09.2019 22:30:21.001]  Read: 58,49,49,150,142,152,153,154,155,1,1,33,1,2,58,13,10
[17.09.2019 22:30:21.018]  Write: 58,49,49,150,143,152,153,154,155,1,1,181,1,121,58,13,10
[17.09.2019 22:30:21.032]  Read: 58,49,49,150,143,152,153,154,155,1,1,181,1,121,58,13,10
[17.09.2019 22:30:21.050]  Write: 58,49,49,150,144,152,153,154,155,1,1,30,1,35,58,13,10
[17.09.2019 22:30:21.065]  Read: 58,49,49,150,144,152,153,154,155,1,1,30,1,35,58,13,10
[17.09.2019 22:30:21.078]  Write: 58,49,49,150,145,152,153,154,155,1,1,173,1,42,58,13,10
[17.09.2019 22:30:21.089]  Read: 58,49,49,150,145,152,153,154,155,1,1,173,1,42,58,13,10
[17.09.2019 22:30:21.102]  Write: 58,49,49,150,146,152,153,154,155,1,1,200,1,230,58,13,10
[17.09.2019 22:30:21.113]  Read: 58,49,49,150,146,152,153,154,155,1,1,200,1,230,58,13,10
[17.09.2019 22:30:21.126]  Write: 58,49,49,150,147,152,153,154,155,1,1,139,1,247,58,13,10
[17.09.2019 22:30:21.144]  Read: 58,49,49,150,147,152,153,154,155,1,1,139,1,247,58,13,10
[17.09.2019 22:30:21.153]  Write: 58,49,49,150,148,152,153,154,155,1,1,109,1,131,58,13,10
[17.09.2019 22:30:21.162]  Read: 58,49,49,150,148,152,153,154,155,1,1,109,1,131,58,13,10
[17.09.2019 22:30:21.170]  Write: 58,49,49,150,149,152,153,154,155,1,1,228,1,214,58,13,10
[17.09.2019 22:30:21.179]  Read: 58,49,49,150,149,152,153,154,155,1,1,228,1,214,58,13,10
[17.09.2019 22:30:21.187]  Write: 58,49,49,150,150,152,153,154,155,1,1,17,1,87,58,13,10
[17.09.2019 22:30:21.198]  Read: 58,49,49,150,150,152,153,154,155,1,1,17,1,87,58,13,10
[17.09.2019 22:30:21.207]  Write: 58,49,49,150,151,152,153,154,155,1,1,225,1,250,58,13,10
[17.09.2019 22:30:21.224]  Read: 58,49,49,150,151,152,153,154,155,1,1,225,1,250,58,13,10
[17.09.2019 22:30:21.237]  Write: 58,49,49,150,152,152,153,154,155,1,1,59,1,213,58,13,10
[17.09.2019 22:30:21.256]  Read: 58,49,49,150,152,152,153,154,155,1,1,59,1,213,58,13,10
[17.09.2019 22:30:21.267]  Write: 58,49,49,150,153,152,153,154,155,1,1,95,1,182,58,13,10
[17.09.2019 22:30:21.279]  Read: 58,49,49,150,153,152,153,154,155,1,1,95,1,182,58,13,10
[17.09.2019 22:30:21.290]  Write: 58,49,49,150,154,152,153,154,155,1,1,50,1,77,58,13,10
[17.09.2019 22:30:21.304]  Read: 58,49,49,150,154,152,153,154,155,1,1,50,1,77,58,13,10
[17.09.2019 22:30:21.314]  Write: 58,49,49,150,155,152,153,154,155,1,1,16,1,253,58,13,10
[17.09.2019 22:30:21.325]  Read: 58,49,49,150,155,152,153,154,155,1,1,16,1,253,58,13,10
[17.09.2019 22:30:21.335]  Write: 58,49,49,150,156,152,153,154,155,1,1,129,1,28,58,13,10
[17.09.2019 22:30:21.352]  Read: 58,49,49,150,156,152,153,154,155,1,1,129,1,28,58,13,10
[17.09.2019 22:30:21.365]  Write: 58,49,49,150,157,152,153,154,155,1,1,254,1,11,58,13,10
[17.09.2019 22:30:21.376]  Read: 58,49,49,150,157,152,153,154,155,1,1,254,1,11,58,13,10
[17.09.2019 22:30:21.386]  Write: 58,49,49,150,158,152,153,154,155,1,1,209,1,160,58,13,10
[17.09.2019 22:30:21.400]  Read: 58,49,49,150,158,152,153,154,155,1,1,209,1,160,58,13,10
[17.09.2019 22:30:21.414]  Write: 58,49,49,150,159,152,153,154,155,1,1,46,1,148,58,13,10
[17.09.2019 22:30:21.431]  Read: 58,49,49,150,159,152,153,154,155,1,1,46,1,148,58,13,10
[17.09.2019 22:30:21.449]  Write: 58,49,49,150,160,152,153,154,155,1,1,172,1,148,58,13,10
[17.09.2019 22:30:21.464]  Read: 58,49,49,150,160,152,153,154,155,1,1,172,1,148,58,13,10
[17.09.2019 22:30:21.474]  Write: 58,49,49,150,161,152,153,154,155,1,1,159,1,190,58,13,10
[17.09.2019 22:30:21.486]  Read: 58,49,49,150,161,152,153,154,155,1,1,159,1,190,58,13,10
[17.09.2019 22:30:21.501]  Write: 58,49,49,150,162,152,153,154,155,1,1,107,1,203,58,13,10
[17.09.2019 22:30:21.512]  Read: 58,49,49,150,162,152,153,154,155,1,1,107,1,203,58,13,10
[17.09.2019 22:30:21.522]  Write: 58,49,49,150,163,152,153,154,155,1,1,203,1,86,58,13,10
[17.09.2019 22:30:21.533]  Read: 58,49,49,150,163,152,153,154,155,1,1,203,1,86,58,13,10
[17.09.2019 22:30:21.543]  Write: 58,49,49,150,164,152,153,154,155,1,1,164,1,21,58,13,10
[17.09.2019 22:30:21.561]  Read: 58,49,49,150,164,152,153,154,155,1,1,164,1,21,58,13,10
[17.09.2019 22:30:21.579]  Write: 58,49,49,150,165,152,153,154,155,1,1,11,1,198,58,13,10
[17.09.2019 22:30:21.592]  Read: 58,49,49,150,165,152,153,154,155,1,1,11,1,198,58,13,10
[17.09.2019 22:30:21.603]  Write: 58,49,49,150,166,152,153,154,155,1,1,247,1,132,58,13,10
[17.09.2019 22:30:21.615]  Read: 58,49,49,150,166,152,153,154,155,1,1,247,1,132,58,13,10
[17.09.2019 22:30:21.627]  Write: 58,49,49,150,167,152,153,154,155,1,1,121,1,127,58,13,10
[17.09.2019 22:30:21.650]  Read: 58,49,49,150,167,152,153,154,155,1,1,121,1,127,58,13,10
[17.09.2019 22:30:21.669]  Write: 58,49,49,150,168,152,153,154,155,1,1,89,1,166,58,13,10
[17.09.2019 22:30:21.688]  Read: 58,49,49,150,168,152,153,154,155,1,1,89,1,166,58,13,10
[17.09.2019 22:30:21.703]  Write: 58,49,49,150,169,152,153,154,155,1,1,97,1,150,58,13,10
[17.09.2019 22:30:21.721]  Read: 58,49,49,150,169,152,153,154,155,1,1,97,1,150,58,13,10
[17.09.2019 22:30:21.738]  Write: 58,49,49,150,170,152,153,154,155,1,1,150,1,206,58,13,10
[17.09.2019 22:30:21.757]  Read: 58,49,49,150,170,152,153,154,155,1,1,150,1,206,58,13,10
[17.09.2019 22:30:21.768]  Write: 58,49,49,150,171,152,153,154,155,1,1,178,1,36,58,13,10
[17.09.2019 22:30:21.785]  Read: 58,49,49,150,171,152,153,154,155,1,1,178,1,36,58,13,10
[17.09.2019 22:30:21.793]  Write: 58,49,49,150,172,152,153,154,155,1,1,199,1,48,58,13,10
[17.09.2019 22:30:21.807]  Read: 58,49,49,150,172,152,153,154,155,1,1,199,1,48,58,13,10
[17.09.2019 22:30:21.820]  Write: 58,49,49,150,173,152,153,154,155,1,1,55,1,157,58,13,10
[17.09.2019 22:30:21.832]  Read: 58,49,49,150,173,152,153,154,155,1,1,55,1,157,58,13,10
[17.09.2019 22:30:21.847]  Write: 58,49,49,150,174,152,153,154,155,1,1,118,1,14,58,13,10
[17.09.2019 22:30:21.869]  Read: 58,49,49,150,174,152,153,154,155,1,1,118,1,14,58,13,10
[17.09.2019 22:30:21.889]  Write: 58,49,49,150,175,152,153,154,155,1,1,51,1,69,58,13,10
[17.09.2019 22:30:21.907]  Read: 58,49,49,150,175,152,153,154,155,1,1,51,1,69,58,13,10
[17.09.2019 22:30:21.918]  Write: 58,49,49,150,176,152,153,154,155,1,1,229,1,113,58,13,10
[17.09.2019 22:30:21.935]  Read: 58,49,49,150,176,152,153,154,155,1,1,229,1,113,58,13,10
[17.09.2019 22:30:21.948]  Write: 58,49,49,150,177,152,153,154,155,1,1,224,1,166,58,13,10
[17.09.2019 22:30:21.961]  Read: 58,49,49,150,177,152,153,154,155,1,1,224,1,166,58,13,10
[17.09.2019 22:30:21.970]  Write: 58,49,49,150,178,152,153,154,155,1,1,10,1,208,58,13,10
[17.09.2019 22:30:21.981]  Read: 58,49,49,150,178,152,153,154,155,1,1,10,1,208,58,13,10
[17.09.2019 22:30:21.991]  Write: 58,49,49,150,179,152,153,154,155,1,1,94,1,172,58,13,10
[17.09.2019 22:30:22.008]  Read: 58,49,49,150,179,152,153,154,155,1,1,94,1,172,58,13,10
[17.09.2019 22:30:22.018]  Write: 58,49,49,150,180,152,153,154,155,1,1,51,1,76,58,13,10
[17.09.2019 22:30:22.027]  Read: 58,49,49,150,180,152,153,154,155,1,1,51,1,76,58,13,10
[17.09.2019 22:30:22.036]  Write: 58,49,49,150,181,152,153,154,155,1,1,4,1,229,58,13,10
[17.09.2019 22:30:22.050]  Read: 58,49,49,150,181,152,153,154,155,1,1,4,1,229,58,13,10
[17.09.2019 22:30:22.059]  Write: 58,49,49,150,182,152,153,154,155,1,1,36,1,215,58,13,10
[17.09.2019 22:30:22.076]  Read: 58,49,49,150,182,152,153,154,155,1,1,36,1,215,58,13,10
[17.09.2019 22:30:22.097]  Write: 58,49,49,150,183,152,153,154,155,1,1,78,1,217,58,13,10
[17.09.2019 22:30:22.117]  Read: 58,49,49,150,183,152,153,154,155,1,1,78,1,217,58,13,10
[17.09.2019 22:30:22.134]  Write: 58,49,49,150,184,152,153,154,155,1,1,248,1,23,58,13,10
[17.09.2019 22:30:22.150]  Read: 58,49,49,150,184,152,153,154,155,1,1,248,1,23,58,13,10
[17.09.2019 22:30:22.164]  Write: 58,49,49,150,185,152,153,154,155,1,1,175,1,235,58,13,10
[17.09.2019 22:30:22.182]  Read: 58,49,49,150,185,152,153,154,155,1,1,175,1,235,58,13,10
[17.09.2019 22:30:22.195]  Write: 58,49,49,150,186,152,153,154,155,1,1,190,1,159,58,13,10
[17.09.2019 22:30:22.214]  Read: 58,49,49,150,186,152,153,154,155,1,1,190,1,159,58,13,10
[17.09.2019 22:30:22.223]  Write: 58,49,49,150,187,152,153,154,155,1,1,156,1,47,58,13,10
[17.09.2019 22:30:22.239]  Read: 58,49,49,150,187,152,153,154,155,1,1,156,1,47,58,13,10
[17.09.2019 22:30:22.253]  Write: 58,49,49,150,188,152,153,154,155,1,1,37,1,37,58,13,10
[17.09.2019 22:30:22.273]  Read: 58,49,49,150,188,152,153,154,155,1,1,37,1,37,58,13,10
[17.09.2019 22:30:22.285]  Write: 58,49,49,150,189,152,153,154,155,1,1,24,1,98,58,13,10
[17.09.2019 22:30:22.299]  Read: 58,49,49,150,189,152,153,154,155,1,1,24,1,98,58,13,10
[17.09.2019 22:30:22.311]  Write: 58,49,49,150,190,152,153,154,155,1,1,10,1,59,58,13,10
[17.09.2019 22:30:22.329]  Read: 58,49,49,150,190,152,153,154,155,1,1,10,1,59,58,13,10
[17.09.2019 22:30:22.340]  Write: 58,49,49,150,191,152,153,154,155,1,1,62,1,191,58,13,10
[17.09.2019 22:30:22.350]  Read: 58,49,49,150,191,152,153,154,155,1,1,62,1,191,58,13,10
[17.09.2019 22:30:22.360]  Write: 58,49,49,150,192,152,153,154,155,1,1,133,1,68,58,13,10
[17.09.2019 22:30:22.377]  Read: 58,49,49,150,192,152,153,154,155,1,1,133,1,68,58,13,10
[17.09.2019 22:30:22.388]  Write: 58,49,49,150,193,152,153,154,155,1,1,204,1,187,58,13,10
[17.09.2019 22:30:22.398]  Read: 58,49,49,150,193,152,153,154,155,1,1,204,1,187,58,13,10
[17.09.2019 22:30:22.407]  Write: 58,49,49,150,194,152,153,154,155,1,1,193,1,21,58,13,10
[17.09.2019 22:30:22.424]  Read: 58,49,49,150,194,152,153,154,155,1,1,193,1,21,58,13,10
[17.09.2019 22:30:22.434]  Write: 58,49,49,150,195,152,153,154,155,1,1,68,1,244,58,13,10
[17.09.2019 22:30:22.447]  Read: 58,49,49,150,195,152,153,154,155,1,1,68,1,244,58,13,10
[17.09.2019 22:30:22.468]  Write: 58,49,49,150,196,152,153,154,155,1,1,116,1,30,58,13,10
[17.09.2019 22:30:22.485]  Read: 58,49,49,150,196,152,153,154,155,1,1,116,1,30,58,13,10
[17.09.2019 22:30:22.501]  Write: 58,49,49,150,197,152,153,154,155,1,1,86,1,174,58,13,10
[17.09.2019 22:30:22.518]  Read: 58,49,49,150,197,152,153,154,155,1,1,86,1,174,58,13,10
[17.09.2019 22:30:22.528]  Write: 58,49,49,150,198,152,153,154,155,1,1,17,1,236,58,13,10
[17.09.2019 22:30:22.544]  Read: 58,49,49,150,198,152,153,154,155,1,1,17,1,236,58,13,10
[17.09.2019 22:30:22.557]  Write: 58,49,49,150,199,152,153,154,155,1,1,19,1,11,58,13,10
[17.09.2019 22:30:22.571]  Read: 58,49,49,150,199,152,153,154,155,1,1,19,1,11,58,13,10
[17.09.2019 22:30:22.582]  Write: 58,49,49,150,200,152,153,154,155,1,1,181,1,171,58,13,10
[17.09.2019 22:30:22.600]  Read: 58,49,49,150,200,152,153,154,155,1,1,181,1,171,58,13,10
[17.09.2019 22:30:22.609]  Write: 58,49,49,150,201,152,153,154,155,1,1,78,1,28,58,13,10
[17.09.2019 22:30:22.620]  Read: 58,49,49,150,201,152,153,154,155,1,1,78,1,28,58,13,10
[17.09.2019 22:30:22.632]  Write: 58,49,49,150,202,152,153,154,155,1,1,50,1,98,58,13,10
[17.09.2019 22:30:22.658]  Read: 58,49,49,150,202,152,153,154,155,1,1,50,1,98,58,13,10
[17.09.2019 22:30:22.669]  Write: 58,49,49,150,203,152,153,154,155,1,1,11,1,185,58,13,10
[17.09.2019 22:30:22.688]  Read: 58,49,49,150,203,152,153,154,155,1,1,11,1,185,58,13,10
[17.09.2019 22:30:22.705]  Write: 58,49,49,150,204,152,153,154,155,1,1,78,1,31,58,13,10
[17.09.2019 22:30:22.721]  Read: 58,49,49,150,204,152,153,154,155,1,1,78,1,31,58,13,10
[17.09.2019 22:30:22.735]  Write: 58,49,49,150,205,152,153,154,155,1,1,95,1,48,58,13,10
[17.09.2019 22:30:22.749]  Read: 58,49,49,150,205,152,153,154,155,1,1,95,1,48,58,13,10
[17.09.2019 22:30:22.762]  Write: 58,49,49,150,206,152,153,154,155,1,1,25,1,3,58,13,10
[17.09.2019 22:30:22.780]  Read: 58,49,49,150,206,152,153,154,155,1,1,25,1,3,58,13,10
[17.09.2019 22:30:22.795]  Write: 58,49,49,150,207,152,153,154,155,1,1,3,1,56,58,13,10
[17.09.2019 22:30:22.811]  Read: 58,49,49,150,207,152,153,154,155,1,1,3,1,56,58,13,10
[17.09.2019 22:30:22.826]  Write: 58,49,49,150,208,152,153,154,155,1,1,233,1,31,58,13,10
[17.09.2019 22:30:22.848]  Read: 58,49,49,150,208,152,153,154,155,1,1,233,1,31,58,13,10
[17.09.2019 22:30:22.860]  Write: 58,49,49,150,209,152,153,154,155,1,1,255,1,158,58,13,10
[17.09.2019 22:30:22.874]  Read: 58,49,49,150,209,152,153,154,155,1,1,255,1,158,58,13,10
[17.09.2019 22:30:22.889]  Write: 58,49,49,150,210,152,153,154,155,1,1,42,1,195,58,13,10
[17.09.2019 22:30:22.907]  Read: 58,49,49,150,210,152,153,154,155,1,1,42,1,195,58,13,10
[17.09.2019 22:30:22.923]  Write: 58,49,49,150,211,152,153,154,155,1,1,161,1,244,58,13,10
[17.09.2019 22:30:22.937]  Read: 58,49,49,150,211,152,153,154,155,1,1,161,1,244,58,13,10
[17.09.2019 22:30:22.948]  Write: 58,49,49,150,212,152,153,154,155,1,1,243,1,41,58,13,10
[17.09.2019 22:30:22.961]  Read: 58,49,49,150,212,152,153,154,155,1,1,243,1,41,58,13,10
[17.09.2019 22:30:22.973]  Write: 58,49,49,150,213,152,153,154,155,1,1,115,1,191,58,13,10
[17.09.2019 22:30:22.984]  Read: 58,49,49,150,213,152,153,154,155,1,1,115,1,191,58,13,10
[17.09.2019 22:30:22.994]  Write: 58,49,49,150,214,152,153,154,155,1,1,250,1,177,58,13,10
[17.09.2019 22:30:23.009]  Read: 58,49,49,150,214,152,153,154,155,1,1,250,1,177,58,13,10
[17.09.2019 22:30:23.021]  Write: 58,49,49,150,215,152,153,154,155,1,1,168,1,58,58,13,10
[17.09.2019 22:30:23.032]  Read: 58,49,49,150,215,152,153,154,155,1,1,168,1,58,58,13,10
[17.09.2019 22:30:23.043]  Write: 58,49,49,150,216,152,153,154,155,1,1,122,1,34,58,13,10
[17.09.2019 22:30:23.054]  Read: 58,49,49,150,216,152,153,154,155,1,1,122,1,34,58,13,10
[17.09.2019 22:30:23.065]  Write: 58,49,49,150,217,152,153,154,155,1,1,28,1,152,58,13,10
[17.09.2019 22:30:23.080]  Read: 58,49,49,150,217,152,153,154,155,1,1,28,1,152,58,13,10
[17.09.2019 22:30:23.092]  Write: 58,49,49,150,218,152,153,154,155,1,1,210,1,177,58,13,10
[17.09.2019 22:30:23.108]  Read: 58,49,49,150,218,152,153,154,155,1,1,210,1,177,58,13,10
[17.09.2019 22:30:23.118]  Write: 58,49,49,150,219,152,153,154,155,1,1,245,1,118,58,13,10
[17.09.2019 22:30:23.142]  Read: 58,49,49,150,219,152,153,154,155,1,1,245,1,118,58,13,10
[17.09.2019 22:30:23.156]  Write: 58,49,49,150,220,152,153,154,155,1,1,77,1,221,58,13,10
[17.09.2019 22:30:23.169]  Read: 58,49,49,150,220,152,153,154,155,1,1,77,1,221,58,13,10
[17.09.2019 22:30:23.178]  Write: 58,49,49,150,221,152,153,154,155,1,1,91,1,9,58,13,10
[17.09.2019 22:30:23.192]  Read: 58,49,49,150,221,152,153,154,155,1,1,91,1,9,58,13,10
[17.09.2019 22:30:23.205]  Write: 58,49,49,150,222,152,153,154,155,1,1,84,1,126,58,13,10
[17.09.2019 22:30:23.217]  Read: 58,49,49,150,222,152,153,154,155,1,1,84,1,126,58,13,10
[17.09.2019 22:30:23.227]  Write: 58,49,49,150,223,152,153,154,155,1,1,64,1,38,58,13,10
[17.09.2019 22:30:23.240]  Read: 58,49,49,150,223,152,153,154,155,1,1,64,1,38,58,13,10
[17.09.2019 22:30:23.250]  Write: 58,49,49,150,224,152,153,154,155,1,1,86,1,232,58,13,10
[17.09.2019 22:30:23.261]  Read: 58,49,49,150,224,152,153,154,155,1,1,86,1,232,58,13,10
[17.09.2019 22:30:23.272]  Write: 58,49,49,150,225,152,153,154,155,1,1,87,1,169,58,13,10
[17.09.2019 22:30:23.288]  Read: 58,49,49,150,225,152,153,154,155,1,1,87,1,169,58,13,10
[17.09.2019 22:30:23.298]  Write: 58,49,49,150,226,152,153,154,155,1,1,44,1,102,58,13,10
[17.09.2019 22:30:23.319]  Read: 58,49,49,150,226,152,153,154,155,1,1,44,1,102,58,13,10
[17.09.2019 22:30:23.334]  Write: 58,49,49,150,227,152,153,154,155,1,1,251,1,185,58,13,10
[17.09.2019 22:30:23.362]  Read: 58,49,49,150,227,152,153,154,155,1,1,251,1,185,58,13,10
[17.09.2019 22:30:23.380]  Write: 58,49,49,150,228,152,153,154,155,1,1,118,1,130,58,13,10
[17.09.2019 22:30:23.396]  Read: 58,49,49,150,228,152,153,154,155,1,1,118,1,130,58,13,10
[17.09.2019 22:30:23.412]  Write: 58,49,49,150,229,152,153,154,155,1,1,50,1,61,58,13,10
[17.09.2019 22:30:23.429]  Read: 58,49,49,150,229,152,153,154,155,1,1,50,1,61,58,13,10
[17.09.2019 22:30:23.447]  Write: 58,49,49,150,230,152,153,154,155,1,1,190,1,68,58,13,10
[17.09.2019 22:30:23.464]  Read: 58,49,49,150,230,152,153,154,155,1,1,190,1,68,58,13,10
[17.09.2019 22:30:23.541]  Write: 58,49,49,150,231,152,153,154,155,1,1,143,1,183,58,13,10
[17.09.2019 22:30:23.559]  Read: 58,49,49,150,231,152,153,154,155,1,1,143,1,183,58,13,10
[17.09.2019 22:30:23.580]  Write: 58,49,49,150,232,152,153,154,155,1,1,207,1,59,58,13,10
[17.09.2019 22:30:23.598]  Read: 58,49,49,150,232,152,153,154,155,1,1,207,1,59,58,13,10
[17.09.2019 22:30:23.617]  Write: 58,49,49,150,233,152,153,154,155,1,1,247,1,11,58,13,10
[17.09.2019 22:30:23.636]  Read: 58,49,49,150,233,152,153,154,155,1,1,247,1,11,58,13,10
[17.09.2019 22:30:23.645]  Write: 58,49,49,150,234,152,153,154,155,1,1,168,1,155,58,13,10
[17.09.2019 22:30:23.658]  Read: 58,49,49,150,234,152,153,154,155,1,1,168,1,155,58,13,10
[17.09.2019 22:30:23.670]  Write: 58,49,49,150,235,152,153,154,155,1,1,229,1,231,58,13,10
[17.09.2019 22:30:23.688]  Read: 58,49,49,150,235,152,153,154,155,1,1,229,1,231,58,13,10
[17.09.2019 22:30:23.698]  Write: 58,49,49,150,236,152,153,154,155,1,1,209,1,142,58,13,10
[17.09.2019 22:30:23.709]  Read: 58,49,49,150,236,152,153,154,155,1,1,209,1,142,58,13,10
[17.09.2019 22:30:23.726]  Write: 58,49,49,150,237,152,153,154,155,1,1,25,1,166,58,13,10
[17.09.2019 22:30:23.768]  Read: 58,49,49,150,237,152,153,154,155,1,1,25,1,166,58,13,10
[17.09.2019 22:30:23.782]  Write: 58,49,49,150,238,152,153,154,155,1,1,1,1,17,58,13,10
[17.09.2019 22:30:23.800]  Read: 58,49,49,150,238,152,153,154,155,1,1,1,1,17,58,13,10
[17.09.2019 22:30:23.811]  Write: 58,49,49,150,239,152,153,154,155,1,1,152,1,42,58,13,10
[17.09.2019 22:30:23.821]  Read: 58,49,49,150,239,152,153,154,155,1,1,152,1,42,58,13,10
[17.09.2019 22:30:23.830]  Write: 58,49,49,150,240,152,153,154,155,1,1,149,1,213,58,13,10
[17.09.2019 22:30:23.848]  Read: 58,49,49,150,240,152,153,154,155,1,1,149,1,213,58,13,10
[17.09.2019 22:30:23.858]  Write: 58,49,49,150,241,152,153,154,155,1,1,186,1,37,58,13,10
[17.09.2019 22:30:23.868]  Read: 58,49,49,150,241,152,153,154,155,1,1,186,1,37,58,13,10
[17.09.2019 22:30:23.877]  Write: 58,49,49,150,242,152,153,154,155,1,1,179,1,8,58,13,10
[17.09.2019 22:30:23.895]  Read: 58,49,49,150,242,152,153,154,155,1,1,179,1,8,58,13,10
[17.09.2019 22:30:23.908]  Write: 58,49,49,150,243,152,153,154,155,1,1,38,1,135,58,13,10
[17.09.2019 22:30:23.918]  Read: 58,49,49,150,243,152,153,154,155,1,1,38,1,135,58,13,10
[17.09.2019 22:30:23.930]  Write: 58,49,49,150,244,152,153,154,155,1,1,238,1,34,58,13,10
[17.09.2019 22:30:23.946]  Read: 58,49,49,150,244,152,153,154,155,1,1,238,1,34,58,13,10
[17.09.2019 22:30:23.960]  Write: 58,49,49,150,245,152,153,154,155,1,1,105,1,16,58,13,10
[17.09.2019 22:30:23.975]  Read: 58,49,49,150,245,152,153,154,155,1,1,105,1,16,58,13,10
[17.09.2019 22:30:23.986]  Write: 58,49,49,150,246,152,153,154,155,1,1,74,1,101,58,13,10
[17.09.2019 22:30:24.001]  Read: 58,49,49,150,246,152,153,154,155,1,1,74,1,101,58,13,10
[17.09.2019 22:30:24.011]  Write: 58,49,49,150,247,152,153,154,155,1,1,18,1,129,58,13,10
[17.09.2019 22:30:24.026]  Read: 58,49,49,150,247,152,153,154,155,1,1,18,1,129,58,13,10
[17.09.2019 22:30:24.040]  Write: 58,49,49,150,248,152,153,154,155,1,1,209,1,130,58,13,10
[17.09.2019 22:30:24.055]  Read: 58,49,49,150,248,152,153,154,155,1,1,209,1,130,58,13,10
[17.09.2019 22:30:24.067]  Write: 58,49,49,150,249,152,153,154,155,1,1,25,1,170,58,13,10
[17.09.2019 22:30:24.078]  Read: 58,49,49,150,249,152,153,154,155,1,1,25,1,170,58,13,10
[17.09.2019 22:30:24.092]  Write: 58,49,49,150,250,152,153,154,155,1,1,201,1,128,58,13,10
[17.09.2019 22:30:24.103]  Read: 58,49,49,150,250,152,153,154,155,1,1,201,1,128,58,13,10
[17.09.2019 22:30:24.113]  Write: 58,49,49,150,251,152,153,154,155,1,1,87,1,21,58,13,10
[17.09.2019 22:30:24.125]  Read: 58,49,49,150,251,152,153,154,155,1,1,87,1,21,58,13,10
[17.09.2019 22:30:24.142]  Write: 58,49,49,150,252,152,153,154,155,1,1,131,1,10,58,13,10
[17.09.2019 22:30:24.156]  Read: 58,49,49,150,252,152,153,154,155,1,1,131,1,10,58,13,10
[17.09.2019 22:30:24.168]  Write: 58,49,49,150,253,152,153,154,155,1,1,27,1,197,58,13,10
[17.09.2019 22:30:24.183]  Read: 58,49,49,150,253,152,153,154,155,1,1,27,1,197,58,13,10
[17.09.2019 22:30:24.196]  Write: 58,49,49,150,254,152,153,154,155,1,1,198,1,175,58,13,10
[17.09.2019 22:30:24.208]  Read: 58,49,49,150,254,152,153,154,155,1,1,198,1,175,58,13,10
[17.09.2019 22:30:24.223]  Write: 58,49,49,150,255,152,153,154,155,1,1,90,1,227,58,13,10
[17.09.2019 22:30:24.236]  Read: 58,49,49,150,255,152,153,154,155,1,1,90,1,227,58,13,10
[17.09.2019 22:30:24.245]  Write: 58,49,49,150,1,152,153,154,155,1,1,250,1,252,58,13,10
[17.09.2019 22:30:24.263]  Read: 58,49,49,150,1,152,153,154,155,1,1,250,1,252,58,13,10
[17.09.2019 22:30:24.278]  Write: 58,49,49,150,1,152,153,154,155,1,1,242,1,203,58,13,10
[17.09.2019 22:30:24.295]  Read: 58,49,49,150,1,152,153,154,155,1,1,242,1,203,58,13,10
[17.09.2019 22:30:24.305]  Write: 58,49,49,150,1,152,153,154,155,1,1,181,1,236,58,13,10
[17.09.2019 22:30:24.316]  Read: 58,49,49,150,1,152,153,154,155,1,1,181,1,236,58,13,10
[17.09.2019 22:30:24.328]  Write: 58,49,49,150,1,152,153,154,155,1,1,246,1,72,58,13,10
[17.09.2019 22:30:24.346]  Read: 58,49,49,150,1,152,153,154,155,1,1,246,1,72,58,13,10
[17.09.2019 22:30:24.361]  Write: 58,49,49,150,1,152,153,154,155,1,1,51,1,149,58,13,10
[17.09.2019 22:30:24.375]  Read: 58,49,49,150,1,152,153,154,155,1,1,51,1,149,58,13,10
[17.09.2019 22:30:24.386]  Write: 58,49,49,150,1,152,153,154,155,1,1,30,1,9,58,13,10
[17.09.2019 22:30:24.396]  Read: 58,49,49,150,1,152,153,154,155,1,1,30,1,9,58,13,10
[17.09.2019 22:30:24.407]  Write: 58,49,49,150,1,152,153,154,155,1,1,141,1,105,58,13,10
[17.09.2019 22:30:24.423]  Read: 58,49,49,150,1,152,153,154,155,1,1,141,1,105,58,13,10
[17.09.2019 22:30:24.433]  Write: 58,49,49,150,1,152,153,154,155,1,1,182,1,193,58,13,10
[17.09.2019 22:30:24.448]  Read: 58,49,49,150,1,152,153,154,155,1,1,182,1,193,58,13,10
[17.09.2019 22:30:24.460]  Write: 58,49,49,150,1,152,153,154,155,1,1,64,1,131,58,13,10
[17.09.2019 22:30:24.471]  Read: 58,49,49,150,1,152,153,154,155,1,1,64,1,131,58,13,10
[17.09.2019 22:30:24.481]  Write: 58,49,49,150,1,152,153,154,155,1,1,154,1,169,58,13,10
[17.09.2019 22:30:24.491]  Read: 58,49,49,150,1,152,153,154,155,1,1,154,1,169,58,13,10
[17.09.2019 22:30:24.500]  Write: 58,49,49,150,1,152,153,154,155,1,1,210,1,23,58,13,10
[17.09.2019 22:30:24.513]  Read: 58,49,49,150,1,152,153,154,155,1,1,210,1,23,58,13,10
[17.09.2019 22:30:24.526]  Write: 58,49,49,150,1,152,153,154,155,1,1,251,1,8,58,13,10
[17.09.2019 22:30:24.544]  Read: 58,49,49,150,1,152,153,154,155,1,1,251,1,8,58,13,10
[17.09.2019 22:30:24.559]  Write: 58,49,49,150,1,152,153,154,155,1,1,203,1,186,58,13,10
[17.09.2019 22:30:24.575]  Read: 58,49,49,150,1,152,153,154,155,1,1,203,1,186,58,13,10
[17.09.2019 22:30:24.585]  Write: 58,49,49,150,1,152,153,154,155,1,1,21,1,19,58,13,10
[17.09.2019 22:30:24.600]  Read: 58,49,49,150,1,152,153,154,155,1,1,21,1,19,58,13,10
[17.09.2019 22:30:24.617]  Write: 58,49,49,150,1,152,153,154,155,1,1,214,1,148,58,13,10
[17.09.2019 22:30:24.638]  Read: 58,49,49,150,1,152,153,154,155,1,1,214,1,148,58,13,10
[17.09.2019 22:30:24.652]  Write: 58,49,49,150,1,152,153,154,155,1,1,97,1,171,58,13,10
[17.09.2019 22:30:24.666]  Read: 58,49,49,150,1,152,153,154,155,1,1,97,1,171,58,13,10
[17.09.2019 22:30:24.683]  Write: 58,49,49,150,1,152,153,154,155,1,1,28,1,208,58,13,10
[17.09.2019 22:30:24.703]  Read: 58,49,49,150,1,152,153,154,155,1,1,28,1,208,58,13,10
[17.09.2019 22:30:24.711]  Write: 58,49,49,150,1,152,153,154,155,1,1,58,1,86,58,13,10
[17.09.2019 22:30:24.727]  Read: 58,49,49,150,1,152,153,154,155,1,1,58,1,86,58,13,10
[17.09.2019 22:30:24.737]  Write: 58,49,49,150,1,152,153,154,155,1,1,96,1,95,58,13,10
[17.09.2019 22:30:24.755]  Read: 58,49,49,150,1,152,153,154,155,1,1,96,1,95,58,13,10
[17.09.2019 22:30:24.768]  Write: 58,49,49,150,1,152,153,154,155,1,1,146,1,158,58,13,10
[17.09.2019 22:30:24.796]  Read: 58,49,49,150,1,152,153,154,155,1,1,146,1,158,58,13,10
[17.09.2019 22:30:24.806]  Write: 58,49,49,150,1,152,153,154,155,1,1,168,1,194,58,13,10
[17.09.2019 22:30:24.823]  Read: 58,49,49,150,1,152,153,154,155,1,1,168,1,194,58,13,10
[17.09.2019 22:30:24.833]  Write: 58,49,49,150,1,152,153,154,155,1,1,45,1,150,58,13,10
[17.09.2019 22:30:24.849]  Read: 58,49,49,150,1,152,153,154,155,1,1,45,1,150,58,13,10
[17.09.2019 22:30:24.862]  Write: 58,49,49,150,1,152,153,154,155,1,1,82,1,52,58,13,10
[17.09.2019 22:30:24.871]  Read: 58,49,49,150,1,152,153,154,155,1,1,82,1,52,58,13,10
[17.09.2019 22:30:24.879]  Write: 58,49,49,150,1,152,153,154,155,1,1,237,1,60,58,13,10
[17.09.2019 22:30:24.887]  Read: 58,49,49,150,1,152,153,154,155,1,1,237,1,60,58,13,10
[17.09.2019 22:30:24.895]  Write: 58,49,49,150,1,152,153,154,155,1,1,12,1,190,58,13,10
[17.09.2019 22:30:24.903]  Read: 58,49,49,150,1,152,153,154,155,1,1,12,1,190,58,13,10
[17.09.2019 22:30:24.914]  Write: 58,49,49,150,1,152,153,154,155,1,1,26,1,138,58,13,10
[17.09.2019 22:30:24.931]  Read: 58,49,49,150,1,152,153,154,155,1,1,26,1,138,58,13,10
[17.09.2019 22:30:24.945]  Write: 58,49,49,150,1,152,153,154,155,1,1,41,1,21,58,13,10
[17.09.2019 22:30:24.958]  Read: 58,49,49,150,1,152,153,154,155,1,1,41,1,21,58,13,10
[17.09.2019 22:30:24.975]  Write: 58,49,49,150,1,152,153,154,155,1,1,93,1,173,58,13,10
[17.09.2019 22:30:24.997]  Read: 58,49,49,150,1,152,153,154,155,1,1,93,1,173,58,13,10
[17.09.2019 22:30:25.012]  Write: 58,49,49,150,1,152,153,154,155,1,1,105,1,156,58,13,10
[17.09.2019 22:30:25.028]  Read: 58,49,49,150,1,152,153,154,155,1,1,105,1,156,58,13,10
[17.09.2019 22:30:25.040]  Write: 58,49,49,150,1,152,153,154,155,1,1,102,1,5,58,13,10
[17.09.2019 22:30:25.051]  Read: 58,49,49,150,1,152,153,154,155,1,1,102,1,5,58,13,10
[17.09.2019 22:30:25.064]  Write: 58,49,49,150,1,152,153,154,155,1,1,12,1,190,58,13,10
[17.09.2019 22:30:25.132] Error:  ReadBytes func exception:     .
