[22.09.2019 11:36:42.704]  *** Init session ***
[22.09.2019 11:36:42.875]  Write: 58,49,49,150,1,152,153,154,155,1,243,247,31,150,58,13,10
[22.09.2019 11:36:42.932]  Read: 58,49,49,150,1,152,153,154,155,1,243,247,31,150,58,13,10,32,0,0,0,0,0,0,0,0,0,0,0,0,0,0
[22.09.2019 11:36:42.944]  Write: 58,49,49,150,1,152,153,154,155,1,253,196,215,58,13,10
[22.09.2019 11:36:42.967]  Read: 58,49,49,150,1,152,153,154,155,1,253,196,215,58,13,10,96,0,0,0,0,0,0,0,0,0,0,0,0,0,0,0
[22.09.2019 11:36:42.988]  Write: 58,49,49,150,2,152,153,154,155,1,49,191,58,13,10
[22.09.2019 11:36:43.015]  Read: 58,49,49,150,2,152,153,154,155,1,49,191,58,13,10,96,0,0,0,0,0,0,0,0,0,0,0,0,0,0,0,0
[22.09.2019 11:36:43.034]  Write: 58,49,49,150,3,152,153,154,155,1,8,194,140,58,13,10
[22.09.2019 11:36:43.063]  Read: 58,49,49,150,3,152,153,154,155,1,8,194,140,58,13,10,96,0,0,0,0,0,0,0,0,0,0,0,0,0,0,0
[22.09.2019 11:36:43.076]  Write: 58,49,49,150,4,152,153,154,155,1,134,131,58,13,10
[22.09.2019 11:36:43.095]  Read: 58,49,49,150,4,152,153,154,155,1,134,131,58,13,10,96,0,0,0,0,0,0,0,0,0,0,0,0,0,0,0,0
[22.09.2019 11:36:43.108]  Write: 58,49,49,150,5,152,153,154,155,1,72,216,26,58,13,10
[22.09.2019 11:36:43.136]  Read: 58,49,49,150,5,152,153,154,155,1,72,216,26,58,13,10,96,0,0,0,0,0,0,0,0,0,0,0,0,0,0,0
[22.09.2019 11:36:43.155]  Write: 58,49,49,150,6,152,153,154,155,1,230,166,136,184,58,13,10
[22.09.2019 11:36:43.185]  Read: 58,49,49,150,6,152,153,154,155,1,230,166,136,184,58,13,10,96,0,0,0,0,0,0,0,0,0,0,0,0,0,0
[22.09.2019 11:36:43.203]  Write: 58,49,49,150,7,152,153,154,155,1,176,214,20,129,58,13,10
[22.09.2019 11:36:43.232]  Read: 58,49,49,150,7,152,153,154,155,1,176,214,20,129,58,13,10,96,0,0,0,0,0,0,0,0,0,0,0,0,0,0
[22.09.2019 11:36:43.242]  Write: 58,49,49,150,8,152,153,154,155,1,97,57,131,58,13,10
[22.09.2019 11:36:43.265]  Read: 58,49,49,150,8,152,153,154,155,1,97,57,131,58,13,10,96,0,0,0,0,0,0,0,0,0,0,0,0,0,0,0
[22.09.2019 11:36:43.282]  Write: 58,49,49,150,9,152,153,154,155,1,119,241,58,13,10
[22.09.2019 11:36:43.308]  Read: 58,49,49,150,9,152,153,154,155,1,119,241,58,13,10,96,0,0,0,0,0,0,0,0,0,0,0,0,0,0,0,0
[22.09.2019 11:36:43.330]  Write: 58,49,49,150,10,152,153,154,155,1,14,24,106,58,13,10
[22.09.2019 11:36:43.356]  Read: 58,49,49,150,10,152,153,154,155,1,14,24,106,58,13,10,96,0,0,0,0,0,0,0,0,0,0,0,0,0,0,0
[22.09.2019 11:36:43.374]  Write: 58,49,49,150,11,152,153,154,155,1,255,81,98,250,58,13,10
[22.09.2019 11:36:43.399]  Read: 58,49,49,150,11,152,153,154,155,1,255,81,98,250,58,13,10,96,0,0,0,0,0,0,0,0,0,0,0,0,0,0
[22.09.2019 11:36:43.426]  Write: 58,49,49,150,12,152,153,154,155,1,152,58,13,10
[22.09.2019 11:36:43.441]  Read: 58,49,49,150,12,152,153,154,155,1,152,58,13,10,96,0,0,0,0,0,0,0,0,0,0,0,0,0,0,0,0,0
[22.09.2019 11:36:43.453]  Write: 58,49,49,150,13,152,153,154,155,1,207,58,13,10
[22.09.2019 11:36:43.473]  Read: 58,49,49,150,13,152,153,154,155,1,207,58,13,10,96,0,0,0,0,0,0,0,0,0,0,0,0,0,0,0,0,0
[22.09.2019 11:36:43.486]  Write: 58,49,49,150,14,152,153,154,155,1,54,58,13,10
[22.09.2019 11:36:43.505]  Read: 58,49,49,150,14,152,153,154,155,1,54,58,13,10,96,0,0,0,0,0,0,0,0,0,0,0,0,0,0,0,0,0
[22.09.2019 11:36:43.518]  Write: 58,49,49,150,15,152,153,154,155,1,8,51,58,13,10
[22.09.2019 11:36:43.539]  Read: 58,49,49,150,15,152,153,154,155,1,8,51,58,13,10,96,0,0,0,0,0,0,0,0,0,0,0,0,0,0,0,0
[22.09.2019 11:36:43.552]  Write: 58,49,49,150,16,152,153,154,155,1,145,234,178,58,13,10
[22.09.2019 11:36:43.569]  Read: 58,49,49,150,16,152,153,154,155,1,145,234,178,58,13,10,96,0,0,0,0,0,0,0,0,0,0,0,0,0,0,0
[22.09.2019 11:36:43.583]  Write: 58,49,49,150,17,152,153,154,155,1,193,139,150,58,13,10
[22.09.2019 11:36:43.601]  Read: 58,49,49,150,17,152,153,154,155,1,193,139,150,58,13,10,96,0,0,0,0,0,0,0,0,0,0,0,0,0,0,0
[22.09.2019 11:36:43.613]  Write: 58,49,49,150,18,152,153,154,155,1,4,58,13,10
[22.09.2019 11:36:43.634]  Read: 58,49,49,150,18,152,153,154,155,1,4,58,13,10,96,0,0,0,0,0,0,0,0,0,0,0,0,0,0,0,0,0
[22.09.2019 11:36:43.645]  Write: 58,49,49,150,19,152,153,154,155,1,37,206,57,58,13,10
[22.09.2019 11:36:43.665]  Read: 58,49,49,150,19,152,153,154,155,1,37,206,57,58,13,10,96,0,0,0,0,0,0,0,0,0,0,0,0,0,0,0
[22.09.2019 11:36:43.674]  Write: 58,49,49,150,20,152,153,154,155,1,18,146,29,119,58,13,10
[22.09.2019 11:36:43.697]  Read: 58,49,49,150,20,152,153,154,155,1,18,146,29,119,58,13,10,96,0,0,0,0,0,0,0,0,0,0,0,0,0,0
[22.09.2019 11:36:43.707]  Write: 58,49,49,150,21,152,153,154,155,1,33,142,58,13,10
[22.09.2019 11:36:43.730]  Read: 58,49,49,150,21,152,153,154,155,1,33,142,58,13,10,96,0,0,0,0,0,0,0,0,0,0,0,0,0,0,0,0
[22.09.2019 11:36:43.752]  Write: 58,49,49,150,22,152,153,154,155,1,105,58,13,10
[22.09.2019 11:36:43.777]  Read: 58,49,49,150,22,152,153,154,155,1,105,58,13,10,96,0,0,0,0,0,0,0,0,0,0,0,0,0,0,0,0,0
[22.09.2019 11:36:43.788]  Write: 58,49,49,150,23,152,153,154,155,1,62,58,13,10
[22.09.2019 11:36:43.815]  Read: 58,49,49,150,23,152,153,154,155,1,62,58,13,10,96,0,0,0,0,0,0,0,0,0,0,0,0,0,0,0,0,0
[22.09.2019 11:36:43.833]  Write: 58,49,49,150,24,152,153,154,155,1,138,2,148,58,13,10
[22.09.2019 11:36:43.857]  Read: 58,49,49,150,24,152,153,154,155,1,138,2,148,58,13,10,96,0,0,0,0,0,0,0,0,0,0,0,0,0,0,0
[22.09.2019 11:36:43.868]  Write: 58,49,49,150,25,152,153,154,155,1,18,250,156,58,13,10
[22.09.2019 11:36:43.889]  Read: 58,49,49,150,25,152,153,154,155,1,18,250,156,58,13,10,96,0,0,0,0,0,0,0,0,0,0,0,0,0,0,0
[22.09.2019 11:36:43.897]  Write: 58,49,49,150,26,152,153,154,155,1,124,135,203,58,13,10
[22.09.2019 11:36:43.926]  Read: 58,49,49,150,26,152,153,154,155,1,124,135,203,58,13,10,96,0,0,0,0,0,0,0,0,0,0,0,0,0,0,0
[22.09.2019 11:36:43.937]  Write: 58,49,49,150,27,152,153,154,155,1,229,198,58,13,10
[22.09.2019 11:36:43.959]  Read: 58,49,49,150,27,152,153,154,155,1,229,198,58,13,10,96,0,0,0,0,0,0,0,0,0,0,0,0,0,0,0,0
[22.09.2019 11:36:43.981]  Write: 58,49,49,150,28,152,153,154,155,1,195,228,172,58,13,10
[22.09.2019 11:36:44.007]  Read: 58,49,49,150,28,152,153,154,155,1,195,228,172,58,13,10,96,0,0,0,0,0,0,0,0,0,0,0,0,0,0,0
[22.09.2019 11:36:44.021]  Write: 58,49,49,150,29,152,153,154,155,1,127,48,58,13,10
[22.09.2019 11:36:44.039]  Read: 58,49,49,150,29,152,153,154,155,1,127,48,58,13,10,96,0,0,0,0,0,0,0,0,0,0,0,0,0,0,0,0
[22.09.2019 11:36:44.061]  Write: 58,49,49,150,30,152,153,154,155,1,179,58,13,10
[22.09.2019 11:36:44.087]  Read: 58,49,49,150,30,152,153,154,155,1,179,58,13,10,96,0,0,0,0,0,0,0,0,0,0,0,0,0,0,0,0,0
[22.09.2019 12:27:46.763]  *** Init session ***
[22.09.2019 12:27:46.919]  Write: 58,49,49,150,1,152,153,154,155,1,98,5,117,58,13,10
[22.09.2019 12:27:46.986]  Read: 58,49,49,150,1,152,153,154,155,1,98,5,117,58,13,10,32,0,0,0,0,0,0,0,0,0,0,0,0,0,0,0
[22.09.2019 12:27:47.005]  Write: 58,49,49,150,1,152,153,154,155,1,67,47,58,13,10
[22.09.2019 12:27:47.030]  Read: 58,49,49,150,1,152,153,154,155,1,67,47,58,13,10,96,0,0,0,0,0,0,0,0,0,0,0,0,0,0,0,0
[22.09.2019 12:27:47.114]  Write: 58,49,49,150,2,152,153,154,155,1,140,10,250,138,58,13,10
[22.09.2019 12:27:47.156]  Read: 58,49,49,150,2,152,153,154,155,1,140,10,250,138,58,13,10,96,0,0,0,0,0,0,0,0,0,0,0,0,0,0
[22.09.2019 12:27:47.173]  Write: 58,49,49,150,3,152,153,154,155,1,255,14,58,13,10
[22.09.2019 12:27:47.202]  Read: 58,49,49,150,3,152,153,154,155,1,255,14,58,13,10,96,0,0,0,0,0,0,0,0,0,0,0,0,0,0,0,0
[22.09.2019 12:27:47.257]  Write: 58,49,49,150,4,152,153,154,155,1,155,31,106,58,13,10
[22.09.2019 12:27:47.282]  Read: 58,49,49,150,4,152,153,154,155,1,155,31,106,58,13,10,96,0,0,0,0,0,0,0,0,0,0,0,0,0,0,0
[22.09.2019 12:27:47.306]  Write: 58,49,49,150,5,152,153,154,155,1,169,194,58,13,10
[22.09.2019 12:27:47.330]  Read: 58,49,49,150,5,152,153,154,155,1,169,194,58,13,10,96,0,0,0,0,0,0,0,0,0,0,0,0,0,0,0,0
[22.09.2019 12:27:47.349]  Write: 58,49,49,150,6,152,153,154,155,1,1,214,155,46,58,13,10
[22.09.2019 12:27:47.378]  Read: 58,49,49,150,6,152,153,154,155,1,1,214,155,46,58,13,10,96,0,0,0,0,0,0,0,0,0,0,0,0,0,0
[22.09.2019 12:27:47.393]  Write: 58,49,49,150,7,152,153,154,155,1,187,58,13,10
[22.09.2019 12:27:47.410]  Read: 58,49,49,150,7,152,153,154,155,1,187,58,13,10,96,0,0,0,0,0,0,0,0,0,0,0,0,0,0,0,0,0
[22.09.2019 12:27:47.449]  Write: 58,49,49,150,8,152,153,154,155,1,245,58,13,10
[22.09.2019 12:27:47.474]  Read: 58,49,49,150,8,152,153,154,155,1,245,58,13,10,96,0,0,0,0,0,0,0,0,0,0,0,0,0,0,0,0,0
[22.09.2019 12:27:47.492]  Write: 58,49,49,150,9,152,153,154,155,1,7,49,122,166,58,13,10
[22.09.2019 12:27:47.521]  Read: 58,49,49,150,9,152,153,154,155,1,7,49,122,166,58,13,10,96,0,0,0,0,0,0,0,0,0,0,0,0,0,0
[22.09.2019 12:27:47.545]  Write: 58,49,49,150,10,152,153,154,155,1,34,10,35,58,13,10
[22.09.2019 12:27:47.570]  Read: 58,49,49,150,10,152,153,154,155,1,34,10,35,58,13,10,96,0,0,0,0,0,0,0,0,0,0,0,0,0,0,0
[22.09.2019 12:27:47.588]  Write: 58,49,49,150,11,152,153,154,155,1,12,58,13,10
[22.09.2019 12:27:47.617]  Read: 58,49,49,150,11,152,153,154,155,1,12,58,13,10,96,0,0,0,0,0,0,0,0,0,0,0,0,0,0,0,0,0
[22.09.2019 12:27:47.646]  Write: 58,49,49,150,12,152,153,154,155,1,240,211,53,58,13,10
[22.09.2019 12:27:47.666]  Read: 58,49,49,150,12,152,153,154,155,1,240,211,53,58,13,10,96,0,0,0,0,0,0,0,0,0,0,0,0,0,0,0
[22.09.2019 12:27:47.678]  Write: 58,49,49,150,13,152,153,154,155,1,182,112,58,13,10
[22.09.2019 12:27:47.698]  Read: 58,49,49,150,13,152,153,154,155,1,182,112,58,13,10,96,0,0,0,0,0,0,0,0,0,0,0,0,0,0,0,0
[22.09.2019 12:27:47.737]  Write: 58,49,49,150,14,152,153,154,155,1,54,58,13,10
[22.09.2019 12:27:47.762]  Read: 58,49,49,150,14,152,153,154,155,1,54,58,13,10,96,0,0,0,0,0,0,0,0,0,0,0,0,0,0,0,0,0
[22.09.2019 12:27:47.785]  Write: 58,49,49,150,15,152,153,154,155,1,150,16,245,58,13,10
[22.09.2019 12:27:47.810]  Read: 58,49,49,150,15,152,153,154,155,1,150,16,245,58,13,10,96,0,0,0,0,0,0,0,0,0,0,0,0,0,0,0
[22.09.2019 12:27:47.823]  Write: 58,49,49,150,16,152,153,154,155,1,209,18,58,13,10
[22.09.2019 12:27:47.862]  Read: 58,49,49,150,16,152,153,154,155,1,209,18,58,13,10,96,0,0,0,0,0,0,0,0,0,0,0,0,0,0,0,0
[22.09.2019 12:27:47.875]  Write: 58,49,49,150,17,152,153,154,155,1,28,240,58,13,10
[22.09.2019 12:27:47.892]  Read: 58,49,49,150,17,152,153,154,155,1,28,240,58,13,10,96,0,0,0,0,0,0,0,0,0,0,0,0,0,0,0,0
[22.09.2019 12:27:47.921]  Write: 58,49,49,150,18,152,153,154,155,1,187,145,58,13,10
[22.09.2019 12:27:47.967]  Read: 58,49,49,150,18,152,153,154,155,1,187,145,58,13,10,96,0,0,0,0,0,0,0,0,0,0,0,0,0,0,0,0
[22.09.2019 12:27:47.995]  Write: 58,49,49,150,19,152,153,154,155,1,233,149,179,58,13,10
[22.09.2019 12:27:48.036]  Read: 58,49,49,150,19,152,153,154,155,1,233,149,179,58,13,10,96,0,0,0,0,0,0,0,0,0,0,0,0,0,0,0
[22.09.2019 12:27:48.051]  Write: 58,49,49,150,20,152,153,154,155,1,199,58,13,10
[22.09.2019 12:27:48.112]  Read: 58,49,49,150,20,152,153,154,155,1,199,58,13,10,96,0,0,0,0,0,0,0,0,0,0,0,0,0,0,0,0,0
[22.09.2019 12:27:48.129]  Write: 58,49,49,150,21,152,153,154,155,1,48,46,3,78,58,13,10
[22.09.2019 12:27:48.149]  Read: 58,49,49,150,21,152,153,154,155,1,48,46,3,78,58,13,10,96,0,0,0,0,0,0,0,0,0,0,0,0,0,0
[22.09.2019 12:27:48.167]  Write: 58,49,49,150,22,152,153,154,155,1,171,169,102,138,58,13,10
[22.09.2019 12:27:48.194]  Read: 58,49,49,150,22,152,153,154,155,1,171,169,102,138,58,13,10,96,0,0,0,0,0,0,0,0,0,0,0,0,0,0
[22.09.2019 12:27:48.208]  Write: 58,49,49,150,23,152,153,154,155,1,26,200,78,239,58,13,10
[22.09.2019 12:27:48.237]  Read: 58,49,49,150,23,152,153,154,155,1,26,200,78,239,58,13,10,96,0,0,0,0,0,0,0,0,0,0,0,0,0,0
[22.09.2019 12:27:48.253]  Write: 58,49,49,150,24,152,153,154,155,1,255,84,58,13,10
[22.09.2019 12:27:48.273]  Read: 58,49,49,150,24,152,153,154,155,1,255,84,58,13,10,96,0,0,0,0,0,0,0,0,0,0,0,0,0,0,0,0
[22.09.2019 12:27:48.286]  Write: 58,49,49,150,25,152,153,154,155,1,208,15,175,82,58,13,10
[22.09.2019 12:27:48.308]  Read: 58,49,49,150,25,152,153,154,155,1,208,15,175,82,58,13,10,96,0,0,0,0,0,0,0,0,0,0,0,0,0,0
[22.09.2019 12:27:48.318]  Write: 58,49,49,150,26,152,153,154,155,1,105,40,58,13,10
[22.09.2019 12:27:48.346]  Read: 58,49,49,150,26,152,153,154,155,1,105,40,58,13,10,96,0,0,0,0,0,0,0,0,0,0,0,0,0,0,0,0
[22.09.2019 12:27:48.354]  Write: 58,49,49,150,27,152,153,154,155,1,17,128,58,13,10
[22.09.2019 12:27:48.378]  Read: 58,49,49,150,27,152,153,154,155,1,17,128,58,13,10,96,0,0,0,0,0,0,0,0,0,0,0,0,0,0,0,0
[22.09.2019 12:27:48.386]  Write: 58,49,49,150,28,152,153,154,155,1,29,58,13,10
[22.09.2019 12:27:48.411]  Read: 58,49,49,150,28,152,153,154,155,1,29,58,13,10,96,0,0,0,0,0,0,0,0,0,0,0,0,0,0,0,0,0
[22.09.2019 12:27:48.419]  Write: 58,49,49,150,29,152,153,154,155,1,130,201,198,253,58,13,10
[22.09.2019 12:27:48.443]  Read: 58,49,49,150,29,152,153,154,155,1,130,201,198,253,58,13,10,96,0,0,0,0,0,0,0,0,0,0,0,0,0,0
[22.09.2019 12:27:48.456]  Write: 58,49,49,150,30,152,153,154,155,1,153,76,130,130,58,13,10
[22.09.2019 12:27:48.475]  Read: 58,49,49,150,30,152,153,154,155,1,153,76,130,130,58,13,10,96,0,0,0,0,0,0,0,0,0,0,0,0,0,0
[22.09.2019 12:27:48.493]  Write: 58,49,49,150,31,152,153,154,155,1,13,241,6,58,13,10
[22.09.2019 12:27:48.507]  Read: 58,49,49,150,31,152,153,154,155,1,13,241,6,58,13,10,96,0,0,0,0,0,0,0,0,0,0,0,0,0,0,0
[22.09.2019 12:27:48.519]  Write: 58,49,49,150,32,152,153,154,155,1,20,58,13,10
[22.09.2019 12:27:48.539]  Read: 58,49,49,150,32,152,153,154,155,1,20,58,13,10,96,0,0,0,0,0,0,0,0,0,0,0,0,0,0,0,0,0
[22.09.2019 12:27:48.548]  Write: 58,49,49,150,33,152,153,154,155,1,88,236,236,66,58,13,10
[22.09.2019 12:27:48.571]  Read: 58,49,49,150,33,152,153,154,155,1,88,236,236,66,58,13,10,96,0,0,0,0,0,0,0,0,0,0,0,0,0,0
[22.09.2019 12:27:48.580]  Write: 58,49,49,150,34,152,153,154,155,1,13,163,144,58,13,10
[22.09.2019 12:27:48.603]  Read: 58,49,49,150,34,152,153,154,155,1,13,163,144,58,13,10,96,0,0,0,0,0,0,0,0,0,0,0,0,0,0,0
[22.09.2019 12:27:48.611]  Write: 58,49,49,150,35,152,153,154,155,1,123,72,147,58,13,10
[22.09.2019 12:27:48.635]  Read: 58,49,49,150,35,152,153,154,155,1,123,72,147,58,13,10,96,0,0,0,0,0,0,0,0,0,0,0,0,0,0,0
[22.09.2019 12:27:48.650]  Write: 58,49,49,150,36,152,153,154,155,1,121,58,13,10
[22.09.2019 12:27:48.667]  Read: 58,49,49,150,36,152,153,154,155,1,121,58,13,10,96,0,0,0,0,0,0,0,0,0,0,0,0,0,0,0,0,0
[22.09.2019 12:27:48.681]  Write: 58,49,49,150,37,152,153,154,155,1,84,35,58,13,10
[22.09.2019 12:27:48.698]  Read: 58,49,49,150,37,152,153,154,155,1,84,35,58,13,10,96,0,0,0,0,0,0,0,0,0,0,0,0,0,0,0,0
[22.09.2019 12:27:48.718]  Write: 58,49,49,150,38,152,153,154,155,1,215,58,13,10
[22.09.2019 12:27:48.746]  Read: 58,49,49,150,38,152,153,154,155,1,215,58,13,10,96,0,0,0,0,0,0,0,0,0,0,0,0,0,0,0,0,0
[22.09.2019 12:27:48.756]  Write: 58,49,49,150,39,152,153,154,155,1,172,254,245,58,13,10
[22.09.2019 12:27:48.778]  Read: 58,49,49,150,39,152,153,154,155,1,172,254,245,58,13,10,96,0,0,0,0,0,0,0,0,0,0,0,0,0,0,0
[22.09.2019 12:27:48.787]  Write: 58,49,49,150,40,152,153,154,155,1,44,232,215,58,13,10
[22.09.2019 12:27:48.810]  Read: 58,49,49,150,40,152,153,154,155,1,44,232,215,58,13,10,96,0,0,0,0,0,0,0,0,0,0,0,0,0,0,0
[22.09.2019 12:27:48.819]  Write: 58,49,49,150,41,152,153,154,155,1,250,61,129,248,58,13,10
[22.09.2019 12:27:48.843]  Read: 58,49,49,150,41,152,153,154,155,1,250,61,129,248,58,13,10,96,0,0,0,0,0,0,0,0,0,0,0,0,0,0
[22.09.2019 12:27:48.851]  Write: 58,49,49,150,42,152,153,154,155,1,96,58,13,10
[22.09.2019 12:27:48.874]  Read: 58,49,49,150,42,152,153,154,155,1,96,58,13,10,96,0,0,0,0,0,0,0,0,0,0,0,0,0,0,0,0,0
[22.09.2019 12:27:48.888]  Write: 58,49,49,150,43,152,153,154,155,1,188,205,177,41,58,13,10
[22.09.2019 12:27:48.913]  Read: 58,49,49,150,43,152,153,154,155,1,188,205,177,41,58,13,10,96,0,0,0,0,0,0,0,0,0,0,0,0,0,0
[22.09.2019 12:27:48.926]  Write: 58,49,49,150,44,152,153,154,155,1,55,65,194,58,13,10
[22.09.2019 12:27:48.955]  Read: 58,49,49,150,44,152,153,154,155,1,55,65,194,58,13,10,96,0,0,0,0,0,0,0,0,0,0,0,0,0,0,0
[22.09.2019 12:27:48.964]  Write: 58,49,49,150,45,152,153,154,155,1,216,238,58,13,10
[22.09.2019 12:27:48.986]  Read: 58,49,49,150,45,152,153,154,155,1,216,238,58,13,10,96,0,0,0,0,0,0,0,0,0,0,0,0,0,0,0,0
[22.09.2019 12:27:48.994]  Write: 58,49,49,150,46,152,153,154,155,1,120,34,195,166,58,13,10
[22.09.2019 12:27:49.018]  Read: 58,49,49,150,46,152,153,154,155,1,120,34,195,166,58,13,10,96,0,0,0,0,0,0,0,0,0,0,0,0,0,0
[22.09.2019 12:27:49.028]  Write: 58,49,49,150,47,152,153,154,155,1,92,165,83,58,13,10
[22.09.2019 12:27:49.051]  Read: 58,49,49,150,47,152,153,154,155,1,92,165,83,58,13,10,96,0,0,0,0,0,0,0,0,0,0,0,0,0,0,0
[22.09.2019 12:27:49.059]  Write: 58,49,49,150,48,152,153,154,155,1,185,63,58,13,10
[22.09.2019 12:27:49.082]  Read: 58,49,49,150,48,152,153,154,155,1,185,63,58,13,10,96,0,0,0,0,0,0,0,0,0,0,0,0,0,0,0,0
[22.09.2019 12:27:49.092]  Write: 58,49,49,150,49,152,153,154,155,1,124,97,245,58,13,10
[22.09.2019 12:27:49.114]  Read: 58,49,49,150,49,152,153,154,155,1,124,97,245,58,13,10,96,0,0,0,0,0,0,0,0,0,0,0,0,0,0,0
[22.09.2019 12:27:49.125]  Write: 58,49,49,150,50,152,153,154,155,1,175,57,58,13,10
[22.09.2019 12:27:49.146]  Read: 58,49,49,150,50,152,153,154,155,1,175,57,58,13,10,96,0,0,0,0,0,0,0,0,0,0,0,0,0,0,0,0
[22.09.2019 12:27:49.159]  Write: 58,49,49,150,51,152,153,154,155,1,104,58,13,10
[22.09.2019 12:27:49.178]  Read: 58,49,49,150,51,152,153,154,155,1,104,58,13,10,96,0,0,0,0,0,0,0,0,0,0,0,0,0,0,0,0,0
[22.09.2019 12:27:49.187]  Write: 58,49,49,150,52,152,153,154,155,1,131,236,30,58,13,10
[22.09.2019 12:27:49.210]  Read: 58,49,49,150,52,152,153,154,155,1,131,236,30,58,13,10,96,0,0,0,0,0,0,0,0,0,0,0,0,0,0,0
[22.09.2019 12:27:49.222]  Write: 58,49,49,150,53,152,153,154,155,1,9,85,240,50,58,13,10
[22.09.2019 12:27:49.242]  Read: 58,49,49,150,53,152,153,154,155,1,9,85,240,50,58,13,10,96,0,0,0,0,0,0,0,0,0,0,0,0,0,0
[22.09.2019 12:27:49.253]  Write: 58,49,49,150,54,152,153,154,155,1,82,58,13,10
[22.09.2019 12:27:49.274]  Read: 58,49,49,150,54,152,153,154,155,1,82,58,13,10,96,0,0,0,0,0,0,0,0,0,0,0,0,0,0,0,0,0
[22.09.2019 12:27:49.289]  Write: 58,49,49,150,55,152,153,154,155,1,206,173,58,13,10
[22.09.2019 12:27:49.312]  Read: 58,49,49,150,55,152,153,154,155,1,206,173,58,13,10,96,0,0,0,0,0,0,0,0,0,0,0,0,0,0,0,0
[22.09.2019 12:27:49.336]  Write: 58,49,49,150,56,152,153,154,155,1,80,213,232,247,58,13,10
[22.09.2019 12:27:49.355]  Read: 58,49,49,150,56,152,153,154,155,1,80,213,232,247,58,13,10,96,0,0,0,0,0,0,0,0,0,0,0,0,0,0
[22.09.2019 12:27:49.369]  Write: 58,49,49,150,57,152,153,154,155,1,17,196,240,150,58,13,10
[22.09.2019 12:27:49.387]  Read: 58,49,49,150,57,152,153,154,155,1,17,196,240,150,58,13,10,96,0,0,0,0,0,0,0,0,0,0,0,0,0,0
[22.09.2019 12:27:49.401]  Write: 58,49,49,150,58,152,153,154,155,1,72,176,58,13,10
[22.09.2019 12:27:49.418]  Read: 58,49,49,150,58,152,153,154,155,1,72,176,58,13,10,96,0,0,0,0,0,0,0,0,0,0,0,0,0,0,0,0
[22.09.2019 12:27:49.432]  Write: 58,49,49,150,59,152,153,154,155,1,178,58,13,10
[22.09.2019 12:27:49.450]  Read: 58,49,49,150,59,152,153,154,155,1,178,58,13,10,96,0,0,0,0,0,0,0,0,0,0,0,0,0,0,0,0,0
[22.09.2019 12:27:49.458]  Write: 58,49,49,150,60,152,153,154,155,1,58,10,20,58,13,10
[22.09.2019 12:27:49.482]  Read: 58,49,49,150,60,152,153,154,155,1,58,10,20,58,13,10,96,0,0,0,0,0,0,0,0,0,0,0,0,0,0,0
[22.09.2019 12:27:49.493]  Write: 58,49,49,150,61,152,153,154,155,1,66,89,65,63,58,13,10
[22.09.2019 12:27:49.522]  Read: 58,49,49,150,61,152,153,154,155,1,66,89,65,63,58,13,10,96,0,0,0,0,0,0,0,0,0,0,0,0,0,0
[22.09.2019 12:27:49.560]  Write: 58,49,49,150,62,152,153,154,155,1,4,188,85,58,13,10
[22.09.2019 12:27:49.632]  Read: 58,49,49,150,62,152,153,154,155,1,4,188,85,58,13,10,96,0,0,0,0,0,0,0,0,0,0,0,0,0,0,0
[22.09.2019 12:27:49.642]  Write: 58,49,49,150,63,152,153,154,155,1,13,102,58,13,10
[22.09.2019 12:27:49.659]  Read: 58,49,49,150,63,152,153,154,155,1,13,102,58,13,10,96,0,0,0,0,0,0,0,0,0,0,0,0,0,0,0,0
[22.09.2019 12:27:49.667]  Write: 58,49,49,150,64,152,153,154,155,1,17,19,74,5,58,13,10
[22.09.2019 12:27:49.691]  Read: 58,49,49,150,64,152,153,154,155,1,17,19,74,5,58,13,10,96,0,0,0,0,0,0,0,0,0,0,0,0,0,0
[22.09.2019 12:27:49.699]  Write: 58,49,49,150,65,152,153,154,155,1,109,94,58,13,10
[22.09.2019 12:27:49.723]  Read: 58,49,49,150,65,152,153,154,155,1,109,94,58,13,10,96,0,0,0,0,0,0,0,0,0,0,0,0,0,0,0,0
[22.09.2019 12:27:49.733]  Write: 58,49,49,150,66,152,153,154,155,1,4,93,7,58,13,10
[22.09.2019 12:27:49.755]  Read: 58,49,49,150,66,152,153,154,155,1,4,93,7,58,13,10,96,0,0,0,0,0,0,0,0,0,0,0,0,0,0,0
[22.09.2019 12:27:49.766]  Write: 58,49,49,150,67,152,153,154,155,1,245,212,80,58,13,10
[22.09.2019 12:27:49.786]  Read: 58,49,49,150,67,152,153,154,155,1,245,212,80,58,13,10,96,0,0,0,0,0,0,0,0,0,0,0,0,0,0,0
[22.09.2019 12:27:49.799]  Write: 58,49,49,150,68,152,153,154,155,1,52,58,13,10
[22.09.2019 12:27:49.818]  Read: 58,49,49,150,68,152,153,154,155,1,52,58,13,10,96,0,0,0,0,0,0,0,0,0,0,0,0,0,0,0,0,0
[22.09.2019 12:27:49.846]  Write: 58,49,49,150,69,152,153,154,155,1,143,213,151,56,58,13,10
[22.09.2019 12:27:49.866]  Read: 58,49,49,150,69,152,153,154,155,1,143,213,151,56,58,13,10,96,0,0,0,0,0,0,0,0,0,0,0,0,0,0
[22.09.2019 12:27:49.874]  Write: 58,49,49,150,70,152,153,154,155,1,112,245,239,58,13,10
[22.09.2019 12:27:49.898]  Read: 58,49,49,150,70,152,153,154,155,1,112,245,239,58,13,10,96,0,0,0,0,0,0,0,0,0,0,0,0,0,0,0
[22.09.2019 12:27:49.906]  Write: 58,49,49,150,71,152,153,154,155,1,237,134,58,13,10
[22.09.2019 12:27:49.930]  Read: 58,49,49,150,71,152,153,154,155,1,237,134,58,13,10,96,0,0,0,0,0,0,0,0,0,0,0,0,0,0,0,0
[22.09.2019 12:27:49.938]  Write: 58,49,49,150,72,152,153,154,155,1,131,58,13,10
[22.09.2019 12:27:49.962]  Read: 58,49,49,150,72,152,153,154,155,1,131,58,13,10,96,0,0,0,0,0,0,0,0,0,0,0,0,0,0,0,0,0
[22.09.2019 12:27:49.970]  Write: 58,49,49,150,73,152,153,154,155,1,225,48,58,13,10
[22.09.2019 12:27:49.994]  Read: 58,49,49,150,73,152,153,154,155,1,225,48,58,13,10,96,0,0,0,0,0,0,0,0,0,0,0,0,0,0,0,0
[22.09.2019 12:27:50.008]  Write: 58,49,49,150,74,152,153,154,155,1,45,58,13,10
[22.09.2019 12:27:50.028]  Read: 58,49,49,150,74,152,153,154,155,1,45,58,13,10,96,0,0,0,0,0,0,0,0,0,0,0,0,0,0,0,0,0
[22.09.2019 12:27:50.040]  Write: 58,49,49,150,75,152,153,154,155,1,251,174,134,221,58,13,10
[22.09.2019 12:27:50.058]  Read: 58,49,49,150,75,152,153,154,155,1,251,174,134,221,58,13,10,96,0,0,0,0,0,0,0,0,0,0,0,0,0,0
[22.09.2019 12:27:50.067]  Write: 58,49,49,150,76,152,153,154,155,1,18,255,58,13,10
[22.09.2019 12:27:50.090]  Read: 58,49,49,150,76,152,153,154,155,1,18,255,58,13,10,96,0,0,0,0,0,0,0,0,0,0,0,0,0,0,0,0
[22.09.2019 12:27:50.099]  Write: 58,49,49,150,77,152,153,154,155,1,67,89,58,13,10
[22.09.2019 12:27:50.122]  Read: 58,49,49,150,77,152,153,154,155,1,67,89,58,13,10,96,0,0,0,0,0,0,0,0,0,0,0,0,0,0,0,0
[22.09.2019 12:27:50.130]  Write: 58,49,49,150,78,152,153,154,155,1,64,58,13,10
[22.09.2019 12:27:50.154]  Read: 58,49,49,150,78,152,153,154,155,1,64,58,13,10,96,0,0,0,0,0,0,0,0,0,0,0,0,0,0,0,0,0
[22.09.2019 12:27:50.162]  Write: 58,49,49,150,79,152,153,154,155,1,208,198,100,75,58,13,10
[22.09.2019 12:27:50.186]  Read: 58,49,49,150,79,152,153,154,155,1,208,198,100,75,58,13,10,96,0,0,0,0,0,0,0,0,0,0,0,0,0,0
[22.09.2019 12:27:50.194]  Write: 58,49,49,150,80,152,153,154,155,1,249,67,197,58,13,10
[22.09.2019 12:27:50.218]  Read: 58,49,49,150,80,152,153,154,155,1,249,67,197,58,13,10,96,0,0,0,0,0,0,0,0,0,0,0,0,0,0,0
[22.09.2019 12:27:50.230]  Write: 58,49,49,150,81,152,153,154,155,1,210,69,236,58,13,10
[22.09.2019 12:27:50.250]  Read: 58,49,49,150,81,152,153,154,155,1,210,69,236,58,13,10,96,0,0,0,0,0,0,0,0,0,0,0,0,0,0,0
[22.09.2019 12:27:50.258]  Write: 58,49,49,150,82,152,153,154,155,1,114,58,13,10
[22.09.2019 12:27:50.282]  Read: 58,49,49,150,82,152,153,154,155,1,114,58,13,10,96,0,0,0,0,0,0,0,0,0,0,0,0,0,0,0,0,0
[22.09.2019 12:27:50.291]  Write: 58,49,49,150,83,152,153,154,155,1,114,202,107,160,58,13,10
[22.09.2019 12:27:50.314]  Read: 58,49,49,150,83,152,153,154,155,1,114,202,107,160,58,13,10,96,0,0,0,0,0,0,0,0,0,0,0,0,0,0
[22.09.2019 12:27:50.324]  Write: 58,49,49,150,84,152,153,154,155,1,75,75,125,3,58,13,10
[22.09.2019 12:27:50.346]  Read: 58,49,49,150,84,152,153,154,155,1,75,75,125,3,58,13,10,96,0,0,0,0,0,0,0,0,0,0,0,0,0,0
[22.09.2019 12:27:50.355]  Write: 58,49,49,150,85,152,153,154,155,1,216,250,134,58,13,10
[22.09.2019 12:27:50.378]  Read: 58,49,49,150,85,152,153,154,155,1,216,250,134,58,13,10,96,0,0,0,0,0,0,0,0,0,0,0,0,0,0,0
[22.09.2019 12:27:50.386]  Write: 58,49,49,150,86,152,153,154,155,1,104,78,166,114,58,13,10
[22.09.2019 12:27:50.411]  Read: 58,49,49,150,86,152,153,154,155,1,104,78,166,114,58,13,10,96,0,0,0,0,0,0,0,0,0,0,0,0,0,0
[22.09.2019 12:27:50.428]  Write: 58,49,49,150,87,152,153,154,155,1,85,215,189,58,13,10
[22.09.2019 12:27:50.445]  Read: 58,49,49,150,87,152,153,154,155,1,85,215,189,58,13,10,96,0,0,0,0,0,0,0,0,0,0,0,0,0,0,0
[22.09.2019 12:27:50.466]  Write: 58,49,49,150,88,152,153,154,155,1,227,52,58,13,10
[22.09.2019 12:27:50.490]  Read: 58,49,49,150,88,152,153,154,155,1,227,52,58,13,10,96,0,0,0,0,0,0,0,0,0,0,0,0,0,0,0,0
[22.09.2019 12:27:50.503]  Write: 58,49,49,150,89,152,153,154,155,1,200,194,171,58,13,10
[22.09.2019 12:27:50.522]  Read: 58,49,49,150,89,152,153,154,155,1,200,194,171,58,13,10,96,0,0,0,0,0,0,0,0,0,0,0,0,0,0,0
[22.09.2019 12:27:50.537]  Write: 58,49,49,150,90,152,153,154,155,1,5,208,187,58,13,10
[22.09.2019 12:27:50.554]  Read: 58,49,49,150,90,152,153,154,155,1,5,208,187,58,13,10,96,0,0,0,0,0,0,0,0,0,0,0,0,0,0,0
[22.09.2019 12:27:50.563]  Write: 58,49,49,150,91,152,153,154,155,1,238,114,58,13,10
[22.09.2019 12:27:50.586]  Read: 58,49,49,150,91,152,153,154,155,1,238,114,58,13,10,96,0,0,0,0,0,0,0,0,0,0,0,0,0,0,0,0
[22.09.2019 12:27:50.600]  Write: 58,49,49,150,92,152,153,154,155,1,35,50,68,50,58,13,10
[22.09.2019 12:27:50.618]  Read: 58,49,49,150,92,152,153,154,155,1,35,50,68,50,58,13,10,96,0,0,0,0,0,0,0,0,0,0,0,0,0,0
[22.09.2019 12:27:50.631]  Write: 58,49,49,150,93,152,153,154,155,1,60,58,13,10
[22.09.2019 12:27:50.651]  Read: 58,49,49,150,93,152,153,154,155,1,60,58,13,10,96,0,0,0,0,0,0,0,0,0,0,0,0,0,0,0,0,0
[22.09.2019 12:27:50.667]  Write: 58,49,49,150,94,152,153,154,155,1,76,84,90,58,13,10
[22.09.2019 12:27:50.682]  Read: 58,49,49,150,94,152,153,154,155,1,76,84,90,58,13,10,96,0,0,0,0,0,0,0,0,0,0,0,0,0,0,0
[22.09.2019 12:27:50.697]  Write: 58,49,49,150,95,152,153,154,155,1,146,58,13,10
[22.09.2019 12:27:50.714]  Read: 58,49,49,150,95,152,153,154,155,1,146,58,13,10,96,0,0,0,0,0,0,0,0,0,0,0,0,0,0,0,0,0
[22.09.2019 12:27:50.724]  Write: 58,49,49,150,96,152,153,154,155,1,137,43,58,13,10
[22.09.2019 12:27:50.746]  Read: 58,49,49,150,96,152,153,154,155,1,137,43,58,13,10,96,0,0,0,0,0,0,0,0,0,0,0,0,0,0,0,0
[22.09.2019 12:27:50.756]  Write: 58,49,49,150,97,152,153,154,155,1,53,58,13,10
[22.09.2019 12:27:50.778]  Read: 58,49,49,150,97,152,153,154,155,1,53,58,13,10,96,0,0,0,0,0,0,0,0,0,0,0,0,0,0,0,0,0
[22.09.2019 12:27:50.789]  Write: 58,49,49,150,98,152,153,154,155,1,214,156,53,179,58,13,10
[22.09.2019 12:27:50.810]  Read: 58,49,49,150,98,152,153,154,155,1,214,156,53,179,58,13,10,96,0,0,0,0,0,0,0,0,0,0,0,0,0,0
[22.09.2019 12:27:50.818]  Write: 58,49,49,150,99,152,153,154,155,1,5,93,21,151,58,13,10
[22.09.2019 12:27:50.842]  Read: 58,49,49,150,99,152,153,154,155,1,5,93,21,151,58,13,10,96,0,0,0,0,0,0,0,0,0,0,0,0,0,0
[22.09.2019 12:27:50.853]  Write: 58,49,49,150,100,152,153,154,155,1,114,238,227,155,58,13,10
[22.09.2019 12:27:50.874]  Read: 58,49,49,150,100,152,153,154,155,1,114,238,227,155,58,13,10,96,0,0,0,0,0,0,0,0,0,0,0,0,0,0
[22.09.2019 12:27:50.882]  Write: 58,49,49,150,101,152,153,154,155,1,97,181,59,58,13,10
[22.09.2019 12:27:50.906]  Read: 58,49,49,150,101,152,153,154,155,1,97,181,59,58,13,10,96,0,0,0,0,0,0,0,0,0,0,0,0,0,0,0
[22.09.2019 12:27:50.915]  Write: 58,49,49,150,102,152,153,154,155,1,175,17,102,112,58,13,10
[22.09.2019 12:27:50.938]  Read: 58,49,49,150,102,152,153,154,155,1,175,17,102,112,58,13,10,96,0,0,0,0,0,0,0,0,0,0,0,0,0,0
[22.09.2019 12:27:50.946]  Write: 58,49,49,150,103,152,153,154,155,1,246,58,13,10
[22.09.2019 12:27:50.970]  Read: 58,49,49,150,103,152,153,154,155,1,246,58,13,10,96,0,0,0,0,0,0,0,0,0,0,0,0,0,0,0,0,0
[22.09.2019 12:27:50.978]  Write: 58,49,49,150,104,152,153,154,155,1,93,129,131,207,58,13,10
[22.09.2019 12:27:51.002]  Read: 58,49,49,150,104,152,153,154,155,1,93,129,131,207,58,13,10,96,0,0,0,0,0,0,0,0,0,0,0,0,0,0
[22.09.2019 12:27:51.010]  Write: 58,49,49,150,105,152,153,154,155,1,182,199,244,58,13,10
[22.09.2019 12:27:51.034]  Read: 58,49,49,150,105,152,153,154,155,1,182,199,244,58,13,10,96,0,0,0,0,0,0,0,0,0,0,0,0,0,0,0
[22.09.2019 12:27:51.045]  Write: 58,49,49,150,106,152,153,154,155,1,2,82,241,58,13,10
[22.09.2019 12:27:51.066]  Read: 58,49,49,150,106,152,153,154,155,1,2,82,241,58,13,10,96,0,0,0,0,0,0,0,0,0,0,0,0,0,0,0
[22.09.2019 12:27:51.079]  Write: 58,49,49,150,107,152,153,154,155,1,18,45,58,13,10
[22.09.2019 12:27:51.098]  Read: 58,49,49,150,107,152,153,154,155,1,18,45,58,13,10,96,0,0,0,0,0,0,0,0,0,0,0,0,0,0,0,0
[22.09.2019 12:27:51.107]  Write: 58,49,49,150,108,152,153,154,155,1,52,240,58,13,10
[22.09.2019 12:27:51.130]  Read: 58,49,49,150,108,152,153,154,155,1,52,240,58,13,10,96,0,0,0,0,0,0,0,0,0,0,0,0,0,0,0,0
[22.09.2019 12:27:51.140]  Write: 58,49,49,150,109,152,153,154,155,1,130,58,13,10
[22.09.2019 12:27:51.162]  Read: 58,49,49,150,109,152,153,154,155,1,130,58,13,10,96,0,0,0,0,0,0,0,0,0,0,0,0,0,0,0,0,0
[22.09.2019 12:27:51.170]  Write: 58,49,49,150,110,152,153,154,155,1,43,141,209,58,13,10
[22.09.2019 12:27:51.194]  Read: 58,49,49,150,110,152,153,154,155,1,43,141,209,58,13,10,96,0,0,0,0,0,0,0,0,0,0,0,0,0,0,0
[22.09.2019 12:27:51.203]  Write: 58,49,49,150,111,152,153,154,155,1,255,114,62,113,58,13,10
[22.09.2019 12:27:51.226]  Read: 58,49,49,150,111,152,153,154,155,1,255,114,62,113,58,13,10,96,0,0,0,0,0,0,0,0,0,0,0,0,0,0
[22.09.2019 12:27:51.234]  Write: 58,49,49,150,112,152,153,154,155,1,231,58,13,10
[22.09.2019 12:27:51.257]  Read: 58,49,49,150,112,152,153,154,155,1,231,58,13,10,96,0,0,0,0,0,0,0,0,0,0,0,0,0,0,0,0,0
[22.09.2019 12:27:51.270]  Write: 58,49,49,150,113,152,153,154,155,1,53,79,71,58,13,10
[22.09.2019 12:27:51.289]  Read: 58,49,49,150,113,152,153,154,155,1,53,79,71,58,13,10,96,0,0,0,0,0,0,0,0,0,0,0,0,0,0,0
[22.09.2019 12:27:51.299]  Write: 58,49,49,150,114,152,153,154,155,1,161,246,80,48,58,13,10
[22.09.2019 12:27:51.322]  Read: 58,49,49,150,114,152,153,154,155,1,161,246,80,48,58,13,10,96,0,0,0,0,0,0,0,0,0,0,0,0,0,0
[22.09.2019 12:27:51.330]  Write: 58,49,49,150,115,152,153,154,155,1,32,220,166,58,13,10
[22.09.2019 12:27:51.354]  Read: 58,49,49,150,115,152,153,154,155,1,32,220,166,58,13,10,96,0,0,0,0,0,0,0,0,0,0,0,0,0,0,0
[22.09.2019 12:27:51.362]  Write: 58,49,49,150,116,152,153,154,155,1,35,116,58,13,10
[22.09.2019 12:27:51.386]  Read: 58,49,49,150,116,152,153,154,155,1,35,116,58,13,10,96,0,0,0,0,0,0,0,0,0,0,0,0,0,0,0,0
[22.09.2019 12:27:51.394]  Write: 58,49,49,150,117,152,153,154,155,1,85,195,58,13,10
[22.09.2019 12:27:51.418]  Read: 58,49,49,150,117,152,153,154,155,1,85,195,58,13,10,96,0,0,0,0,0,0,0,0,0,0,0,0,0,0,0,0
[22.09.2019 12:27:51.425]  Write: 58,49,49,150,118,152,153,154,155,1,36,58,13,10
[22.09.2019 12:27:51.450]  Read: 58,49,49,150,118,152,153,154,155,1,36,58,13,10,96,0,0,0,0,0,0,0,0,0,0,0,0,0,0,0,0,0
[22.09.2019 12:27:51.461]  Write: 58,49,49,150,119,152,153,154,155,1,38,62,74,58,13,10
[22.09.2019 12:27:51.482]  Read: 58,49,49,150,119,152,153,154,155,1,38,62,74,58,13,10,96,0,0,0,0,0,0,0,0,0,0,0,0,0,0,0
[22.09.2019 12:27:51.495]  Write: 58,49,49,150,120,152,153,154,155,1,19,137,67,58,13,10
[22.09.2019 12:27:51.514]  Read: 58,49,49,150,120,152,153,154,155,1,19,137,67,58,13,10,96,0,0,0,0,0,0,0,0,0,0,0,0,0,0,0
[22.09.2019 12:27:51.522]  Write: 58,49,49,150,121,152,153,154,155,1,106,58,13,10
[22.09.2019 12:27:51.545]  Read: 58,49,49,150,121,152,153,154,155,1,106,58,13,10,96,0,0,0,0,0,0,0,0,0,0,0,0,0,0,0,0,0
[22.09.2019 12:27:51.559]  Write: 58,49,49,150,122,152,153,154,155,1,149,76,69,80,58,13,10
[22.09.2019 12:27:51.577]  Read: 58,49,49,150,122,152,153,154,155,1,149,76,69,80,58,13,10,96,0,0,0,0,0,0,0,0,0,0,0,0,0,0
[22.09.2019 12:27:51.587]  Write: 58,49,49,150,123,152,153,154,155,1,196,58,13,10
[22.09.2019 12:27:51.609]  Read: 58,49,49,150,123,152,153,154,155,1,196,58,13,10,96,0,0,0,0,0,0,0,0,0,0,0,0,0,0,0,0,0
[22.09.2019 12:27:51.617]  Write: 58,49,49,150,124,152,153,154,155,1,34,52,103,190,58,13,10
[22.09.2019 12:27:51.641]  Read: 58,49,49,150,124,152,153,154,155,1,34,52,103,190,58,13,10,96,0,0,0,0,0,0,0,0,0,0,0,0,0,0
[22.09.2019 12:27:51.652]  Write: 58,49,49,150,125,152,153,154,155,1,185,74,26,58,13,10
[22.09.2019 12:27:51.681]  Read: 58,49,49,150,125,152,153,154,155,1,185,74,26,58,13,10,96,0,0,0,0,0,0,0,0,0,0,0,0,0,0,0
[22.09.2019 12:27:51.696]  Write: 58,49,49,150,126,152,153,154,155,1,78,87,243,144,58,13,10
[22.09.2019 12:27:51.714]  Read: 58,49,49,150,126,152,153,154,155,1,78,87,243,144,58,13,10,96,0,0,0,0,0,0,0,0,0,0,0,0,0,0
[22.09.2019 12:27:51.727]  Write: 58,49,49,150,127,152,153,154,155,1,169,58,13,10
[22.09.2019 12:27:51.753]  Read: 58,49,49,150,127,152,153,154,155,1,169,58,13,10,96,0,0,0,0,0,0,0,0,0,0,0,0,0,0,0,0,0
[22.09.2019 12:27:51.766]  Write: 58,49,49,150,128,152,153,154,155,1,177,173,53,44,58,13,10
[22.09.2019 12:27:51.794]  Read: 58,49,49,150,128,152,153,154,155,1,177,173,53,44,58,13,10,96,0,0,0,0,0,0,0,0,0,0,0,0,0,0
[22.09.2019 12:27:51.807]  Write: 58,49,49,150,129,152,153,154,155,1,148,58,13,10
[22.09.2019 12:27:51.825]  Read: 58,49,49,150,129,152,153,154,155,1,148,58,13,10,96,0,0,0,0,0,0,0,0,0,0,0,0,0,0,0,0,0
[22.09.2019 12:27:51.836]  Write: 58,49,49,150,130,152,153,154,155,1,17,178,84,166,58,13,10
[22.09.2019 12:27:51.857]  Read: 58,49,49,150,130,152,153,154,155,1,17,178,84,166,58,13,10,96,0,0,0,0,0,0,0,0,0,0,0,0,0,0
[22.09.2019 12:27:51.867]  Write: 58,49,49,150,131,152,153,154,155,1,58,58,13,10
[22.09.2019 12:27:51.889]  Read: 58,49,49,150,131,152,153,154,155,1,58,58,13,10,96,0,0,0,0,0,0,0,0,0,0,0,0,0,0,0,0,0
[22.09.2019 12:27:51.898]  Write: 58,49,49,150,132,152,153,154,155,1,182,193,210,206,58,13,10
[22.09.2019 12:27:51.921]  Read: 58,49,49,150,132,152,153,154,155,1,182,193,210,206,58,13,10,96,0,0,0,0,0,0,0,0,0,0,0,0,0,0
[22.09.2019 12:27:51.936]  Write: 58,49,49,150,133,152,153,154,155,1,249,58,13,10
[22.09.2019 12:27:51.953]  Read: 58,49,49,150,133,152,153,154,155,1,249,58,13,10,96,0,0,0,0,0,0,0,0,0,0,0,0,0,0,0,0,0
[22.09.2019 12:27:51.964]  Write: 58,49,49,150,134,152,153,154,155,1,107,89,110,58,13,10
[22.09.2019 12:27:51.986]  Read: 58,49,49,150,134,152,153,154,155,1,107,89,110,58,13,10,96,0,0,0,0,0,0,0,0,0,0,0,0,0,0,0
[22.09.2019 12:27:51.994]  Write: 58,49,49,150,135,152,153,154,155,1,117,92,6,58,13,10
[22.09.2019 12:27:52.017]  Read: 58,49,49,150,135,152,153,154,155,1,117,92,6,58,13,10,96,0,0,0,0,0,0,0,0,0,0,0,0,0,0,0
[22.09.2019 12:27:52.026]  Write: 58,49,49,150,136,152,153,154,155,1,128,130,236,35,58,13,10
[22.09.2019 12:27:52.050]  Read: 58,49,49,150,136,152,153,154,155,1,128,130,236,35,58,13,10,96,0,0,0,0,0,0,0,0,0,0,0,0,0,0
[22.09.2019 12:27:52.058]  Write: 58,49,49,150,137,152,153,154,155,1,162,188,58,13,10
[22.09.2019 12:27:52.082]  Read: 58,49,49,150,137,152,153,154,155,1,162,188,58,13,10,96,0,0,0,0,0,0,0,0,0,0,0,0,0,0,0,0
[22.09.2019 12:27:52.095]  Write: 58,49,49,150,138,152,153,154,155,1,30,116,58,13,10
[22.09.2019 12:27:52.114]  Read: 58,49,49,150,138,152,153,154,155,1,30,116,58,13,10,96,0,0,0,0,0,0,0,0,0,0,0,0,0,0,0,0
[22.09.2019 12:27:52.124]  Write: 58,49,49,150,139,152,153,154,155,1,203,108,58,13,10
[22.09.2019 12:27:52.146]  Read: 58,49,49,150,139,152,153,154,155,1,203,108,58,13,10,96,0,0,0,0,0,0,0,0,0,0,0,0,0,0,0,0
[22.09.2019 12:27:52.161]  Write: 58,49,49,150,140,152,153,154,155,1,116,58,13,10
[22.09.2019 12:27:52.181]  Read: 58,49,49,150,140,152,153,154,155,1,116,58,13,10,96,0,0,0,0,0,0,0,0,0,0,0,0,0,0,0,0,0
[22.09.2019 12:27:52.194]  Write: 58,49,49,150,141,152,153,154,155,1,35,58,13,10
[22.09.2019 12:27:52.209]  Read: 58,49,49,150,141,152,153,154,155,1,35,58,13,10,96,0,0,0,0,0,0,0,0,0,0,0,0,0,0,0,0,0
[22.09.2019 12:27:52.227]  Write: 58,49,49,150,142,152,153,154,155,1,218,58,13,10
[22.09.2019 12:27:52.241]  Read: 58,49,49,150,142,152,153,154,155,1,218,58,13,10,96,0,0,0,0,0,0,0,0,0,0,0,0,0,0,0,0,0
[22.09.2019 12:27:52.250]  Write: 58,49,49,150,143,152,153,154,155,1,98,220,232,231,58,13,10
[22.09.2019 12:27:52.273]  Read: 58,49,49,150,143,152,153,154,155,1,98,220,232,231,58,13,10,96,0,0,0,0,0,0,0,0,0,0,0,0,0,0
[22.09.2019 12:27:52.282]  Write: 58,49,49,150,144,152,153,154,155,1,164,59,128,58,13,10
[22.09.2019 12:27:52.305]  Read: 58,49,49,150,144,152,153,154,155,1,164,59,128,58,13,10,96,0,0,0,0,0,0,0,0,0,0,0,0,0,0,0
[22.09.2019 12:27:52.313]  Write: 58,49,49,150,145,152,153,154,155,1,183,189,86,58,13,10
[22.09.2019 12:27:52.337]  Read: 58,49,49,150,145,152,153,154,155,1,183,189,86,58,13,10,96,0,0,0,0,0,0,0,0,0,0,0,0,0,0,0
[22.09.2019 12:27:52.348]  Write: 58,49,49,150,146,152,153,154,155,1,232,58,13,10
[22.09.2019 12:27:52.369]  Read: 58,49,49,150,146,152,153,154,155,1,232,58,13,10,96,0,0,0,0,0,0,0,0,0,0,0,0,0,0,0,0,0
[22.09.2019 12:27:52.379]  Write: 58,49,49,150,147,152,153,154,155,1,165,152,58,13,10
[22.09.2019 12:27:52.401]  Read: 58,49,49,150,147,152,153,154,155,1,165,152,58,13,10,96,0,0,0,0,0,0,0,0,0,0,0,0,0,0,0,0
[22.09.2019 12:27:52.410]  Write: 58,49,49,150,148,152,153,154,155,1,143,194,140,241,58,13,10
[22.09.2019 12:27:52.433]  Read: 58,49,49,150,148,152,153,154,155,1,143,194,140,241,58,13,10,96,0,0,0,0,0,0,0,0,0,0,0,0,0,0
[22.09.2019 12:27:52.442]  Write: 58,49,49,150,149,152,153,154,155,1,157,125,201,172,58,13,10
[22.09.2019 12:27:52.465]  Read: 58,49,49,150,149,152,153,154,155,1,157,125,201,172,58,13,10,96,0,0,0,0,0,0,0,0,0,0,0,0,0,0
[22.09.2019 12:27:52.473]  Write: 58,49,49,150,150,152,153,154,155,1,48,42,73,224,58,13,10
[22.09.2019 12:27:52.497]  Read: 58,49,49,150,150,152,153,154,155,1,48,42,73,224,58,13,10,96,0,0,0,0,0,0,0,0,0,0,0,0,0,0
[22.09.2019 12:27:52.512]  Write: 58,49,49,150,151,152,153,154,155,1,78,167,148,166,58,13,10
[22.09.2019 12:27:52.529]  Read: 58,49,49,150,151,152,153,154,155,1,78,167,148,166,58,13,10,96,0,0,0,0,0,0,0,0,0,0,0,0,0,0
[22.09.2019 12:27:52.537]  Write: 58,49,49,150,152,152,153,154,155,1,71,198,132,85,58,13,10
[22.09.2019 12:27:52.561]  Read: 58,49,49,150,152,152,153,154,155,1,71,198,132,85,58,13,10,96,0,0,0,0,0,0,0,0,0,0,0,0,0,0
[22.09.2019 12:27:52.571]  Write: 58,49,49,150,153,152,153,154,155,1,249,199,187,58,13,10
[22.09.2019 12:27:52.593]  Read: 58,49,49,150,153,152,153,154,155,1,249,199,187,58,13,10,96,0,0,0,0,0,0,0,0,0,0,0,0,0,0,0
[22.09.2019 12:27:52.605]  Write: 58,49,49,150,154,152,153,154,155,1,131,180,30,58,13,10
[22.09.2019 12:27:52.625]  Read: 58,49,49,150,154,152,153,154,155,1,131,180,30,58,13,10,96,0,0,0,0,0,0,0,0,0,0,0,0,0,0,0
[22.09.2019 12:27:52.633]  Write: 58,49,49,150,155,152,153,154,155,1,101,58,13,10
[22.09.2019 12:27:52.657]  Read: 58,49,49,150,155,152,153,154,155,1,101,58,13,10,96,0,0,0,0,0,0,0,0,0,0,0,0,0,0,0,0,0
[22.09.2019 12:27:52.665]  Write: 58,49,49,150,156,152,153,154,155,1,241,58,13,10
[22.09.2019 12:27:52.690]  Read: 58,49,49,150,156,152,153,154,155,1,241,58,13,10,96,0,0,0,0,0,0,0,0,0,0,0,0,0,0,0,0,0
[22.09.2019 12:27:52.697]  Write: 58,49,49,150,157,152,153,154,155,1,50,194,93,25,58,13,10
[22.09.2019 12:27:52.722]  Read: 58,49,49,150,157,152,153,154,155,1,50,194,93,25,58,13,10,96,0,0,0,0,0,0,0,0,0,0,0,0,0,0
[22.09.2019 12:27:52.729]  Write: 58,49,49,150,158,152,153,154,155,1,207,57,58,13,10
[22.09.2019 12:27:52.864] Error:  ReadBytes func exception: Поток находился в процессе прерывания.
[22.09.2019 13:32:31.416]  *** Init session ***
[22.09.2019 13:32:31.648]  Write: 58,49,49,150,1,152,153,154,155,1,121,24,14,58,13,10
[22.09.2019 13:32:31.727]  Read: 58,49,49,150,1,152,153,154,155,1,121,24,14,58,13,10,32,0,0,0,0,0,0,0,0,0,0,0,0,0,0,0
[22.09.2019 13:32:31.744]  Write: 58,49,49,150,1,152,153,154,155,1,120,58,13,10
[22.09.2019 13:32:31.854]  Read: 58,49,49,150,1,152,153,154,155,1,120,58,13,10,96,0,0,0,0,0,0,0,0,0,0,0,0,0,0,0,0,0
[22.09.2019 13:32:31.961]  Write: 58,49,49,150,2,152,153,154,155,1,73,254,58,13,10
[22.09.2019 13:32:31.982]  Read: 58,49,49,150,2,152,153,154,155,1,73,254,58,13,10,96,0,0,0,0,0,0,0,0,0,0,0,0,0,0,0,0
[22.09.2019 13:32:32.002]  Write: 58,49,49,150,3,152,153,154,155,1,100,200,103,53,58,13,10
[22.09.2019 13:32:32.030]  Read: 58,49,49,150,3,152,153,154,155,1,100,200,103,53,58,13,10,96,0,0,0,0,0,0,0,0,0,0,0,0,0,0
[22.09.2019 13:32:32.054]  Write: 58,49,49,150,4,152,153,154,155,1,15,113,58,13,10
[22.09.2019 13:32:32.078]  Read: 58,49,49,150,4,152,153,154,155,1,15,113,58,13,10,96,0,0,0,0,0,0,0,0,0,0,0,0,0,0,0,0
[22.09.2019 13:32:32.098]  Write: 58,49,49,150,5,152,153,154,155,1,51,32,58,13,10
[22.09.2019 13:32:32.126]  Read: 58,49,49,150,5,152,153,154,155,1,51,32,58,13,10,96,0,0,0,0,0,0,0,0,0,0,0,0,0,0,0,0
[22.09.2019 13:32:32.142]  Write: 58,49,49,150,6,152,153,154,155,1,128,198,58,13,10
[22.09.2019 13:32:32.158]  Read: 58,49,49,150,6,152,153,154,155,1,128,198,58,13,10,96,0,0,0,0,0,0,0,0,0,0,0,0,0,0,0,0
[22.09.2019 13:32:32.175]  Write: 58,49,49,150,7,152,153,154,155,1,8,104,146,251,58,13,10
[22.09.2019 13:32:32.190]  Read: 58,49,49,150,7,152,153,154,155,1,8,104,146,251,58,13,10,96,0,0,0,0,0,0,0,0,0,0,0,0,0,0
[22.09.2019 13:32:32.206]  Write: 58,49,49,150,8,152,153,154,155,1,162,4,141,58,13,10
[22.09.2019 13:32:32.235]  Read: 58,49,49,150,8,152,153,154,155,1,162,4,141,58,13,10,96,0,0,0,0,0,0,0,0,0,0,0,0,0,0,0
[22.09.2019 13:32:32.259]  Write: 58,49,49,150,9,152,153,154,155,1,162,58,13,10
[22.09.2019 13:32:32.286]  Read: 58,49,49,150,9,152,153,154,155,1,162,58,13,10,96,0,0,0,0,0,0,0,0,0,0,0,0,0,0,0,0,0
[22.09.2019 13:32:32.305]  Write: 58,49,49,150,10,152,153,154,155,1,91,58,13,10
[22.09.2019 13:32:32.340]  Read: 58,49,49,150,10,152,153,154,155,1,91,58,13,10,96,0,0,0,0,0,0,0,0,0,0,0,0,0,0,0,0,0
[22.09.2019 13:32:32.392]  Write: 58,49,49,150,11,152,153,154,155,1,132,211,67,58,13,10
[22.09.2019 13:32:32.426]  Read: 58,49,49,150,11,152,153,154,155,1,132,211,67,58,13,10,96,0,0,0,0,0,0,0,0,0,0,0,0,0,0,0
[22.09.2019 13:32:32.460]  Write: 58,49,49,150,12,152,153,154,155,1,245,245,11,51,58,13,10
[22.09.2019 13:32:32.503]  Read: 58,49,49,150,12,152,153,154,155,1,245,245,11,51,58,13,10,96,0,0,0,0,0,0,0,0,0,0,0,0,0,0
[22.09.2019 13:32:32.526]  Write: 58,49,49,150,13,152,153,154,155,1,124,34,88,58,13,10
[22.09.2019 13:32:32.548]  Read: 58,49,49,150,13,152,153,154,155,1,124,34,88,58,13,10,96,0,0,0,0,0,0,0,0,0,0,0,0,0,0,0
[22.09.2019 13:32:32.556]  Write: 58,49,49,150,14,152,153,154,155,1,54,58,13,10
[22.09.2019 13:32:32.580]  Read: 58,49,49,150,14,152,153,154,155,1,54,58,13,10,96,0,0,0,0,0,0,0,0,0,0,0,0,0,0,0,0,0
[22.09.2019 13:32:32.595]  Write: 58,49,49,150,15,152,153,154,155,1,246,143,12,85,58,13,10
[22.09.2019 13:32:32.623]  Read: 58,49,49,150,15,152,153,154,155,1,246,143,12,85,58,13,10,96,0,0,0,0,0,0,0,0,0,0,0,0,0,0
[22.09.2019 13:32:32.640]  Write: 58,49,49,150,16,152,153,154,155,1,207,95,105,169,58,13,10
[22.09.2019 13:32:32.669]  Read: 58,49,49,150,16,152,153,154,155,1,207,95,105,169,58,13,10,96,0,0,0,0,0,0,0,0,0,0,0,0,0,0
[22.09.2019 13:32:32.697]  Write: 58,49,49,150,17,152,153,154,155,1,251,52,91,58,13,10
[22.09.2019 13:32:32.718]  Read: 58,49,49,150,17,152,153,154,155,1,251,52,91,58,13,10,96,0,0,0,0,0,0,0,0,0,0,0,0,0,0,0
[22.09.2019 13:32:32.731]  Write: 58,49,49,150,18,152,153,154,155,1,53,244,58,13,10
[22.09.2019 13:32:32.751]  Read: 58,49,49,150,18,152,153,154,155,1,53,244,58,13,10,96,0,0,0,0,0,0,0,0,0,0,0,0,0,0,0,0
[22.09.2019 13:32:32.768]  Write: 58,49,49,150,19,152,153,154,155,1,235,157,211,58,13,10
[22.09.2019 13:32:32.782]  Read: 58,49,49,150,19,152,153,154,155,1,235,157,211,58,13,10,96,0,0,0,0,0,0,0,0,0,0,0,0,0,0,0
[22.09.2019 13:32:32.791]  Write: 58,49,49,150,20,152,153,154,155,1,34,60,185,58,13,10
[22.09.2019 13:32:32.818]  Read: 58,49,49,150,20,152,153,154,155,1,34,60,185,58,13,10,96,0,0,0,0,0,0,0,0,0,0,0,0,0,0,0
[22.09.2019 13:32:32.831]  Write: 58,49,49,150,21,152,153,154,155,1,144,58,13,10
[22.09.2019 13:32:32.847]  Read: 58,49,49,150,21,152,153,154,155,1,144,58,13,10,96,0,0,0,0,0,0,0,0,0,0,0,0,0,0,0,0,0
[22.09.2019 13:32:32.859]  Write: 58,49,49,150,22,152,153,154,155,1,233,122,58,13,10
[22.09.2019 13:32:32.883]  Read: 58,49,49,150,22,152,153,154,155,1,233,122,58,13,10,96,0,0,0,0,0,0,0,0,0,0,0,0,0,0,0,0
[22.09.2019 13:32:32.899]  Write: 58,49,49,150,23,152,153,154,155,1,194,196,7,63,58,13,10
[22.09.2019 13:32:32.927]  Read: 58,49,49,150,23,152,153,154,155,1,194,196,7,63,58,13,10,96,0,0,0,0,0,0,0,0,0,0,0,0,0,0
[22.09.2019 13:32:32.939]  Write: 58,49,49,150,24,152,153,154,155,1,210,158,58,13,10
[22.09.2019 13:32:32.959]  Read: 58,49,49,150,24,152,153,154,155,1,210,158,58,13,10,96,0,0,0,0,0,0,0,0,0,0,0,0,0,0,0,0
[22.09.2019 13:32:32.976]  Write: 58,49,49,150,25,152,153,154,155,1,104,19,58,13,10
[22.09.2019 13:32:33.002]  Read: 58,49,49,150,25,152,153,154,155,1,104,19,58,13,10,96,0,0,0,0,0,0,0,0,0,0,0,0,0,0,0,0
[22.09.2019 13:32:33.022]  Write: 58,49,49,150,26,152,153,154,155,1,1,16,30,58,13,10
[22.09.2019 13:32:33.050]  Read: 58,49,49,150,26,152,153,154,155,1,1,16,30,58,13,10,96,0,0,0,0,0,0,0,0,0,0,0,0,0,0,0
[22.09.2019 13:32:33.070]  Write: 58,49,49,150,27,152,153,154,155,1,141,196,58,13,10
[22.09.2019 13:32:33.099]  Read: 58,49,49,150,27,152,153,154,155,1,141,196,58,13,10,96,0,0,0,0,0,0,0,0,0,0,0,0,0,0,0,0
[22.09.2019 13:32:33.113]  Write: 58,49,49,150,28,152,153,154,155,1,120,92,207,222,58,13,10
[22.09.2019 13:32:33.132]  Read: 58,49,49,150,28,152,153,154,155,1,120,92,207,222,58,13,10,96,0,0,0,0,0,0,0,0,0,0,0,0,0,0
[22.09.2019 13:32:33.143]  Write: 58,49,49,150,29,152,153,154,155,1,67,154,157,194,58,13,10
[22.09.2019 13:32:33.163]  Read: 58,49,49,150,29,152,153,154,155,1,67,154,157,194,58,13,10,96,0,0,0,0,0,0,0,0,0,0,0,0,0,0
[22.09.2019 13:32:33.173]  Write: 58,49,49,150,30,152,153,154,155,1,78,206,58,13,10
[22.09.2019 13:32:33.195]  Read: 58,49,49,150,30,152,153,154,155,1,78,206,58,13,10,96,0,0,0,0,0,0,0,0,0,0,0,0,0,0,0,0
[22.09.2019 13:32:33.206]  Write: 58,49,49,150,31,152,153,154,155,1,228,58,13,10
[22.09.2019 13:32:33.242]  Read: 58,49,49,150,31,152,153,154,155,1,228,58,13,10,96,0,0,0,0,0,0,0,0,0,0,0,0,0,0,0,0,0
[22.09.2019 13:32:33.270]  Write: 58,49,49,150,32,152,153,154,155,1,99,9,29,58,13,10
[22.09.2019 13:32:33.292]  Read: 58,49,49,150,32,152,153,154,155,1,99,9,29,58,13,10,96,0,0,0,0,0,0,0,0,0,0,0,0,0,0,0
[22.09.2019 13:32:33.311]  Write: 58,49,49,150,33,152,153,154,155,1,104,108,58,13,10
[22.09.2019 13:32:33.341]  Read: 58,49,49,150,33,152,153,154,155,1,104,108,58,13,10,96,0,0,0,0,0,0,0,0,0,0,0,0,0,0,0,0
[22.09.2019 13:32:33.365]  Write: 58,49,49,150,34,152,153,154,155,1,64,89,58,13,10
[22.09.2019 13:32:33.392]  Read: 58,49,49,150,34,152,153,154,155,1,64,89,58,13,10,96,0,0,0,0,0,0,0,0,0,0,0,0,0,0,0,0
[22.09.2019 13:32:33.410]  Write: 58,49,49,150,35,152,153,154,155,1,237,58,13,10
[22.09.2019 13:32:33.434]  Read: 58,49,49,150,35,152,153,154,155,1,237,58,13,10,96,0,0,0,0,0,0,0,0,0,0,0,0,0,0,0,0,0
[22.09.2019 13:32:33.448]  Write: 58,49,49,150,36,152,153,154,155,1,9,34,223,58,13,10
[22.09.2019 13:32:33.466]  Read: 58,49,49,150,36,152,153,154,155,1,9,34,223,58,13,10,96,0,0,0,0,0,0,0,0,0,0,0,0,0,0,0
[22.09.2019 13:32:33.493]  Write: 58,49,49,150,37,152,153,154,155,1,72,188,90,174,58,13,10
[22.09.2019 13:32:33.514]  Read: 58,49,49,150,37,152,153,154,155,1,72,188,90,174,58,13,10,96,0,0,0,0,0,0,0,0,0,0,0,0,0,0
[22.09.2019 13:32:33.535]  Write: 58,49,49,150,38,152,153,154,155,1,247,42,129,58,13,10
[22.09.2019 13:32:33.562]  Read: 58,49,49,150,38,152,153,154,155,1,247,42,129,58,13,10,96,0,0,0,0,0,0,0,0,0,0,0,0,0,0,0
[22.09.2019 13:32:33.585]  Write: 58,49,49,150,39,152,153,154,155,1,52,123,58,13,10
[22.09.2019 13:32:33.612]  Read: 58,49,49,150,39,152,153,154,155,1,52,123,58,13,10,96,0,0,0,0,0,0,0,0,0,0,0,0,0,0,0,0
[22.09.2019 13:32:33.626]  Write: 58,49,49,150,40,152,153,154,155,1,203,245,58,13,10
[22.09.2019 13:32:33.642]  Read: 58,49,49,150,40,152,153,154,155,1,203,245,58,13,10,96,0,0,0,0,0,0,0,0,0,0,0,0,0,0,0,0
[22.09.2019 13:32:33.669]  Write: 58,49,49,150,41,152,153,154,155,1,250,36,70,133,58,13,10
[22.09.2019 13:32:33.698]  Read: 58,49,49,150,41,152,153,154,155,1,250,36,70,133,58,13,10,96,0,0,0,0,0,0,0,0,0,0,0,0,0,0
[22.09.2019 13:32:33.718]  Write: 58,49,49,150,42,152,153,154,155,1,123,169,58,13,10
[22.09.2019 13:32:33.749]  Read: 58,49,49,150,42,152,153,154,155,1,123,169,58,13,10,96,0,0,0,0,0,0,0,0,0,0,0,0,0,0,0,0
[22.09.2019 13:32:33.799]  Write: 58,49,49,150,43,152,153,154,155,1,218,75,145,248,58,13,10
[22.09.2019 13:32:33.818]  Read: 58,49,49,150,43,152,153,154,155,1,218,75,145,248,58,13,10,96,0,0,0,0,0,0,0,0,0,0,0,0,0,0
[22.09.2019 13:32:33.841]  Write: 58,49,49,150,44,152,153,154,155,1,177,33,58,13,10
[22.09.2019 13:32:33.866]  Read: 58,49,49,150,44,152,153,154,155,1,177,33,58,13,10,96,0,0,0,0,0,0,0,0,0,0,0,0,0,0,0,0
[22.09.2019 13:32:33.884]  Write: 58,49,49,150,45,152,153,154,155,1,17,33,58,13,10
[22.09.2019 13:32:33.914]  Read: 58,49,49,150,45,152,153,154,155,1,17,33,58,13,10,96,0,0,0,0,0,0,0,0,0,0,0,0,0,0,0,0
[22.09.2019 13:32:33.929]  Write: 58,49,49,150,46,152,153,154,155,1,25,255,29,244,58,13,10
[22.09.2019 13:32:33.957]  Read: 58,49,49,150,46,152,153,154,155,1,25,255,29,244,58,13,10,96,0,0,0,0,0,0,0,0,0,0,0,0,0,0
[22.09.2019 13:32:34.009]  Write: 58,49,49,150,47,152,153,154,155,1,251,217,131,196,58,13,10
[22.09.2019 13:32:34.060]  Read: 58,49,49,150,47,152,153,154,155,1,251,217,131,196,58,13,10,96,0,0,0,0,0,0,0,0,0,0,0,0,0,0
[22.09.2019 13:32:34.079]  Write: 58,49,49,150,48,152,153,154,155,1,172,19,18,130,58,13,10
[22.09.2019 13:32:34.106]  Read: 58,49,49,150,48,152,153,154,155,1,172,19,18,130,58,13,10,96,0,0,0,0,0,0,0,0,0,0,0,0,0,0
[22.09.2019 13:32:34.146]  Write: 58,49,49,150,49,152,153,154,155,1,182,248,58,13,10
[22.09.2019 13:32:34.193]  Read: 58,49,49,150,49,152,153,154,155,1,182,248,58,13,10,96,0,0,0,0,0,0,0,0,0,0,0,0,0,0,0,0
[22.09.2019 13:32:34.209]  Write: 58,49,49,150,50,152,153,154,155,1,114,203,100,58,13,10
[22.09.2019 13:32:34.241]  Read: 58,49,49,150,50,152,153,154,155,1,114,203,100,58,13,10,96,0,0,0,0,0,0,0,0,0,0,0,0,0,0,0
[22.09.2019 13:32:34.258]  Write: 58,49,49,150,51,152,153,154,155,1,104,58,13,10
[22.09.2019 13:32:34.297]  Read: 58,49,49,150,51,152,153,154,155,1,104,58,13,10,96,0,0,0,0,0,0,0,0,0,0,0,0,0,0,0,0,0
[22.09.2019 13:32:34.349]  Write: 58,49,49,150,52,152,153,154,155,1,210,102,172,58,13,10
[22.09.2019 13:32:34.390]  Read: 58,49,49,150,52,152,153,154,155,1,210,102,172,58,13,10,96,0,0,0,0,0,0,0,0,0,0,0,0,0,0,0
[22.09.2019 13:32:34.425]  Write: 58,49,49,150,53,152,153,154,155,1,171,58,13,10
[22.09.2019 13:32:34.484]  Read: 58,49,49,150,53,152,153,154,155,1,171,58,13,10,96,0,0,0,0,0,0,0,0,0,0,0,0,0,0,0,0,0
[22.09.2019 13:32:34.499]  Write: 58,49,49,150,54,152,153,154,155,1,82,58,13,10
[22.09.2019 13:32:34.703] Error:  ReadBytes func exception: Поток находился в процессе прерывания.
