[15.09.2019 20:45:55.156]  *** Init session ***
[15.09.2019 20:45:55.329]  Write: 58,49,49,150,1,152,153,154,155,1,1,202,1,78,58,13,10
[15.09.2019 20:45:55.384]  Read: 58,49,49,150,1,152,153,154,155,1,1,202,1,78,58,13,10
[15.09.2019 20:45:55.404]  Write: 58,49,49,150,1,152,153,154,155,1,1,166,1,175,58,13,10
[15.09.2019 20:45:55.439]  Read: 58,49,49,150,1,152,153,154,155,1,1,166,1,175,58,13,10
[15.09.2019 20:45:55.475]  Write: 58,49,49,150,2,152,153,154,155,1,1,95,1,154,58,13,10
[15.09.2019 20:45:55.559]  Read: 58,49,49,150,2,152,153,154,155,1,1,95,1,154,58,13,10
[15.09.2019 20:45:55.583]  Write: 58,49,49,150,3,152,153,154,155,1,1,120,1,93,58,13,10
[15.09.2019 20:45:55.615]  Read: 58,49,49,150,3,152,153,154,155,1,1,120,1,93,58,13,10
[15.09.2019 20:45:55.637]  Write: 58,49,49,150,4,152,153,154,155,1,1,114,1,235,58,13,10
[15.09.2019 20:45:55.664]  Read: 58,49,49,150,4,152,153,154,155,1,1,114,1,235,58,13,10
[15.09.2019 20:45:55.683]  Write: 58,49,49,150,5,152,153,154,155,1,1,132,1,28,58,13,10
[15.09.2019 20:45:55.720]  Read: 58,49,49,150,5,152,153,154,155,1,1,132,1,28,58,13,10
[15.09.2019 20:45:55.754]  Write: 58,49,49,150,6,152,153,154,155,1,1,212,1,21,58,13,10
[15.09.2019 20:45:55.790]  Read: 58,49,49,150,6,152,153,154,155,1,1,212,1,21,58,13,10
[15.09.2019 20:45:55.804]  Write: 58,49,49,150,7,152,153,154,155,1,1,18,1,80,58,13,10
[15.09.2019 20:45:55.830]  Read: 58,49,49,150,7,152,153,154,155,1,1,18,1,80,58,13,10
[15.09.2019 20:45:55.846]  Write: 58,49,49,150,8,152,153,154,155,1,1,15,1,123,58,13,10
[15.09.2019 20:45:55.873]  Read: 58,49,49,150,8,152,153,154,155,1,1,15,1,123,58,13,10
[15.09.2019 20:45:55.880]  Write: 58,49,49,150,9,152,153,154,155,1,1,147,1,55,58,13,10
[15.09.2019 20:45:55.908]  Read: 58,49,49,150,9,152,153,154,155,1,1,147,1,55,58,13,10
[15.09.2019 20:45:55.917]  Write: 58,49,49,150,10,152,153,154,155,1,1,57,1,200,58,13,10
[15.09.2019 20:45:55.940]  Read: 58,49,49,150,10,152,153,154,155,1,1,57,1,200,58,13,10
[15.09.2019 20:45:55.948]  Write: 58,49,49,150,11,152,153,154,155,1,1,160,1,243,58,13,10
[15.09.2019 20:45:55.973]  Read: 58,49,49,150,11,152,153,154,155,1,1,160,1,243,58,13,10
[15.09.2019 20:45:55.982]  Write: 58,49,49,150,12,152,153,154,155,1,1,195,1,211,58,13,10
[15.09.2019 20:45:56.023]  Read: 58,49,49,150,12,152,153,154,155,1,1,195,1,211,58,13,10
[15.09.2019 20:45:56.031]  Write: 58,49,49,150,13,152,153,154,155,1,1,56,1,100,58,13,10
[15.09.2019 20:45:56.043]  Read: 58,49,49,150,13,0,0,0,0,0,0,0,0,0,0,0,0
[15.09.2019 20:45:56.051]  Write: 58,49,49,150,14,152,153,154,155,1,1,255,1,142,58,13,10
[15.09.2019 20:45:56.071]  Read: 58,49,49,150,14,152,153,154,155,1,1,255,1,142,58,13,10
[15.09.2019 20:45:56.079]  Write: 58,49,49,150,15,152,153,154,155,1,1,62,1,101,58,13,10
[15.09.2019 20:45:56.100]  Read: 58,49,49,150,15,152,153,154,155,1,1,62,1,101,58,13,10
[15.09.2019 20:45:56.108]  Write: 58,49,49,150,16,152,153,154,155,1,1,222,1,172,58,13,10
[15.09.2019 20:45:56.132]  Read: 58,49,49,150,16,152,153,154,155,1,1,222,1,172,58,13,10
[15.09.2019 20:45:56.141]  Write: 58,49,49,150,17,152,153,154,155,1,1,155,1,231,58,13,10
[15.09.2019 20:45:56.167]  Read: 58,49,49,150,17,152,153,154,155,1,1,155,1,231,58,13,10
[15.09.2019 20:45:56.179]  Write: 58,49,49,150,18,152,153,154,155,1,1,188,1,123,58,13,10
[15.09.2019 20:45:56.203]  Read: 58,49,49,150,18,152,153,154,155,1,1,188,1,123,58,13,10
[15.09.2019 20:45:56.223]  Write: 58,49,49,150,19,152,153,154,155,1,1,128,1,200,58,13,10
[15.09.2019 20:45:56.254]  Read: 58,49,49,150,19,152,153,154,155,1,1,128,1,200,58,13,10
[15.09.2019 20:45:56.262]  Write: 58,49,49,150,20,152,153,154,155,1,1,204,1,173,58,13,10
[15.09.2019 20:45:56.280]  Read: 58,49,49,150,20,152,153,154,155,1,1,204,1,173,58,13,10
[15.09.2019 20:45:56.289]  Write: 58,49,49,150,21,152,153,154,155,1,1,224,1,112,58,13,10
[15.09.2019 20:45:56.309]  Read: 58,49,49,150,21,152,153,154,155,1,1,224,1,112,58,13,10
[15.09.2019 20:45:56.330]  Write: 58,49,49,150,22,152,153,154,155,1,1,225,1,106,58,13,10
[15.09.2019 20:45:56.355]  Read: 58,49,49,150,22,152,153,154,155,1,1,225,1,106,58,13,10
[15.09.2019 20:45:56.365]  Write: 58,49,49,150,23,152,153,154,155,1,1,119,1,200,58,13,10
[15.09.2019 20:45:56.414]  Read: 58,49,49,150,23,152,153,154,155,1,1,119,1,200,58,13,10
[15.09.2019 20:45:56.432]  Write: 58,49,49,150,24,152,153,154,155,1,1,201,1,122,58,13,10
[15.09.2019 20:45:56.472]  Read: 58,49,49,150,24,152,153,154,155,1,1,201,1,122,58,13,10
[15.09.2019 20:45:56.482]  Write: 58,49,49,150,25,152,153,154,155,1,1,141,1,142,58,13,10
[15.09.2019 20:45:56.505]  Read: 58,49,49,150,25,152,153,154,155,1,1,141,1,142,58,13,10
[15.09.2019 20:45:56.516]  Write: 58,49,49,150,26,152,153,154,155,1,1,200,1,158,58,13,10
[15.09.2019 20:45:56.542]  Read: 58,49,49,150,26,152,153,154,155,1,1,200,1,158,58,13,10
[15.09.2019 20:45:56.556]  Write: 58,49,49,150,27,152,153,154,155,1,1,240,1,174,58,13,10
[15.09.2019 20:45:56.574]  Read: 58,49,49,150,27,152,153,154,155,1,1,240,1,174,58,13,10
[15.09.2019 20:45:56.584]  Write: 58,49,49,150,28,152,153,154,155,1,1,23,1,46,58,13,10
[15.09.2019 20:45:56.604]  Read: 58,49,49,150,28,152,153,154,155,1,1,23,1,46,58,13,10
[15.09.2019 20:45:56.614]  Write: 58,49,49,150,29,152,153,154,155,1,1,247,1,237,58,13,10
[15.09.2019 20:45:56.665]  Read: 58,49,49,150,29,152,153,154,155,1,1,247,1,237,58,13,10
[15.09.2019 20:45:56.681]  Write: 58,49,49,150,30,152,153,154,155,1,1,234,1,45,58,13,10
[15.09.2019 20:45:56.712]  Read: 58,49,49,150,30,152,153,154,155,1,1,234,1,45,58,13,10
[15.09.2019 20:45:56.724]  Write: 58,49,49,150,31,152,153,154,155,1,1,198,1,240,58,13,10
[15.09.2019 20:45:56.749]  Read: 58,49,49,150,31,152,153,154,155,1,1,198,1,240,58,13,10
[15.09.2019 20:45:56.760]  Write: 58,49,49,150,32,152,153,154,155,1,1,225,1,120,58,13,10
[15.09.2019 20:45:56.781]  Read: 58,49,49,150,32,152,153,154,155,1,1,225,1,120,58,13,10
[15.09.2019 20:45:56.789]  Write: 58,49,49,150,33,152,153,154,155,1,1,149,1,117,58,13,10
[15.09.2019 20:45:56.812]  Read: 58,49,49,150,33,152,153,154,155,1,1,149,1,117,58,13,10
[15.09.2019 20:45:56.822]  Write: 58,49,49,150,34,152,153,154,155,1,1,245,1,206,58,13,10
[15.09.2019 20:45:56.845]  Read: 58,49,49,150,34,152,153,154,155,1,1,245,1,206,58,13,10
[15.09.2019 20:45:56.854]  Write: 58,49,49,150,35,152,153,154,155,1,1,6,1,78,58,13,10
[15.09.2019 20:45:56.881]  Read: 58,49,49,150,35,152,153,154,155,1,1,6,1,78,58,13,10
[15.09.2019 20:45:56.897]  Write: 58,49,49,150,36,152,153,154,155,1,1,166,1,233,58,13,10
[15.09.2019 20:45:56.928]  Read: 58,49,49,150,36,152,153,154,155,1,1,166,1,233,58,13,10
[15.09.2019 20:45:56.944]  Write: 58,49,49,150,37,152,153,154,155,1,1,246,1,187,58,13,10
[15.09.2019 20:45:56.965]  Read: 58,49,49,150,37,152,153,154,155,1,1,246,1,187,58,13,10
[15.09.2019 20:45:56.974]  Write: 58,49,49,150,38,152,153,154,155,1,1,144,1,90,58,13,10
[15.09.2019 20:45:56.991]  Read: 58,49,49,150,38,152,153,154,155,1,1,144,1,90,58,13,10
[15.09.2019 20:45:57.000]  Write: 58,49,49,150,39,152,153,154,155,1,1,156,1,91,58,13,10
[15.09.2019 20:45:57.021]  Read: 58,49,49,150,39,152,153,154,155,1,1,156,1,91,58,13,10
[15.09.2019 20:45:57.030]  Write: 58,49,49,150,40,152,153,154,155,1,1,96,1,242,58,13,10
[15.09.2019 20:45:57.052]  Read: 58,49,49,150,40,152,153,154,155,1,1,96,1,242,58,13,10
[15.09.2019 20:45:57.060]  Write: 58,49,49,150,41,152,153,154,155,1,1,245,1,98,58,13,10
[15.09.2019 20:45:57.086]  Read: 58,49,49,150,41,152,153,154,155,1,1,245,1,98,58,13,10
[15.09.2019 20:45:57.102]  Write: 58,49,49,150,42,152,153,154,155,1,1,226,1,83,58,13,10
[15.09.2019 20:45:57.127]  Read: 58,49,49,150,42,152,153,154,155,1,1,226,1,83,58,13,10
[15.09.2019 20:45:57.136]  Write: 58,49,49,150,43,152,153,154,155,1,1,135,1,196,58,13,10
[15.09.2019 20:45:57.159]  Read: 58,49,49,150,43,152,153,154,155,1,1,135,1,196,58,13,10
[15.09.2019 20:45:57.167]  Write: 58,49,49,150,44,152,153,154,155,1,1,192,1,187,58,13,10
[15.09.2019 20:45:57.189]  Read: 58,49,49,150,44,152,153,154,155,1,1,192,1,187,58,13,10
[15.09.2019 20:45:57.199]  Write: 58,49,49,150,45,152,153,154,155,1,1,202,1,249,58,13,10
[15.09.2019 20:45:57.218]  Read: 58,49,49,150,45,152,153,154,155,1,1,202,1,249,58,13,10
[15.09.2019 20:45:57.228]  Write: 58,49,49,150,46,152,153,154,155,1,1,44,1,213,58,13,10
[15.09.2019 20:45:57.245]  Read: 58,49,49,150,46,152,153,154,155,1,1,44,1,213,58,13,10
[15.09.2019 20:45:57.253]  Write: 58,49,49,150,47,152,153,154,155,1,1,21,1,230,58,13,10
[15.09.2019 20:45:57.276]  Read: 58,49,49,150,47,152,153,154,155,1,1,21,1,230,58,13,10
[15.09.2019 20:45:57.283]  Write: 58,49,49,150,48,152,153,154,155,1,1,232,1,1,58,13,10
[15.09.2019 20:45:57.309]  Read: 58,49,49,150,48,152,153,154,155,1,1,232,1,1,58,13,10
[15.09.2019 20:45:57.318]  Write: 58,49,49,150,49,152,153,154,155,1,1,146,1,97,58,13,10
[15.09.2019 20:45:57.345]  Read: 58,49,49,150,49,152,153,154,155,1,1,146,1,97,58,13,10
[15.09.2019 20:45:57.354]  Write: 58,49,49,150,50,152,153,154,155,1,1,227,1,64,58,13,10
[15.09.2019 20:45:57.375]  Read: 58,49,49,150,50,152,153,154,155,1,1,227,1,64,58,13,10
[15.09.2019 20:45:57.383]  Write: 58,49,49,150,51,152,153,154,155,1,1,74,1,201,58,13,10
[15.09.2019 20:45:57.404]  Read: 58,49,49,150,51,152,153,154,155,1,1,74,1,201,58,13,10
[15.09.2019 20:45:57.415]  Write: 58,49,49,150,52,152,153,154,155,1,1,236,1,52,58,13,10
[15.09.2019 20:45:57.445]  Read: 58,49,49,150,52,152,153,154,155,1,1,236,1,52,58,13,10
[15.09.2019 20:45:57.453]  Write: 58,49,49,150,53,152,153,154,155,1,1,202,1,7,58,13,10
[15.09.2019 20:45:57.472]  Read: 58,49,49,150,53,152,153,154,155,1,1,202,1,7,58,13,10
[15.09.2019 20:45:57.480]  Write: 58,49,49,150,54,152,153,154,155,1,1,241,1,65,58,13,10
[15.09.2019 20:45:57.499]  Read: 58,49,49,150,54,152,153,154,155,1,1,241,1,65,58,13,10
[15.09.2019 20:45:57.508]  Write: 58,49,49,150,55,152,153,154,155,1,1,234,1,128,58,13,10
[15.09.2019 20:45:57.531]  Read: 58,49,49,150,55,152,153,154,155,1,1,234,1,128,58,13,10
[15.09.2019 20:45:57.543]  Write: 58,49,49,150,56,152,153,154,155,1,1,197,1,192,58,13,10
[15.09.2019 20:45:57.569]  Read: 58,49,49,150,56,152,153,154,155,1,1,197,1,192,58,13,10
[15.09.2019 20:45:57.583]  Write: 58,49,49,150,57,152,153,154,155,1,1,232,1,233,58,13,10
[15.09.2019 20:45:57.612]  Read: 58,49,49,150,57,152,153,154,155,1,1,232,1,233,58,13,10
[15.09.2019 20:45:57.621]  Write: 58,49,49,150,58,152,153,154,155,1,1,174,1,212,58,13,10
[15.09.2019 20:45:57.647]  Read: 58,49,49,150,58,152,153,154,155,1,1,174,1,212,58,13,10
[15.09.2019 20:45:57.660]  Write: 58,49,49,150,59,152,153,154,155,1,1,228,1,6,58,13,10
[15.09.2019 20:45:57.682]  Read: 58,49,49,150,59,152,153,154,155,1,1,228,1,6,58,13,10
[15.09.2019 20:45:57.695]  Write: 58,49,49,150,60,152,153,154,155,1,1,187,1,150,58,13,10
[15.09.2019 20:45:57.715]  Read: 58,49,49,150,60,152,153,154,155,1,1,187,1,150,58,13,10
[15.09.2019 20:45:57.723]  Write: 58,49,49,150,61,152,153,154,155,1,1,227,1,69,58,13,10
[15.09.2019 20:45:57.747]  Read: 58,49,49,150,61,152,153,154,155,1,1,227,1,69,58,13,10
[15.09.2019 20:45:57.761]  Write: 58,49,49,150,62,152,153,154,155,1,1,250,1,6,58,13,10
[15.09.2019 20:45:57.779]  Read: 58,49,49,150,62,152,153,154,155,1,1,250,1,6,58,13,10
[15.09.2019 20:45:57.789]  Write: 58,49,49,150,63,152,153,154,155,1,1,24,1,28,58,13,10
[15.09.2019 20:45:57.810]  Read: 58,49,49,150,63,152,153,154,155,1,1,24,1,28,58,13,10
[15.09.2019 20:45:57.818]  Write: 58,49,49,150,64,152,153,154,155,1,1,169,1,9,58,13,10
[15.09.2019 20:45:57.835]  Read: 58,49,49,150,64,152,153,154,155,1,1,169,1,9,58,13,10
[15.09.2019 20:45:57.844]  Write: 58,49,49,150,65,152,153,154,155,1,1,114,1,169,58,13,10
[15.09.2019 20:45:57.868]  Read: 58,49,49,150,65,152,153,154,155,1,1,114,1,169,58,13,10
[15.09.2019 20:45:57.878]  Write: 58,49,49,150,66,152,153,154,155,1,1,191,1,102,58,13,10
[15.09.2019 20:45:57.899]  Read: 58,49,49,150,66,152,153,154,155,1,1,191,1,102,58,13,10
[15.09.2019 20:45:57.908]  Write: 58,49,49,150,67,152,153,154,155,1,1,46,1,106,58,13,10
[15.09.2019 20:45:57.932]  Read: 58,49,49,150,67,152,153,154,155,1,1,46,1,106,58,13,10
[15.09.2019 20:45:57.953]  Write: 58,49,49,150,68,152,153,154,155,1,1,67,1,39,58,13,10
[15.09.2019 20:45:57.985]  Read: 58,49,49,150,68,152,153,154,155,1,1,67,1,39,58,13,10
[15.09.2019 20:45:58.004]  Write: 58,49,49,150,69,152,153,154,155,1,1,248,1,25,58,13,10
[15.09.2019 20:45:58.031]  Read: 58,49,49,150,69,152,153,154,155,1,1,248,1,25,58,13,10
[15.09.2019 20:45:58.042]  Write: 58,49,49,150,70,152,153,154,155,1,1,152,1,162,58,13,10
[15.09.2019 20:45:58.062]  Read: 58,49,49,150,70,152,153,154,155,1,1,152,1,162,58,13,10
[15.09.2019 20:45:58.071]  Write: 58,49,49,150,71,152,153,154,155,1,1,231,1,181,58,13,10
[15.09.2019 20:45:58.094]  Read: 58,49,49,150,71,152,153,154,155,1,1,231,1,181,58,13,10
[15.09.2019 20:45:58.106]  Write: 58,49,49,150,72,152,153,154,155,1,1,10,1,134,58,13,10
[15.09.2019 20:45:58.124]  Read: 58,49,49,150,72,152,153,154,155,1,1,10,1,134,58,13,10
[15.09.2019 20:45:58.134]  Write: 58,49,49,150,73,152,153,154,155,1,1,32,1,1,58,13,10
[15.09.2019 20:45:58.155]  Read: 58,49,49,150,73,152,153,154,155,1,1,32,1,1,58,13,10
[15.09.2019 20:45:58.168]  Write: 58,49,49,150,74,152,153,154,155,1,1,31,1,196,58,13,10
[15.09.2019 20:45:58.192]  Read: 58,49,49,150,74,152,153,154,155,1,1,31,1,196,58,13,10
[15.09.2019 20:45:58.203]  Write: 58,49,49,150,75,152,153,154,155,1,1,214,1,24,58,13,10
[15.09.2019 20:45:58.231]  Read: 58,49,49,150,75,152,153,154,155,1,1,214,1,24,58,13,10
[15.09.2019 20:45:58.245]  Write: 58,49,49,150,76,152,153,154,155,1,1,254,1,171,58,13,10
[15.09.2019 20:45:58.268]  Read: 58,49,49,150,76,152,153,154,155,1,1,254,1,171,58,13,10
[15.09.2019 20:45:58.279]  Write: 58,49,49,150,77,152,153,154,155,1,1,90,1,98,58,13,10
[15.09.2019 20:45:58.300]  Read: 58,49,49,150,77,152,153,154,155,1,1,90,1,98,58,13,10
[15.09.2019 20:45:58.309]  Write: 58,49,49,150,78,152,153,154,155,1,1,182,1,78,58,13,10
[15.09.2019 20:45:58.332]  Read: 58,49,49,150,78,152,153,154,155,1,1,182,1,78,58,13,10
[15.09.2019 20:45:58.342]  Write: 58,49,49,150,79,152,153,154,155,1,1,255,1,177,58,13,10
[15.09.2019 20:45:58.364]  Read: 58,49,49,150,79,152,153,154,155,1,1,255,1,177,58,13,10
[15.09.2019 20:45:58.372]  Write: 58,49,49,150,80,152,153,154,155,1,1,96,1,218,58,13,10
[15.09.2019 20:45:58.400]  Read: 58,49,49,150,80,152,153,154,155,1,1,96,1,218,58,13,10
[15.09.2019 20:45:58.412]  Write: 58,49,49,150,81,152,153,154,155,1,1,179,1,134,58,13,10
[15.09.2019 20:45:58.438]  Read: 58,49,49,150,81,152,153,154,155,1,1,179,1,134,58,13,10
[15.09.2019 20:45:58.449]  Write: 58,49,49,150,82,152,153,154,155,1,1,8,1,227,58,13,10
[15.09.2019 20:45:58.469]  Read: 58,49,49,150,82,152,153,154,155,1,1,8,1,227,58,13,10
[15.09.2019 20:45:58.480]  Write: 58,49,49,150,83,152,153,154,155,1,1,132,1,193,58,13,10
[15.09.2019 20:45:58.499]  Read: 58,49,49,150,83,152,153,154,155,1,1,132,1,193,58,13,10
[15.09.2019 20:45:58.507]  Write: 58,49,49,150,84,152,153,154,155,1,1,20,1,212,58,13,10
[15.09.2019 20:45:58.525]  Read: 58,49,49,150,84,152,153,154,155,1,1,20,1,212,58,13,10
[15.09.2019 20:45:58.534]  Write: 58,49,49,150,85,152,153,154,155,1,1,159,1,88,58,13,10
[15.09.2019 20:45:58.556]  Read: 58,49,49,150,85,152,153,154,155,1,1,159,1,88,58,13,10
[15.09.2019 20:45:58.567]  Write: 58,49,49,150,86,152,153,154,155,1,1,217,1,101,58,13,10
[15.09.2019 20:45:58.588]  Read: 58,49,49,150,86,152,153,154,155,1,1,217,1,101,58,13,10
[15.09.2019 20:45:58.599]  Write: 58,49,49,150,87,152,153,154,155,1,1,22,1,227,58,13,10
[15.09.2019 20:45:58.633]  Read: 58,49,49,150,87,152,153,154,155,1,1,22,1,227,58,13,10
[15.09.2019 20:45:58.643]  Write: 58,49,49,150,88,152,153,154,155,1,1,164,1,174,58,13,10
[15.09.2019 20:45:58.668]  Read: 58,49,49,150,88,152,153,154,155,1,1,164,1,174,58,13,10
[15.09.2019 20:45:58.680]  Write: 58,49,49,150,89,152,153,154,155,1,1,10,1,137,58,13,10
[15.09.2019 20:45:58.706]  Read: 58,49,49,150,89,152,153,154,155,1,1,10,1,137,58,13,10
[15.09.2019 20:45:58.720]  Write: 58,49,49,150,90,152,153,154,155,1,1,65,1,244,58,13,10
[15.09.2019 20:45:58.741]  Read: 58,49,49,150,90,152,153,154,155,1,1,65,1,244,58,13,10
[15.09.2019 20:45:58.761]  Write: 58,49,49,150,91,152,153,154,155,1,1,189,1,237,58,13,10
[15.09.2019 20:45:58.784]  Read: 58,49,49,150,91,152,153,154,155,1,1,189,1,237,58,13,10
[15.09.2019 20:45:58.795]  Write: 58,49,49,150,92,152,153,154,155,1,1,71,1,67,58,13,10
[15.09.2019 20:45:58.825]  Read: 58,49,49,150,92,152,153,154,155,1,1,71,1,67,58,13,10
[15.09.2019 20:45:58.850]  Write: 58,49,49,150,93,152,153,154,155,1,1,172,1,154,58,13,10
[15.09.2019 20:45:58.877]  Read: 58,49,49,150,93,152,153,154,155,1,1,172,1,154,58,13,10
[15.09.2019 20:45:58.889]  Write: 58,49,49,150,94,152,153,154,155,1,1,224,1,73,58,13,10
[15.09.2019 20:45:58.920]  Read: 58,49,49,150,94,152,153,154,155,1,1,224,1,73,58,13,10
[15.09.2019 20:45:58.930]  Write: 58,49,49,150,95,152,153,154,155,1,1,125,1,241,58,13,10
[15.09.2019 20:45:58.954]  Read: 58,49,49,150,95,152,153,154,155,1,1,125,1,241,58,13,10
[15.09.2019 20:45:58.968]  Write: 58,49,49,150,96,152,153,154,155,1,1,251,1,114,58,13,10
[15.09.2019 20:45:58.988]  Read: 58,49,49,150,96,152,153,154,155,1,1,251,1,114,58,13,10
[15.09.2019 20:45:58.997]  Write: 58,49,49,150,97,152,153,154,155,1,1,201,1,172,58,13,10
[15.09.2019 20:45:59.022]  Read: 58,49,49,150,97,152,153,154,155,1,1,201,1,172,58,13,10
[15.09.2019 20:45:59.032]  Write: 58,49,49,150,98,152,153,154,155,1,1,221,1,175,58,13,10
[15.09.2019 20:45:59.064]  Read: 58,49,49,150,98,152,153,154,155,1,1,221,1,175,58,13,10
[15.09.2019 20:45:59.073]  Write: 58,49,49,150,99,152,153,154,155,1,1,78,1,122,58,13,10
[15.09.2019 20:45:59.093]  Read: 58,49,49,150,99,152,153,154,155,1,1,78,1,122,58,13,10
[15.09.2019 20:45:59.103]  Write: 58,49,49,150,100,152,153,154,155,1,1,10,1,40,58,13,10
[15.09.2019 20:45:59.123]  Read: 58,49,49,150,100,152,153,154,155,1,1,10,1,40,58,13,10
[15.09.2019 20:45:59.135]  Write: 58,49,49,150,101,152,153,154,155,1,1,254,1,6,58,13,10
[15.09.2019 20:45:59.152]  Read: 58,49,49,150,101,152,153,154,155,1,1,254,1,6,58,13,10
[15.09.2019 20:45:59.161]  Write: 58,49,49,150,102,152,153,154,155,1,1,209,1,173,58,13,10
[15.09.2019 20:45:59.181]  Read: 58,49,49,150,102,152,153,154,155,1,1,209,1,173,58,13,10
[15.09.2019 20:45:59.190]  Write: 58,49,49,150,103,152,153,154,155,1,1,240,1,48,58,13,10
[15.09.2019 20:45:59.213]  Read: 58,49,49,150,103,152,153,154,155,1,1,240,1,48,58,13,10
[15.09.2019 20:45:59.222]  Write: 58,49,49,150,104,152,153,154,155,1,1,250,1,219,58,13,10
[15.09.2019 20:45:59.244]  Read: 58,49,49,150,104,152,153,154,155,1,1,250,1,219,58,13,10
[15.09.2019 20:45:59.253]  Write: 58,49,49,150,105,152,153,154,155,1,1,251,1,154,58,13,10
[15.09.2019 20:45:59.296]  Read: 58,49,49,150,105,152,153,154,155,1,1,251,1,154,58,13,10
[15.09.2019 20:45:59.308]  Write: 58,49,49,150,106,152,153,154,155,1,1,64,1,255,58,13,10
[15.09.2019 20:45:59.331]  Read: 58,49,49,150,106,152,153,154,155,1,1,64,1,255,58,13,10
[15.09.2019 20:45:59.339]  Write: 58,49,49,150,107,152,153,154,155,1,1,204,1,221,58,13,10
[15.09.2019 20:45:59.358]  Read: 58,49,49,150,107,152,153,154,155,1,1,204,1,221,58,13,10
[15.09.2019 20:45:59.370]  Write: 58,49,49,150,108,152,153,154,155,1,1,170,1,138,58,13,10
[15.09.2019 20:45:59.388]  Read: 58,49,49,150,108,152,153,154,155,1,1,170,1,138,58,13,10
[15.09.2019 20:45:59.400]  Write: 58,49,49,150,109,152,153,154,155,1,1,26,1,174,58,13,10
[15.09.2019 20:45:59.424]  Read: 58,49,49,150,109,152,153,154,155,1,1,26,1,174,58,13,10
[15.09.2019 20:45:59.433]  Write: 58,49,49,150,110,152,153,154,155,1,1,236,1,2,58,13,10
[15.09.2019 20:45:59.459]  Read: 58,49,49,150,110,152,153,154,155,1,1,236,1,2,58,13,10
[15.09.2019 20:45:59.471]  Write: 58,49,49,150,111,152,153,154,155,1,1,106,1,206,58,13,10
[15.09.2019 20:45:59.499]  Read: 58,49,49,150,111,152,153,154,155,1,1,106,1,206,58,13,10
